<?xml version="1.0" encoding="UTF-8"?>
<testng-results ignored="0" total="1" passed="1" failed="0" skipped="0">
  <reporter-output>
  </reporter-output>
  <suite started-at="2023-07-03T21:10:47 IST" name="Work Queue tests verification" finished-at="2023-07-03T21:11:19 IST" duration-ms="32057">
    <groups>
      <group name="cucumber">
        <method signature="AbstractTestNGCucumberTests.runScenario(io.cucumber.testng.PickleWrapper,io.cucumber.testng.FeatureWrapper)[pri:0, instance:runners.WorkQueueCucumberRunner@24c1b2d2]" name="runScenario" class="io.cucumber.testng.AbstractTestNGCucumberTests"/>
      </group> <!-- cucumber -->
    </groups>
    <test started-at="2023-07-03T21:10:47 IST" name="Work Queue verification" finished-at="2023-07-03T21:11:19 IST" duration-ms="32057">
      <class name="runners.WorkQueueCucumberRunner">
        <test-method is-config="true" signature="setUpClass(org.testng.ITestContext)[pri:0, instance:runners.WorkQueueCucumberRunner@24c1b2d2]" started-at="2023-07-03T21:10:47 IST" name="setUpClass" finished-at="2023-07-03T21:10:48 IST" duration-ms="510" status="PASS">
          <params>
            <param index="0">
              <value>
                <![CDATA[org.testng.TestRunner@54687fd0]]>
              </value>
            </param>
          </params>
          <reporter-output>
          </reporter-output>
        </test-method> <!-- setUpClass -->
        <test-method is-config="true" signature="beforeClass(java.lang.String)[pri:0, instance:runners.WorkQueueCucumberRunner@24c1b2d2]" started-at="2023-07-03T21:10:48 IST" name="beforeClass" finished-at="2023-07-03T21:10:48 IST" duration-ms="27" status="PASS">
          <params>
            <param index="0">
              <value>
                <![CDATA[properties/config_test.properties]]>
              </value>
            </param>
          </params>
          <reporter-output>
          </reporter-output>
        </test-method> <!-- beforeClass -->
        <test-method is-config="true" signature="startBrowserInstance(java.lang.String,java.lang.String)[pri:0, instance:runners.WorkQueueCucumberRunner@24c1b2d2]" started-at="2023-07-03T21:10:48 IST" name="startBrowserInstance" finished-at="2023-07-03T21:11:02 IST" duration-ms="13794" status="PASS">
          <params>
            <param index="0">
              <value>
                <![CDATA[properties/config_test.properties]]>
              </value>
            </param>
            <param index="1">
              <value>
                <![CDATA[properties/config_test.properties]]>
              </value>
            </param>
          </params>
          <reporter-output>
          </reporter-output>
        </test-method> <!-- startBrowserInstance -->
        <test-method signature="runScenario(io.cucumber.testng.PickleWrapper,io.cucumber.testng.FeatureWrapper)[pri:0, instance:runners.WorkQueueCucumberRunner@24c1b2d2]" started-at="2023-07-03T21:11:02 IST" name="runScenario" description="Runs Cucumber Scenarios" data-provider="scenarios" finished-at="2023-07-03T21:11:13 IST" duration-ms="11240" status="PASS">
          <params>
            <param index="0">
              <value>
                <![CDATA["Checking Navigate to Work Queue Assign Work screen functionality"]]>
              </value>
            </param>
            <param index="1">
              <value>
                <![CDATA["Testing of Work Queue Assign Work functionality"]]>
              </value>
            </param>
          </params>
          <reporter-output>
          </reporter-output>
        </test-method> <!-- runScenario -->
        <test-method is-config="true" signature="closeBrowserInstance(org.testng.ITestResult)[pri:0, instance:runners.WorkQueueCucumberRunner@24c1b2d2]" started-at="2023-07-03T21:11:13 IST" name="closeBrowserInstance" finished-at="2023-07-03T21:11:13 IST" duration-ms="205" status="PASS">
          <params>
            <param index="0">
              <value>
                <![CDATA[[TestResult name=runScenario status=SUCCESS method=AbstractTestNGCucumberTests.runScenario(io.cucumber.testng.PickleWrapper,io.cucumber.testng.FeatureWrapper)[pri:0, instance:runners.WorkQueueCucumberRunner@24c1b2d2] output={null}]]]>
              </value>
            </param>
          </params>
          <reporter-output>
          </reporter-output>
        </test-method> <!-- closeBrowserInstance -->
        <test-method is-config="true" signature="afterClass()[pri:0, instance:runners.WorkQueueCucumberRunner@24c1b2d2]" started-at="2023-07-03T21:11:13 IST" name="afterClass" finished-at="2023-07-03T21:11:16 IST" duration-ms="3112" status="PASS">
          <reporter-output>
          </reporter-output>
        </test-method> <!-- afterClass -->
        <test-method is-config="true" signature="tearDownClass()[pri:0, instance:runners.WorkQueueCucumberRunner@24c1b2d2]" started-at="2023-07-03T21:11:16 IST" name="tearDownClass" finished-at="2023-07-03T21:11:19 IST" duration-ms="2999" status="PASS">
          <reporter-output>
          </reporter-output>
        </test-method> <!-- tearDownClass -->
      </class> <!-- runners.WorkQueueCucumberRunner -->
    </test> <!-- Work Queue verification -->
  </suite> <!-- Work Queue tests verification -->
</testng-results>
