<?xml version="1.0" encoding="UTF-8"?>
<testsuite xmlns:xsi="http://www.w3.org/2001/XMLSchema-instance" xsi:noNamespaceSchemaLocation="https://maven.apache.org/surefire/maven-surefire-plugin/xsd/surefire-test-report.xsd" name="TestSuite" time="4,154.821" tests="43" errors="0" skipped="0" failures="5">
  <properties>
[...]
</properties>
  <testcase name="runScenario" classname="runners.WorkQueueCucumberRunner" time="91.107"/>
  <testcase name="runScenario" classname="runners.WorkQueueCucumberRunner" time="84.921"/>
  <testcase name="runScenario" classname="runners.WorkQueueCucumberRunner" time="78.03"/>
  <testcase name="runScenario" classname="runners.WorkQueueCucumberRunner" time="74.579"/>
  <testcase name="runScenario" classname="runners.WorkQueueCucumberRunner" time="71.535"/>
  <testcase name="runScenario" classname="runners.WorkQueueCucumberRunner" time="78.904"/>
  <testcase name="runScenario" classname="runners.WorkQueueCucumberRunner" time="81.435"/>
  <testcase name="runScenario" classname="runners.WorkQueueCucumberRunner" time="85.081"/>
  <testcase name="runScenario" classname="runners.WorkQueueCucumberRunner" time="83.149"/>
  <testcase name="runScenario" classname="runners.WorkQueueCucumberRunner" time="77.329">
    <failure message="The following asserts failed:&#10;	Items Found is 0 expected [true] but found [false]" type="java.lang.AssertionError">java.lang.AssertionError: 
The following asserts failed:
	Items Found is 0 expected [true] but found [false]
</failure>
    <system-out><![CDATA[ createdDriver ChromeDriver: chrome on WINDOWS (437e09d2a0bd81ebad070a32735438c8)
 driverThreadLocal  java.lang.ThreadLocal@64dc86c6

@WorkQueue @Regression
Scenario: Checking Filter option Assign to of Work Queue Assignments screen functionality # src/test/resources/features/workqueue/assignmentlist/filteroption/WorkQueueFilterOptionScreen.feature:138
  Given User signs in the application                                                     # steps.LoginPageSteps.loginToApplication()
  And Main page is loaded                                                                 # steps.DockManagementSummaryPageSteps.goToDockManagementSummaryPage()
  And DockManagement Summary Page is validated                                            # steps.validations.DockManagementSummaryPageValidations.validateDockManagementSummaryPage()
  And Go to Work Queue Assignments page                                                   # steps.DockManagementSummaryPageSteps.goToWorkQueueAssignmentsPage()
  And Waits for Work Queue Assignments page to load                                       # steps.workqueue.filteroption.WorkQueueAssignmentsPageSteps.waitForWorkQueueAssignmentsPageToLoad()
  When User clicks Add Filter on Work Queue Assignments page                              # steps.workqueue.filteroption.WorkQueueAssignmentsPageSteps.clickAddFilter()
  And User clicks Clear All on Work Queue Assignments page                                # steps.workqueue.filteroption.WorkQueueAssignmentsPageSteps.clickClearAllButton()
  Then User clicks Add Filter on Work Queue Assignments page                              # steps.workqueue.filteroption.WorkQueueAssignmentsPageSteps.clickAddFilter()
  And User checks Assign To Filter on Work Queue Assignments page                         # steps.workqueue.filteroption.WorkQueueAssignmentsPageSteps.checkAssignToFilterCheckBox()
  And Types filter "FRANR - Fran Rifkin" on Work Queue Assignments page                   # steps.workqueue.filteroption.WorkQueueAssignmentsPageSteps.typeFilter(java.lang.String)
  And Clicks Apply button on Work Queue Assignments page                                  # steps.workqueue.filteroption.WorkQueueAssignmentsPageSteps.clickApplyButton()
  And User clicks Assignments Title on Work Queue Assignments page                        # steps.workqueue.filteroption.WorkQueueAssignmentsPageSteps.clickAssignmentsTitle()
  And Validates Grid items are present on Work Queue Assignments page                     # steps.validations.workqueue.filteroption.WorkQueueAssignmentsPageValidations.validateGridItemsPresent()
      java.lang.AssertionError: The following asserts failed:
	Items Found is 0 expected [true] but found [false]
	at org.testng.asserts.SoftAssert.assertAll(SoftAssert.java:46)
	at org.testng.asserts.SoftAssert.assertAll(SoftAssert.java:30)
	at steps.validations.workqueue.filteroption.WorkQueueAssignmentsPageValidations.validateGridItemsPresent(WorkQueueAssignmentsPageValidations.java:30)
	at вњЅ.Validates Grid items are present on Work Queue Assignments page(file:///C:/Users/Irina.Holovan/Documents/ignition-qa/AFS_Automation/WMS_Automation/src/test/resources/features/workqueue/assignmentlist/filteroption/WorkQueueFilterOptionScreen.feature:151)

]]></system-out>
    <system-err><![CDATA[Jul 17, 2023 6:00:39 PM org.openqa.selenium.remote.RemoteWebDriver checkNonW3CCapabilities
WARNING: Support for Legacy Capabilities is deprecated; You are sending the following invalid capabilities: [download.directory_upgrade, download.prompt_for_download, safebrowsing.enabled]; Please update to W3C Syntax: https://www.selenium.dev/blog/2022/legacy-protocol-support/
Starting ChromeDriver 114.0.5735.90 (386bc09e8f4f2e025eddae123f36f6263096ae49-refs/branch-heads/5735@{#1052}) on port 24126
Only local connections are allowed.
Please see https://chromedriver.chromium.org/security-considerations for suggestions on keeping ChromeDriver safe.
ChromeDriver was started successfully.
Jul 17, 2023 6:00:40 PM org.openqa.selenium.remote.ProtocolHandshake createSession
WARNING: Support for Legacy Capabilities is deprecated; You are sending the following invalid capabilities: [download.directory_upgrade, download.prompt_for_download, safebrowsing.enabled]; Please update to W3C Syntax: https://www.selenium.dev/blog/2022/legacy-protocol-support/
Jul 17, 2023 6:00:40 PM org.openqa.selenium.devtools.CdpVersionFinder findNearestMatch
WARNING: Unable to find CDP implementation matching 114
Jul 17, 2023 6:00:40 PM org.openqa.selenium.chromium.ChromiumDriver lambda$new$3
WARNING: Unable to find version of CDP to use for . You may need to include a dependency on a specific version of the CDP using something similar to `org.seleniumhq.selenium:selenium-devtools-v86:4.8.0` where the version ("v86") matches the version of the chromium-based browser you're using and the version number of the artifact is the same as Selenium's.
]]></system-err>
  </testcase>
  <testcase name="runScenario" classname="runners.WorkQueueCucumberRunner" time="74.547"/>
  <testcase name="runScenario" classname="runners.WorkQueueCucumberRunner" time="83.691"/>
  <testcase name="runScenario" classname="runners.WorkQueueCucumberRunner" time="76.858"/>
  <testcase name="runScenario" classname="runners.WorkQueueCucumberRunner" time="72.456"/>
  <testcase name="runScenario" classname="runners.WorkQueueCucumberRunner" time="82.523"/>
  <testcase name="runScenario" classname="runners.WorkQueueCucumberRunner" time="186.14">
    <failure message="Expected condition failed: waiting for visibility of element located by By.xpath: //input[contains(@id, &apos;Pick Dry&apos;)] (tried for 100 second(s) with 1000 milliseconds interval)&#10;Build info: version: &apos;4.8.0&apos;, revision: &apos;267030adea&apos;&#10;System info: os.name: &apos;Windows 10&apos;, os.arch: &apos;amd64&apos;, os.version: &apos;10.0&apos;, java.version: &apos;11.0.2&apos;&#10;Driver info: driver.version: unknown" type="org.openqa.selenium.TimeoutException">org.openqa.selenium.TimeoutException: 
Expected condition failed: waiting for visibility of element located by By.xpath: //input[contains(@id, 'Pick Dry')] (tried for 100 second(s) with 1000 milliseconds interval)
Build info: version: '4.8.0', revision: '267030adea'
System info: os.name: 'Windows 10', os.arch: 'amd64', os.version: '10.0', java.version: '11.0.2'
Driver info: driver.version: unknown
</failure>
    <system-out><![CDATA[ createdDriver ChromeDriver: chrome on WINDOWS (a7430c4225ed09450a27fb8f14bacbf8)
 driverThreadLocal  java.lang.ThreadLocal@64dc86c6

@WorkQueue @Regression
Scenario: Checking Filter option Assignment type of Work Queue Assignments screen functionality # src/test/resources/features/workqueue/assignmentlist/filteroption/WorkQueueFilterOptionScreen.feature:228
  Given User signs in the application                                                           # steps.LoginPageSteps.loginToApplication()
  And Main page is loaded                                                                       # steps.DockManagementSummaryPageSteps.goToDockManagementSummaryPage()
  And DockManagement Summary Page is validated                                                  # steps.validations.DockManagementSummaryPageValidations.validateDockManagementSummaryPage()
  And Go to Work Queue Assignments page                                                         # steps.DockManagementSummaryPageSteps.goToWorkQueueAssignmentsPage()
  And Waits for Work Queue Assignments page to load                                             # steps.workqueue.filteroption.WorkQueueAssignmentsPageSteps.waitForWorkQueueAssignmentsPageToLoad()
  When User clicks Add Filter on Work Queue Assignments page                                    # steps.workqueue.filteroption.WorkQueueAssignmentsPageSteps.clickAddFilter()
  And User clicks Clear All on Work Queue Assignments page                                      # steps.workqueue.filteroption.WorkQueueAssignmentsPageSteps.clickClearAllButton()
  And User clicks Add Filter on Work Queue Assignments page                                     # steps.workqueue.filteroption.WorkQueueAssignmentsPageSteps.clickAddFilter()
  Then User checks Assignment Type Filter on Work Queue Assignments page                        # steps.workqueue.filteroption.WorkQueueAssignmentsPageSteps.checkAssignmentTypeFilterCheckBox()
  And Checks Assignment type Pick Dry on Work Queue Assignments page                            # steps.workqueue.filteroption.WorkQueueAssignmentsPageSteps.clickAssignmentTypePickDry()
      org.openqa.selenium.TimeoutException: Expected condition failed: waiting for visibility of element located by By.xpath: //input[contains(@id, 'Pick Dry')] (tried for 100 second(s) with 1000 milliseconds interval)
Build info: version: '4.8.0', revision: '267030adea'
System info: os.name: 'Windows 10', os.arch: 'amd64', os.version: '10.0', java.version: '11.0.2'
Driver info: driver.version: unknown
	at org.openqa.selenium.support.ui.FluentWait.timeoutException(FluentWait.java:263)
	at org.openqa.selenium.support.ui.FluentWait.until(FluentWait.java:231)
	at common.utils.Waiters.waitForElementToBeDisplay(Waiters.java:70)
	at ui.pages.workqueue.assignmentlist.filteroption.WorkQueueAssignmentsPage.clickAssignmentTypePickDry(WorkQueueAssignmentsPage.java:247)
	at steps.workqueue.filteroption.WorkQueueAssignmentsPageSteps.clickAssignmentTypePickDry(WorkQueueAssignmentsPageSteps.java:366)
	at вњЅ.Checks Assignment type Pick Dry on Work Queue Assignments page(file:///C:/Users/Irina.Holovan/Documents/ignition-qa/AFS_Automation/WMS_Automation/src/test/resources/features/workqueue/assignmentlist/filteroption/WorkQueueFilterOptionScreen.feature:238)

  And User clicks Assignments Title on Work Queue Assignments page                              # steps.workqueue.filteroption.WorkQueueAssignmentsPageSteps.clickAssignmentsTitle()
  And Validates Grid items are present on Work Queue Assignments page                           # steps.validations.workqueue.filteroption.WorkQueueAssignmentsPageValidations.validateGridItemsPresent()
]]></system-out>
    <system-err><![CDATA[Jul 17, 2023 6:09:27 PM org.openqa.selenium.remote.RemoteWebDriver checkNonW3CCapabilities
WARNING: Support for Legacy Capabilities is deprecated; You are sending the following invalid capabilities: [download.directory_upgrade, download.prompt_for_download, safebrowsing.enabled]; Please update to W3C Syntax: https://www.selenium.dev/blog/2022/legacy-protocol-support/
Starting ChromeDriver 114.0.5735.90 (386bc09e8f4f2e025eddae123f36f6263096ae49-refs/branch-heads/5735@{#1052}) on port 9430
Only local connections are allowed.
Please see https://chromedriver.chromium.org/security-considerations for suggestions on keeping ChromeDriver safe.
ChromeDriver was started successfully.
Jul 17, 2023 6:09:29 PM org.openqa.selenium.remote.ProtocolHandshake createSession
WARNING: Support for Legacy Capabilities is deprecated; You are sending the following invalid capabilities: [download.directory_upgrade, download.prompt_for_download, safebrowsing.enabled]; Please update to W3C Syntax: https://www.selenium.dev/blog/2022/legacy-protocol-support/
Jul 17, 2023 6:09:29 PM org.openqa.selenium.devtools.CdpVersionFinder findNearestMatch
WARNING: Unable to find CDP implementation matching 114
Jul 17, 2023 6:09:29 PM org.openqa.selenium.chromium.ChromiumDriver lambda$new$3
WARNING: Unable to find version of CDP to use for . You may need to include a dependency on a specific version of the CDP using something similar to `org.seleniumhq.selenium:selenium-devtools-v86:4.8.0` where the version ("v86") matches the version of the chromium-based browser you're using and the version number of the artifact is the same as Selenium's.
]]></system-err>
  </testcase>
  <testcase name="runScenario" classname="runners.WorkQueueCucumberRunner" time="73.188"/>
  <testcase name="runScenario" classname="runners.WorkQueueCucumberRunner" time="79.495"/>
  <testcase name="runScenario" classname="runners.WorkQueueCucumberRunner" time="73.696"/>
  <testcase name="runScenario" classname="runners.WorkQueueCucumberRunner" time="76.515"/>
  <testcase name="runScenario" classname="runners.WorkQueueCucumberRunner" time="75.772"/>
  <testcase name="runScenario" classname="runners.WorkQueueCucumberRunner" time="123.679"/>
  <testcase name="runScenario" classname="runners.WorkQueueCucumberRunner" time="65.815">
    <failure message="The following asserts failed:&#10;	Warning Message is not correct expected [Delete selected assignment?] but found [Delete]" type="java.lang.AssertionError">java.lang.AssertionError: 
The following asserts failed:
	Warning Message is not correct expected [Delete selected assignment?] but found [Delete]
</failure>
    <system-out><![CDATA[ createdDriver ChromeDriver: chrome on WINDOWS (c17fd3d7f098d4d621b92f3d27eec035)
 driverThreadLocal  java.lang.ThreadLocal@64dc86c6

@WorkQueue @Regression
Scenario: Checking Assignment Delete of Work Queue Assignments screen functionality                          # src/test/resources/features/workqueue/assignmentlist/filteroption/WorkQueueFilterOptionScreen.feature:342
  Given User signs in the application                                                                        # steps.LoginPageSteps.loginToApplication()
  And Main page is loaded                                                                                    # steps.DockManagementSummaryPageSteps.goToDockManagementSummaryPage()
  And DockManagement Summary Page is validated                                                               # steps.validations.DockManagementSummaryPageValidations.validateDockManagementSummaryPage()
  And Go to Work Queue Assignments page                                                                      # steps.DockManagementSummaryPageSteps.goToWorkQueueAssignmentsPage()
  And Waits for Work Queue Assignments page to load                                                          # steps.workqueue.filteroption.WorkQueueAssignmentsPageSteps.waitForWorkQueueAssignmentsPageToLoad()
  When Checks assignment with index 0 on Work Queue Assignments page                                         # steps.workqueue.filteroption.WorkQueueAssignmentsPageSteps.checkAssignmentByAssignmentIndex(int)
  And User clicks Delete Assignment on Work Queue Assignments page                                           # steps.workqueue.filteroption.WorkQueueAssignmentsPageSteps.clickDeleteAssignment()
  And Validates "Delete selected assignment?" message content on dialog popup on Work Queue Assignments page # steps.validations.workqueue.filteroption.WorkQueueAssignmentsPageValidations.validateWarningMessage(java.lang.String)
      java.lang.AssertionError: The following asserts failed:
	Warning Message is not correct expected [Delete selected assignment?] but found [Delete]
	at org.testng.asserts.SoftAssert.assertAll(SoftAssert.java:46)
	at org.testng.asserts.SoftAssert.assertAll(SoftAssert.java:30)
	at steps.validations.workqueue.filteroption.WorkQueueAssignmentsPageValidations.validateWarningMessage(WorkQueueAssignmentsPageValidations.java:99)
	at вњЅ.Validates "Delete selected assignment?" message content on dialog popup on Work Queue Assignments page(file:///C:/Users/Irina.Holovan/Documents/ignition-qa/AFS_Automation/WMS_Automation/src/test/resources/features/workqueue/assignmentlist/filteroption/WorkQueueFilterOptionScreen.feature:350)

  And Validates Assignment popup Cancel and OK buttons are present on Work Queue Assignments page            # steps.validations.workqueue.filteroption.WorkQueueAssignmentsPageValidations.validateAssignmentPopupButtonsPresent()
  And Clicks Cancel Button for Assignment on Work Queue Assignments page                                     # steps.workqueue.filteroption.WorkQueueAssignmentsPageSteps.clickCancelButton()
  Then Checks assignment with index 1 on Work Queue Assignments page                                         # steps.workqueue.filteroption.WorkQueueAssignmentsPageSteps.checkAssignmentByAssignmentIndex(int)
  And Checks assignment with index 2 on Work Queue Assignments page                                          # steps.workqueue.filteroption.WorkQueueAssignmentsPageSteps.checkAssignmentByAssignmentIndex(int)
  And User clicks Delete Assignment on Work Queue Assignments page                                           # steps.workqueue.filteroption.WorkQueueAssignmentsPageSteps.clickDeleteAssignment()
  And Validates "Delete selected assignment?" message content on dialog popup on Work Queue Assignments page # steps.validations.workqueue.filteroption.WorkQueueAssignmentsPageValidations.validateWarningMessage(java.lang.String)
  And Validates Assignment popup Cancel and OK buttons are present on Work Queue Assignments page            # steps.validations.workqueue.filteroption.WorkQueueAssignmentsPageValidations.validateAssignmentPopupButtonsPresent()
  And Clicks Cancel Button for Assignment on Work Queue Assignments page                                     # steps.workqueue.filteroption.WorkQueueAssignmentsPageSteps.clickCancelButton()
]]></system-out>
    <system-err><![CDATA[Jul 17, 2023 6:22:07 PM org.openqa.selenium.remote.RemoteWebDriver checkNonW3CCapabilities
WARNING: Support for Legacy Capabilities is deprecated; You are sending the following invalid capabilities: [download.directory_upgrade, download.prompt_for_download, safebrowsing.enabled]; Please update to W3C Syntax: https://www.selenium.dev/blog/2022/legacy-protocol-support/
Starting ChromeDriver 114.0.5735.90 (386bc09e8f4f2e025eddae123f36f6263096ae49-refs/branch-heads/5735@{#1052}) on port 16056
Only local connections are allowed.
Please see https://chromedriver.chromium.org/security-considerations for suggestions on keeping ChromeDriver safe.
ChromeDriver was started successfully.
Jul 17, 2023 6:22:08 PM org.openqa.selenium.remote.ProtocolHandshake createSession
WARNING: Support for Legacy Capabilities is deprecated; You are sending the following invalid capabilities: [download.directory_upgrade, download.prompt_for_download, safebrowsing.enabled]; Please update to W3C Syntax: https://www.selenium.dev/blog/2022/legacy-protocol-support/
Jul 17, 2023 6:22:08 PM org.openqa.selenium.devtools.CdpVersionFinder findNearestMatch
WARNING: Unable to find CDP implementation matching 114
Jul 17, 2023 6:22:08 PM org.openqa.selenium.chromium.ChromiumDriver lambda$new$3
WARNING: Unable to find version of CDP to use for . You may need to include a dependency on a specific version of the CDP using something similar to `org.seleniumhq.selenium:selenium-devtools-v86:4.8.0` where the version ("v86") matches the version of the chromium-based browser you're using and the version number of the artifact is the same as Selenium's.
]]></system-err>
  </testcase>
  <testcase name="runScenario" classname="runners.WorkQueueCucumberRunner" time="127.947">
    <failure type="java.lang.StackOverflowError">java.lang.StackOverflowError
</failure>
    <system-out><![CDATA[ createdDriver ChromeDriver: chrome on WINDOWS (c220bf942a15f133bbeadad8c7f9c13f)
 driverThreadLocal  java.lang.ThreadLocal@64dc86c6

@WorkQueue @Regression
Scenario: Checking Assignment Release of Work Queue Assignments screen functionality                # src/test/resources/features/workqueue/assignmentlist/filteroption/WorkQueueFilterOptionScreen.feature:360
  Given User signs in the application                                                               # steps.LoginPageSteps.loginToApplication()
  And Main page is loaded                                                                           # steps.DockManagementSummaryPageSteps.goToDockManagementSummaryPage()
  And DockManagement Summary Page is validated                                                      # steps.validations.DockManagementSummaryPageValidations.validateDockManagementSummaryPage()
  And Go to Work Queue Assignments page                                                             # steps.DockManagementSummaryPageSteps.goToWorkQueueAssignmentsPage()
  And Waits for Work Queue Assignments page to load                                                 # steps.workqueue.filteroption.WorkQueueAssignmentsPageSteps.waitForWorkQueueAssignmentsPageToLoad()
  When Checks assignment with index 0 on Work Queue Assignments page                                # steps.workqueue.filteroption.WorkQueueAssignmentsPageSteps.checkAssignmentByAssignmentIndex(int)
  And User clicks Release Assignment on Work Queue Assignments page                                 # steps.workqueue.filteroption.WorkQueueAssignmentsPageSteps.clickReleaseAssignment()
  And Validates Release Assignment elements are present on Work Queue Assignments page              # steps.validations.workqueue.filteroption.WorkQueueAssignmentsPageValidations.validateReleaseAssignmentPopup()
  And Validates "Assignments" message content on dialog popup on Work Queue Assignments page        # steps.validations.workqueue.filteroption.WorkQueueAssignmentsPageValidations.validateWarningMessage(java.lang.String)
  And Validates current date and time for Release Assignment on Work Queue Assignments page         # steps.validations.workqueue.filteroption.WorkQueueAssignmentsPageValidations.validateReleaseDateAndTime()
  And Validates Assignment popup Cancel and Save buttons are present on Work Queue Assignments page # steps.validations.workqueue.filteroption.WorkQueueAssignmentsPageValidations.validateAssignmentPopupButtons()
  Then User enters calendar day "13" for Assignment Release Date on Work Queue Assignments page     # steps.workqueue.filteroption.WorkQueueAssignmentsPageSteps.enterReleaseDate(java.lang.String)
  And User enters calendar time "14:00" for Assignment Release Date on Work Queue Assignments page  # steps.workqueue.filteroption.WorkQueueAssignmentsPageSteps.enterReleaseTime(java.lang.String)
  And Clicks Save Button for Assignment on Work Queue Assignments page                              # steps.workqueue.filteroption.WorkQueueAssignmentsPageSteps.clickSaveButton()
  And Validates Successful message "Success" on Work Queue Assignments page                         # steps.validations.workqueue.filteroption.WorkQueueAssignmentsPageValidations.validateSuccessfulNotification(java.lang.String)
  And Checks assignment with index 0 on Work Queue Assignments page                                 # steps.workqueue.filteroption.WorkQueueAssignmentsPageSteps.checkAssignmentByAssignmentIndex(int)
  And User clicks Release Assignment on Work Queue Assignments page                                 # steps.workqueue.filteroption.WorkQueueAssignmentsPageSteps.clickReleaseAssignment()
      java.lang.StackOverflowError
	at ui.pages.BasePage.clickOnElement(BasePage.java:137)
	at ui.pages.BasePage.clickOnElement(BasePage.java:135)
	at ui.pages.BasePage.clickOnElement(BasePage.java:135)
	at ui.pages.BasePage.clickOnElement(BasePage.java:135)
	at ui.pages.BasePage.clickOnElement(BasePage.java:135)
	at ui.pages.BasePage.clickOnElement(BasePage.java:135)
	at ui.pages.BasePage.clickOnElement(BasePage.java:135)
	at ui.pages.BasePage.clickOnElement(BasePage.java:135)
	at ui.pages.BasePage.clickOnElement(BasePage.java:135)
	at ui.pages.BasePage.clickOnElement(BasePage.java:135)
	at ui.pages.BasePage.clickOnElement(BasePage.java:135)
	at ui.pages.BasePage.clickOnElement(BasePage.java:135)
	at ui.pages.BasePage.clickOnElement(BasePage.java:135)
	at ui.pages.BasePage.clickOnElement(BasePage.java:135)
	at ui.pages.BasePage.clickOnElement(BasePage.java:135)
	at ui.pages.BasePage.clickOnElement(BasePage.java:135)
	at ui.pages.BasePage.clickOnElement(BasePage.java:135)
	at ui.pages.BasePage.clickOnElement(BasePage.java:135)
	at ui.pages.BasePage.clickOnElement(BasePage.java:135)
	at ui.pages.BasePage.clickOnElement(BasePage.java:135)
	at ui.pages.BasePage.clickOnElement(BasePage.java:135)
	at ui.pages.BasePage.clickOnElement(BasePage.java:135)
	at ui.pages.BasePage.clickOnElement(BasePage.java:135)
	at ui.pages.BasePage.clickOnElement(BasePage.java:135)
	at ui.pages.BasePage.clickOnElement(BasePage.java:135)
	at ui.pages.BasePage.clickOnElement(BasePage.java:135)
	at ui.pages.BasePage.clickOnElement(BasePage.java:135)
	at ui.pages.BasePage.clickOnElement(BasePage.java:135)
	at ui.pages.BasePage.clickOnElement(BasePage.java:135)
	at ui.pages.BasePage.clickOnElement(BasePage.java:135)
	at ui.pages.BasePage.clickOnElement(BasePage.java:135)
	at ui.pages.BasePage.clickOnElement(BasePage.java:135)
	at ui.pages.BasePage.clickOnElement(BasePage.java:135)
	at ui.pages.BasePage.clickOnElement(BasePage.java:135)
	at ui.pages.BasePage.clickOnElement(BasePage.java:135)
	at ui.pages.BasePage.clickOnElement(BasePage.java:135)
	at ui.pages.BasePage.clickOnElement(BasePage.java:135)
	at ui.pages.BasePage.clickOnElement(BasePage.java:135)
	at ui.pages.BasePage.clickOnElement(BasePage.java:135)
	at ui.pages.BasePage.clickOnElement(BasePage.java:135)
	at ui.pages.BasePage.clickOnElement(BasePage.java:135)
	at ui.pages.BasePage.clickOnElement(BasePage.java:135)
	at ui.pages.BasePage.clickOnElement(BasePage.java:135)
	at ui.pages.BasePage.clickOnElement(BasePage.java:135)
	at ui.pages.BasePage.clickOnElement(BasePage.java:135)
	at ui.pages.BasePage.clickOnElement(BasePage.java:135)
	at ui.pages.BasePage.clickOnElement(BasePage.java:135)
	at ui.pages.BasePage.clickOnElement(BasePage.java:135)
	at ui.pages.BasePage.clickOnElement(BasePage.java:135)
	at ui.pages.BasePage.clickOnElement(BasePage.java:135)
	at ui.pages.BasePage.clickOnElement(BasePage.java:135)
	at ui.pages.BasePage.clickOnElement(BasePage.java:135)
	at ui.pages.BasePage.clickOnElement(BasePage.java:135)
	at ui.pages.BasePage.clickOnElement(BasePage.java:135)
	at ui.pages.BasePage.clickOnElement(BasePage.java:135)
	at ui.pages.BasePage.clickOnElement(BasePage.java:135)
	at ui.pages.BasePage.clickOnElement(BasePage.java:135)
	at ui.pages.BasePage.clickOnElement(BasePage.java:135)
	at ui.pages.BasePage.clickOnElement(BasePage.java:135)
	at ui.pages.BasePage.clickOnElement(BasePage.java:135)
	at ui.pages.BasePage.clickOnElement(BasePage.java:135)
	at ui.pages.BasePage.clickOnElement(BasePage.java:135)
	at ui.pages.BasePage.clickOnElement(BasePage.java:135)
	at ui.pages.BasePage.clickOnElement(BasePage.java:135)
	at ui.pages.BasePage.clickOnElement(BasePage.java:135)
	at ui.pages.BasePage.clickOnElement(BasePage.java:135)
	at ui.pages.BasePage.clickOnElement(BasePage.java:135)
	at ui.pages.BasePage.clickOnElement(BasePage.java:135)
	at ui.pages.BasePage.clickOnElement(BasePage.java:135)
	at ui.pages.BasePage.clickOnElement(BasePage.java:135)
	at ui.pages.BasePage.clickOnElement(BasePage.java:135)
	at ui.pages.BasePage.clickOnElement(BasePage.java:135)
	at ui.pages.BasePage.clickOnElement(BasePage.java:135)
	at ui.pages.BasePage.clickOnElement(BasePage.java:135)
	at ui.pages.BasePage.clickOnElement(BasePage.java:135)
	at ui.pages.BasePage.clickOnElement(BasePage.java:135)
	at ui.pages.BasePage.clickOnElement(BasePage.java:135)
	at ui.pages.BasePage.clickOnElement(BasePage.java:135)
	at ui.pages.BasePage.clickOnElement(BasePage.java:135)
	at ui.pages.BasePage.clickOnElement(BasePage.java:135)
	at ui.pages.BasePage.clickOnElement(BasePage.java:135)
	at ui.pages.BasePage.clickOnElement(BasePage.java:135)
	at ui.pages.BasePage.clickOnElement(BasePage.java:135)
	at ui.pages.BasePage.clickOnElement(BasePage.java:135)
	at ui.pages.BasePage.clickOnElement(BasePage.java:135)
	at ui.pages.BasePage.clickOnElement(BasePage.java:135)
	at ui.pages.BasePage.clickOnElement(BasePage.java:135)
	at ui.pages.BasePage.clickOnElement(BasePage.java:135)
	at ui.pages.BasePage.clickOnElement(BasePage.java:135)
	at ui.pages.BasePage.clickOnElement(BasePage.java:135)
	at ui.pages.BasePage.clickOnElement(BasePage.java:135)
	at ui.pages.BasePage.clickOnElement(BasePage.java:135)
	at ui.pages.BasePage.clickOnElement(BasePage.java:135)
	at ui.pages.BasePage.clickOnElement(BasePage.java:135)
	at ui.pages.BasePage.clickOnElement(BasePage.java:135)
	at ui.pages.BasePage.clickOnElement(BasePage.java:135)
	at ui.pages.BasePage.clickOnElement(BasePage.java:135)
	at ui.pages.BasePage.clickOnElement(BasePage.java:135)
	at ui.pages.BasePage.clickOnElement(BasePage.java:135)
	at ui.pages.BasePage.clickOnElement(BasePage.java:135)
	at ui.pages.BasePage.clickOnElement(BasePage.java:135)
	at ui.pages.BasePage.clickOnElement(BasePage.java:135)
	at ui.pages.BasePage.clickOnElement(BasePage.java:135)
	at ui.pages.BasePage.clickOnElement(BasePage.java:135)
	at ui.pages.BasePage.clickOnElement(BasePage.java:135)
	at ui.pages.BasePage.clickOnElement(BasePage.java:135)
	at ui.pages.BasePage.clickOnElement(BasePage.java:135)
	at ui.pages.BasePage.clickOnElement(BasePage.java:135)
	at ui.pages.BasePage.clickOnElement(BasePage.java:135)
	at ui.pages.BasePage.clickOnElement(BasePage.java:135)
	at ui.pages.BasePage.clickOnElement(BasePage.java:135)
	at ui.pages.BasePage.clickOnElement(BasePage.java:135)
	at ui.pages.BasePage.clickOnElement(BasePage.java:135)
	at ui.pages.BasePage.clickOnElement(BasePage.java:135)
	at ui.pages.BasePage.clickOnElement(BasePage.java:135)
	at ui.pages.BasePage.clickOnElement(BasePage.java:135)
	at ui.pages.BasePage.clickOnElement(BasePage.java:135)
	at ui.pages.BasePage.clickOnElement(BasePage.java:135)
	at ui.pages.BasePage.clickOnElement(BasePage.java:135)
	at ui.pages.BasePage.clickOnElement(BasePage.java:135)
	at ui.pages.BasePage.clickOnElement(BasePage.java:135)
	at ui.pages.BasePage.clickOnElement(BasePage.java:135)
	at ui.pages.BasePage.clickOnElement(BasePage.java:135)
	at ui.pages.BasePage.clickOnElement(BasePage.java:135)
	at ui.pages.BasePage.clickOnElement(BasePage.java:135)
	at ui.pages.BasePage.clickOnElement(BasePage.java:135)
	at ui.pages.BasePage.clickOnElement(BasePage.java:135)
	at ui.pages.BasePage.clickOnElement(BasePage.java:135)
	at ui.pages.BasePage.clickOnElement(BasePage.java:135)
	at ui.pages.BasePage.clickOnElement(BasePage.java:135)
	at ui.pages.BasePage.clickOnElement(BasePage.java:135)
	at ui.pages.BasePage.clickOnElement(BasePage.java:135)
	at ui.pages.BasePage.clickOnElement(BasePage.java:135)
	at ui.pages.BasePage.clickOnElement(BasePage.java:135)
	at ui.pages.BasePage.clickOnElement(BasePage.java:135)
	at ui.pages.BasePage.clickOnElement(BasePage.java:135)
	at ui.pages.BasePage.clickOnElement(BasePage.java:135)
	at ui.pages.BasePage.clickOnElement(BasePage.java:135)
	at ui.pages.BasePage.clickOnElement(BasePage.java:135)
	at ui.pages.BasePage.clickOnElement(BasePage.java:135)
	at ui.pages.BasePage.clickOnElement(BasePage.java:135)
	at ui.pages.BasePage.clickOnElement(BasePage.java:135)
	at ui.pages.BasePage.clickOnElement(BasePage.java:135)
	at ui.pages.BasePage.clickOnElement(BasePage.java:135)
	at ui.pages.BasePage.clickOnElement(BasePage.java:135)
	at ui.pages.BasePage.clickOnElement(BasePage.java:135)
	at ui.pages.BasePage.clickOnElement(BasePage.java:135)
	at ui.pages.BasePage.clickOnElement(BasePage.java:135)
	at ui.pages.BasePage.clickOnElement(BasePage.java:135)
	at ui.pages.BasePage.clickOnElement(BasePage.java:135)
	at ui.pages.BasePage.clickOnElement(BasePage.java:135)
	at ui.pages.BasePage.clickOnElement(BasePage.java:135)
	at ui.pages.BasePage.clickOnElement(BasePage.java:135)
	at ui.pages.BasePage.clickOnElement(BasePage.java:135)
	at ui.pages.BasePage.clickOnElement(BasePage.java:135)
	at ui.pages.BasePage.clickOnElement(BasePage.java:135)
	at ui.pages.BasePage.clickOnElement(BasePage.java:135)
	at ui.pages.BasePage.clickOnElement(BasePage.java:135)
	at ui.pages.BasePage.clickOnElement(BasePage.java:135)
	at ui.pages.BasePage.clickOnElement(BasePage.java:135)
	at ui.pages.BasePage.clickOnElement(BasePage.java:135)
	at ui.pages.BasePage.clickOnElement(BasePage.java:135)
	at ui.pages.BasePage.clickOnElement(BasePage.java:135)
	at ui.pages.BasePage.clickOnElement(BasePage.java:135)
	at ui.pages.BasePage.clickOnElement(BasePage.java:135)
	at ui.pages.BasePage.clickOnElement(BasePage.java:135)
	at ui.pages.BasePage.clickOnElement(BasePage.java:135)
	at ui.pages.BasePage.clickOnElement(BasePage.java:135)
	at ui.pages.BasePage.clickOnElement(BasePage.java:135)
	at ui.pages.BasePage.clickOnElement(BasePage.java:135)
	at ui.pages.BasePage.clickOnElement(BasePage.java:135)
	at ui.pages.BasePage.clickOnElement(BasePage.java:135)
	at ui.pages.BasePage.clickOnElement(BasePage.java:135)
	at ui.pages.BasePage.clickOnElement(BasePage.java:135)
	at ui.pages.BasePage.clickOnElement(BasePage.java:135)
	at ui.pages.BasePage.clickOnElement(BasePage.java:135)
	at ui.pages.BasePage.clickOnElement(BasePage.java:135)
	at ui.pages.BasePage.clickOnElement(BasePage.java:135)
	at ui.pages.BasePage.clickOnElement(BasePage.java:135)
	at ui.pages.BasePage.clickOnElement(BasePage.java:135)
	at ui.pages.BasePage.clickOnElement(BasePage.java:135)
	at ui.pages.BasePage.clickOnElement(BasePage.java:135)
	at ui.pages.BasePage.clickOnElement(BasePage.java:135)
	at ui.pages.BasePage.clickOnElement(BasePage.java:135)
	at ui.pages.BasePage.clickOnElement(BasePage.java:135)
	at ui.pages.BasePage.clickOnElement(BasePage.java:135)
	at ui.pages.BasePage.clickOnElement(BasePage.java:135)
	at ui.pages.BasePage.clickOnElement(BasePage.java:135)
	at ui.pages.BasePage.clickOnElement(BasePage.java:135)
	at ui.pages.BasePage.clickOnElement(BasePage.java:135)
	at ui.pages.BasePage.clickOnElement(BasePage.java:135)
	at ui.pages.BasePage.clickOnElement(BasePage.java:135)
	at ui.pages.BasePage.clickOnElement(BasePage.java:135)
	at ui.pages.BasePage.clickOnElement(BasePage.java:135)
	at ui.pages.BasePage.clickOnElement(BasePage.java:135)
	at ui.pages.BasePage.clickOnElement(BasePage.java:135)
	at ui.pages.BasePage.clickOnElement(BasePage.java:135)
	at ui.pages.BasePage.clickOnElement(BasePage.java:135)
	at ui.pages.BasePage.clickOnElement(BasePage.java:135)
	at ui.pages.BasePage.clickOnElement(BasePage.java:135)
	at ui.pages.BasePage.clickOnElement(BasePage.java:135)
	at ui.pages.BasePage.clickOnElement(BasePage.java:135)
	at ui.pages.BasePage.clickOnElement(BasePage.java:135)
	at ui.pages.BasePage.clickOnElement(BasePage.java:135)
	at ui.pages.BasePage.clickOnElement(BasePage.java:135)
	at ui.pages.BasePage.clickOnElement(BasePage.java:135)
	at ui.pages.BasePage.clickOnElement(BasePage.java:135)
	at ui.pages.BasePage.clickOnElement(BasePage.java:135)
	at ui.pages.BasePage.clickOnElement(BasePage.java:135)
	at ui.pages.BasePage.clickOnElement(BasePage.java:135)
	at ui.pages.BasePage.clickOnElement(BasePage.java:135)
	at ui.pages.BasePage.clickOnElement(BasePage.java:135)
	at ui.pages.BasePage.clickOnElement(BasePage.java:135)
	at ui.pages.BasePage.clickOnElement(BasePage.java:135)
	at ui.pages.BasePage.clickOnElement(BasePage.java:135)
	at ui.pages.BasePage.clickOnElement(BasePage.java:135)
	at ui.pages.BasePage.clickOnElement(BasePage.java:135)
	at ui.pages.BasePage.clickOnElement(BasePage.java:135)
	at ui.pages.BasePage.clickOnElement(BasePage.java:135)
	at ui.pages.BasePage.clickOnElement(BasePage.java:135)
	at ui.pages.BasePage.clickOnElement(BasePage.java:135)
	at ui.pages.BasePage.clickOnElement(BasePage.java:135)
	at ui.pages.BasePage.clickOnElement(BasePage.java:135)
	at ui.pages.BasePage.clickOnElement(BasePage.java:135)
	at ui.pages.BasePage.clickOnElement(BasePage.java:135)
	at ui.pages.BasePage.clickOnElement(BasePage.java:135)
	at ui.pages.BasePage.clickOnElement(BasePage.java:135)
	at ui.pages.BasePage.clickOnElement(BasePage.java:135)
	at ui.pages.BasePage.clickOnElement(BasePage.java:135)
	at ui.pages.BasePage.clickOnElement(BasePage.java:135)
	at ui.pages.BasePage.clickOnElement(BasePage.java:135)
	at ui.pages.BasePage.clickOnElement(BasePage.java:135)
	at ui.pages.BasePage.clickOnElement(BasePage.java:135)
	at ui.pages.BasePage.clickOnElement(BasePage.java:135)
	at ui.pages.BasePage.clickOnElement(BasePage.java:135)
	at ui.pages.BasePage.clickOnElement(BasePage.java:135)
	at ui.pages.BasePage.clickOnElement(BasePage.java:135)
	at ui.pages.BasePage.clickOnElement(BasePage.java:135)
	at ui.pages.BasePage.clickOnElement(BasePage.java:135)
	at ui.pages.BasePage.clickOnElement(BasePage.java:135)
	at ui.pages.BasePage.clickOnElement(BasePage.java:135)
	at ui.pages.BasePage.clickOnElement(BasePage.java:135)
	at ui.pages.BasePage.clickOnElement(BasePage.java:135)
	at ui.pages.BasePage.clickOnElement(BasePage.java:135)
	at ui.pages.BasePage.clickOnElement(BasePage.java:135)
	at ui.pages.BasePage.clickOnElement(BasePage.java:135)
	at ui.pages.BasePage.clickOnElement(BasePage.java:135)
	at ui.pages.BasePage.clickOnElement(BasePage.java:135)
	at ui.pages.BasePage.clickOnElement(BasePage.java:135)
	at ui.pages.BasePage.clickOnElement(BasePage.java:135)
	at ui.pages.BasePage.clickOnElement(BasePage.java:135)
	at ui.pages.BasePage.clickOnElement(BasePage.java:135)
	at ui.pages.BasePage.clickOnElement(BasePage.java:135)
	at ui.pages.BasePage.clickOnElement(BasePage.java:135)
	at ui.pages.BasePage.clickOnElement(BasePage.java:135)
	at ui.pages.BasePage.clickOnElement(BasePage.java:135)
	at ui.pages.BasePage.clickOnElement(BasePage.java:135)
	at ui.pages.BasePage.clickOnElement(BasePage.java:135)
	at ui.pages.BasePage.clickOnElement(BasePage.java:135)
	at ui.pages.BasePage.clickOnElement(BasePage.java:135)
	at ui.pages.BasePage.clickOnElement(BasePage.java:135)
	at ui.pages.BasePage.clickOnElement(BasePage.java:135)
	at ui.pages.BasePage.clickOnElement(BasePage.java:135)
	at ui.pages.BasePage.clickOnElement(BasePage.java:135)
	at ui.pages.BasePage.clickOnElement(BasePage.java:135)
	at ui.pages.BasePage.clickOnElement(BasePage.java:135)
	at ui.pages.BasePage.clickOnElement(BasePage.java:135)
	at ui.pages.BasePage.clickOnElement(BasePage.java:135)
	at ui.pages.BasePage.clickOnElement(BasePage.java:135)
	at ui.pages.BasePage.clickOnElement(BasePage.java:135)
	at ui.pages.BasePage.clickOnElement(BasePage.java:135)
	at ui.pages.BasePage.clickOnElement(BasePage.java:135)
	at ui.pages.BasePage.clickOnElement(BasePage.java:135)
	at ui.pages.BasePage.clickOnElement(BasePage.java:135)
	at ui.pages.BasePage.clickOnElement(BasePage.java:135)
	at ui.pages.BasePage.clickOnElement(BasePage.java:135)
	at ui.pages.BasePage.clickOnElement(BasePage.java:135)
	at ui.pages.BasePage.clickOnElement(BasePage.java:135)
	at ui.pages.BasePage.clickOnElement(BasePage.java:135)
	at ui.pages.BasePage.clickOnElement(BasePage.java:135)
	at ui.pages.BasePage.clickOnElement(BasePage.java:135)
	at ui.pages.BasePage.clickOnElement(BasePage.java:135)
	at ui.pages.BasePage.clickOnElement(BasePage.java:135)
	at ui.pages.BasePage.clickOnElement(BasePage.java:135)
	at ui.pages.BasePage.clickOnElement(BasePage.java:135)
	at ui.pages.BasePage.clickOnElement(BasePage.java:135)
	at ui.pages.BasePage.clickOnElement(BasePage.java:135)
	at ui.pages.BasePage.clickOnElement(BasePage.java:135)
	at ui.pages.BasePage.clickOnElement(BasePage.java:135)
	at ui.pages.BasePage.clickOnElement(BasePage.java:135)
	at ui.pages.BasePage.clickOnElement(BasePage.java:135)
	at ui.pages.BasePage.clickOnElement(BasePage.java:135)
	at ui.pages.BasePage.clickOnElement(BasePage.java:135)
	at ui.pages.BasePage.clickOnElement(BasePage.java:135)
	at ui.pages.BasePage.clickOnElement(BasePage.java:135)
	at ui.pages.BasePage.clickOnElement(BasePage.java:135)
	at ui.pages.BasePage.clickOnElement(BasePage.java:135)
	at ui.pages.BasePage.clickOnElement(BasePage.java:135)
	at ui.pages.BasePage.clickOnElement(BasePage.java:135)
	at ui.pages.BasePage.clickOnElement(BasePage.java:135)
	at ui.pages.BasePage.clickOnElement(BasePage.java:135)
	at ui.pages.BasePage.clickOnElement(BasePage.java:135)
	at ui.pages.BasePage.clickOnElement(BasePage.java:135)
	at ui.pages.BasePage.clickOnElement(BasePage.java:135)
	at ui.pages.BasePage.clickOnElement(BasePage.java:135)
	at ui.pages.BasePage.clickOnElement(BasePage.java:135)
	at ui.pages.BasePage.clickOnElement(BasePage.java:135)
	at ui.pages.BasePage.clickOnElement(BasePage.java:135)
	at ui.pages.BasePage.clickOnElement(BasePage.java:135)
	at ui.pages.BasePage.clickOnElement(BasePage.java:135)
	at ui.pages.BasePage.clickOnElement(BasePage.java:135)
	at ui.pages.BasePage.clickOnElement(BasePage.java:135)
	at ui.pages.BasePage.clickOnElement(BasePage.java:135)
	at ui.pages.BasePage.clickOnElement(BasePage.java:135)
	at ui.pages.BasePage.clickOnElement(BasePage.java:135)
	at ui.pages.BasePage.clickOnElement(BasePage.java:135)
	at ui.pages.BasePage.clickOnElement(BasePage.java:135)
	at ui.pages.BasePage.clickOnElement(BasePage.java:135)
	at ui.pages.BasePage.clickOnElement(BasePage.java:135)
	at ui.pages.BasePage.clickOnElement(BasePage.java:135)
	at ui.pages.BasePage.clickOnElement(BasePage.java:135)
	at ui.pages.BasePage.clickOnElement(BasePage.java:135)
	at ui.pages.BasePage.clickOnElement(BasePage.java:135)
	at ui.pages.BasePage.clickOnElement(BasePage.java:135)
	at ui.pages.BasePage.clickOnElement(BasePage.java:135)
	at ui.pages.BasePage.clickOnElement(BasePage.java:135)
	at ui.pages.BasePage.clickOnElement(BasePage.java:135)
	at ui.pages.BasePage.clickOnElement(BasePage.java:135)
	at ui.pages.BasePage.clickOnElement(BasePage.java:135)
	at ui.pages.BasePage.clickOnElement(BasePage.java:135)
	at ui.pages.BasePage.clickOnElement(BasePage.java:135)
	at ui.pages.BasePage.clickOnElement(BasePage.java:135)
	at ui.pages.BasePage.clickOnElement(BasePage.java:135)
	at ui.pages.BasePage.clickOnElement(BasePage.java:135)
	at ui.pages.BasePage.clickOnElement(BasePage.java:135)
	at ui.pages.BasePage.clickOnElement(BasePage.java:135)
	at ui.pages.BasePage.clickOnElement(BasePage.java:135)
	at ui.pages.BasePage.clickOnElement(BasePage.java:135)
	at ui.pages.BasePage.clickOnElement(BasePage.java:135)
	at ui.pages.BasePage.clickOnElement(BasePage.java:135)
	at ui.pages.BasePage.clickOnElement(BasePage.java:135)
	at ui.pages.BasePage.clickOnElement(BasePage.java:135)
	at ui.pages.BasePage.clickOnElement(BasePage.java:135)
	at ui.pages.BasePage.clickOnElement(BasePage.java:135)
	at ui.pages.BasePage.clickOnElement(BasePage.java:135)
	at ui.pages.BasePage.clickOnElement(BasePage.java:135)
	at ui.pages.BasePage.clickOnElement(BasePage.java:135)
	at ui.pages.BasePage.clickOnElement(BasePage.java:135)
	at ui.pages.BasePage.clickOnElement(BasePage.java:135)
	at ui.pages.BasePage.clickOnElement(BasePage.java:135)
	at ui.pages.BasePage.clickOnElement(BasePage.java:135)
	at ui.pages.BasePage.clickOnElement(BasePage.java:135)
	at ui.pages.BasePage.clickOnElement(BasePage.java:135)
	at ui.pages.BasePage.clickOnElement(BasePage.java:135)
	at ui.pages.BasePage.clickOnElement(BasePage.java:135)
	at ui.pages.BasePage.clickOnElement(BasePage.java:135)
	at ui.pages.BasePage.clickOnElement(BasePage.java:135)
	at ui.pages.BasePage.clickOnElement(BasePage.java:135)
	at ui.pages.BasePage.clickOnElement(BasePage.java:135)
	at ui.pages.BasePage.clickOnElement(BasePage.java:135)
	at ui.pages.BasePage.clickOnElement(BasePage.java:135)
	at ui.pages.BasePage.clickOnElement(BasePage.java:135)
	at ui.pages.BasePage.clickOnElement(BasePage.java:135)
	at ui.pages.BasePage.clickOnElement(BasePage.java:135)
	at ui.pages.BasePage.clickOnElement(BasePage.java:135)
	at ui.pages.BasePage.clickOnElement(BasePage.java:135)
	at ui.pages.BasePage.clickOnElement(BasePage.java:135)
	at ui.pages.BasePage.clickOnElement(BasePage.java:135)
	at ui.pages.BasePage.clickOnElement(BasePage.java:135)
	at ui.pages.BasePage.clickOnElement(BasePage.java:135)
	at ui.pages.BasePage.clickOnElement(BasePage.java:135)
	at ui.pages.BasePage.clickOnElement(BasePage.java:135)
	at ui.pages.BasePage.clickOnElement(BasePage.java:135)
	at ui.pages.BasePage.clickOnElement(BasePage.java:135)
	at ui.pages.BasePage.clickOnElement(BasePage.java:135)
	at ui.pages.BasePage.clickOnElement(BasePage.java:135)
	at ui.pages.BasePage.clickOnElement(BasePage.java:135)
	at ui.pages.BasePage.clickOnElement(BasePage.java:135)
	at ui.pages.BasePage.clickOnElement(BasePage.java:135)
	at ui.pages.BasePage.clickOnElement(BasePage.java:135)
	at ui.pages.BasePage.clickOnElement(BasePage.java:135)
	at ui.pages.BasePage.clickOnElement(BasePage.java:135)
	at ui.pages.BasePage.clickOnElement(BasePage.java:135)
	at ui.pages.BasePage.clickOnElement(BasePage.java:135)
	at ui.pages.BasePage.clickOnElement(BasePage.java:135)
	at ui.pages.BasePage.clickOnElement(BasePage.java:135)
	at ui.pages.BasePage.clickOnElement(BasePage.java:135)
	at ui.pages.BasePage.clickOnElement(BasePage.java:135)
	at ui.pages.BasePage.clickOnElement(BasePage.java:135)
	at ui.pages.BasePage.clickOnElement(BasePage.java:135)
	at ui.pages.BasePage.clickOnElement(BasePage.java:135)
	at ui.pages.BasePage.clickOnElement(BasePage.java:135)
	at ui.pages.BasePage.clickOnElement(BasePage.java:135)
	at ui.pages.BasePage.clickOnElement(BasePage.java:135)
	at ui.pages.BasePage.clickOnElement(BasePage.java:135)
	at ui.pages.BasePage.clickOnElement(BasePage.java:135)
	at ui.pages.BasePage.clickOnElement(BasePage.java:135)
	at ui.pages.BasePage.clickOnElement(BasePage.java:135)
	at ui.pages.BasePage.clickOnElement(BasePage.java:135)
	at ui.pages.BasePage.clickOnElement(BasePage.java:135)
	at ui.pages.BasePage.clickOnElement(BasePage.java:135)
	at ui.pages.BasePage.clickOnElement(BasePage.java:135)
	at ui.pages.BasePage.clickOnElement(BasePage.java:135)
	at ui.pages.BasePage.clickOnElement(BasePage.java:135)
	at ui.pages.BasePage.clickOnElement(BasePage.java:135)
	at ui.pages.BasePage.clickOnElement(BasePage.java:135)
	at ui.pages.BasePage.clickOnElement(BasePage.java:135)
	at ui.pages.BasePage.clickOnElement(BasePage.java:135)
	at ui.pages.BasePage.clickOnElement(BasePage.java:135)
	at ui.pages.BasePage.clickOnElement(BasePage.java:135)
	at ui.pages.BasePage.clickOnElement(BasePage.java:135)
	at ui.pages.BasePage.clickOnElement(BasePage.java:135)
	at ui.pages.BasePage.clickOnElement(BasePage.java:135)
	at ui.pages.BasePage.clickOnElement(BasePage.java:135)
	at ui.pages.BasePage.clickOnElement(BasePage.java:135)
	at ui.pages.BasePage.clickOnElement(BasePage.java:135)
	at ui.pages.BasePage.clickOnElement(BasePage.java:135)
	at ui.pages.BasePage.clickOnElement(BasePage.java:135)
	at ui.pages.BasePage.clickOnElement(BasePage.java:135)
	at ui.pages.BasePage.clickOnElement(BasePage.java:135)
	at ui.pages.BasePage.clickOnElement(BasePage.java:135)
	at ui.pages.BasePage.clickOnElement(BasePage.java:135)
	at ui.pages.BasePage.clickOnElement(BasePage.java:135)
	at ui.pages.BasePage.clickOnElement(BasePage.java:135)
	at ui.pages.BasePage.clickOnElement(BasePage.java:135)
	at ui.pages.BasePage.clickOnElement(BasePage.java:135)
	at ui.pages.BasePage.clickOnElement(BasePage.java:135)
	at ui.pages.BasePage.clickOnElement(BasePage.java:135)
	at ui.pages.BasePage.clickOnElement(BasePage.java:135)
	at ui.pages.BasePage.clickOnElement(BasePage.java:135)
	at ui.pages.BasePage.clickOnElement(BasePage.java:135)
	at ui.pages.BasePage.clickOnElement(BasePage.java:135)
	at ui.pages.BasePage.clickOnElement(BasePage.java:135)
	at ui.pages.BasePage.clickOnElement(BasePage.java:135)
	at ui.pages.BasePage.clickOnElement(BasePage.java:135)
	at ui.pages.BasePage.clickOnElement(BasePage.java:135)
	at ui.pages.BasePage.clickOnElement(BasePage.java:135)
	at ui.pages.BasePage.clickOnElement(BasePage.java:135)
	at ui.pages.BasePage.clickOnElement(BasePage.java:135)
	at ui.pages.BasePage.clickOnElement(BasePage.java:135)
	at ui.pages.BasePage.clickOnElement(BasePage.java:135)
	at ui.pages.BasePage.clickOnElement(BasePage.java:135)
	at ui.pages.BasePage.clickOnElement(BasePage.java:135)
	at ui.pages.BasePage.clickOnElement(BasePage.java:135)
	at ui.pages.BasePage.clickOnElement(BasePage.java:135)
	at ui.pages.BasePage.clickOnElement(BasePage.java:135)
	at ui.pages.BasePage.clickOnElement(BasePage.java:135)
	at ui.pages.BasePage.clickOnElement(BasePage.java:135)
	at ui.pages.BasePage.clickOnElement(BasePage.java:135)
	at ui.pages.BasePage.clickOnElement(BasePage.java:135)
	at ui.pages.BasePage.clickOnElement(BasePage.java:135)
	at ui.pages.BasePage.clickOnElement(BasePage.java:135)
	at ui.pages.BasePage.clickOnElement(BasePage.java:135)
	at ui.pages.BasePage.clickOnElement(BasePage.java:135)
	at ui.pages.BasePage.clickOnElement(BasePage.java:135)
	at ui.pages.BasePage.clickOnElement(BasePage.java:135)
	at ui.pages.BasePage.clickOnElement(BasePage.java:135)
	at ui.pages.BasePage.clickOnElement(BasePage.java:135)
	at ui.pages.BasePage.clickOnElement(BasePage.java:135)
	at ui.pages.BasePage.clickOnElement(BasePage.java:135)
	at ui.pages.BasePage.clickOnElement(BasePage.java:135)
	at ui.pages.BasePage.clickOnElement(BasePage.java:135)
	at ui.pages.BasePage.clickOnElement(BasePage.java:135)
	at ui.pages.BasePage.clickOnElement(BasePage.java:135)
	at ui.pages.BasePage.clickOnElement(BasePage.java:135)
	at ui.pages.BasePage.clickOnElement(BasePage.java:135)
	at ui.pages.BasePage.clickOnElement(BasePage.java:135)
	at ui.pages.BasePage.clickOnElement(BasePage.java:135)
	at ui.pages.BasePage.clickOnElement(BasePage.java:135)
	at ui.pages.BasePage.clickOnElement(BasePage.java:135)
	at ui.pages.BasePage.clickOnElement(BasePage.java:135)
	at ui.pages.BasePage.clickOnElement(BasePage.java:135)
	at ui.pages.BasePage.clickOnElement(BasePage.java:135)
	at ui.pages.BasePage.clickOnElement(BasePage.java:135)
	at ui.pages.BasePage.clickOnElement(BasePage.java:135)
	at ui.pages.BasePage.clickOnElement(BasePage.java:135)
	at ui.pages.BasePage.clickOnElement(BasePage.java:135)
	at ui.pages.BasePage.clickOnElement(BasePage.java:135)
	at ui.pages.BasePage.clickOnElement(BasePage.java:135)
	at ui.pages.BasePage.clickOnElement(BasePage.java:135)
	at ui.pages.BasePage.clickOnElement(BasePage.java:135)
	at ui.pages.BasePage.clickOnElement(BasePage.java:135)
	at ui.pages.BasePage.clickOnElement(BasePage.java:135)
	at ui.pages.BasePage.clickOnElement(BasePage.java:135)
	at ui.pages.BasePage.clickOnElement(BasePage.java:135)
	at ui.pages.BasePage.clickOnElement(BasePage.java:135)
	at ui.pages.BasePage.clickOnElement(BasePage.java:135)
	at ui.pages.BasePage.clickOnElement(BasePage.java:135)
	at ui.pages.BasePage.clickOnElement(BasePage.java:135)
	at ui.pages.BasePage.clickOnElement(BasePage.java:135)
	at ui.pages.BasePage.clickOnElement(BasePage.java:135)
	at ui.pages.BasePage.clickOnElement(BasePage.java:135)
	at ui.pages.BasePage.clickOnElement(BasePage.java:135)
	at ui.pages.BasePage.clickOnElement(BasePage.java:135)
	at ui.pages.BasePage.clickOnElement(BasePage.java:135)
	at ui.pages.BasePage.clickOnElement(BasePage.java:135)
	at ui.pages.BasePage.clickOnElement(BasePage.java:135)
	at ui.pages.BasePage.clickOnElement(BasePage.java:135)
	at ui.pages.BasePage.clickOnElement(BasePage.java:135)
	at ui.pages.BasePage.clickOnElement(BasePage.java:135)
	at ui.pages.BasePage.clickOnElement(BasePage.java:135)
	at ui.pages.BasePage.clickOnElement(BasePage.java:135)
	at ui.pages.BasePage.clickOnElement(BasePage.java:135)
	at ui.pages.BasePage.clickOnElement(BasePage.java:135)
	at ui.pages.BasePage.clickOnElement(BasePage.java:135)
	at ui.pages.BasePage.clickOnElement(BasePage.java:135)
	at ui.pages.BasePage.clickOnElement(BasePage.java:135)
	at ui.pages.BasePage.clickOnElement(BasePage.java:135)
	at ui.pages.BasePage.clickOnElement(BasePage.java:135)
	at ui.pages.BasePage.clickOnElement(BasePage.java:135)
	at ui.pages.BasePage.clickOnElement(BasePage.java:135)
	at ui.pages.BasePage.clickOnElement(BasePage.java:135)
	at ui.pages.BasePage.clickOnElement(BasePage.java:135)
	at ui.pages.BasePage.clickOnElement(BasePage.java:135)
	at ui.pages.BasePage.clickOnElement(BasePage.java:135)
	at ui.pages.BasePage.clickOnElement(BasePage.java:135)
	at ui.pages.BasePage.clickOnElement(BasePage.java:135)
	at ui.pages.BasePage.clickOnElement(BasePage.java:135)
	at ui.pages.BasePage.clickOnElement(BasePage.java:135)
	at ui.pages.BasePage.clickOnElement(BasePage.java:135)
	at ui.pages.BasePage.clickOnElement(BasePage.java:135)
	at ui.pages.BasePage.clickOnElement(BasePage.java:135)
	at ui.pages.BasePage.clickOnElement(BasePage.java:135)
	at ui.pages.BasePage.clickOnElement(BasePage.java:135)
	at ui.pages.BasePage.clickOnElement(BasePage.java:135)
	at ui.pages.BasePage.clickOnElement(BasePage.java:135)
	at ui.pages.BasePage.clickOnElement(BasePage.java:135)
	at ui.pages.BasePage.clickOnElement(BasePage.java:135)
	at ui.pages.BasePage.clickOnElement(BasePage.java:135)
	at ui.pages.BasePage.clickOnElement(BasePage.java:135)
	at ui.pages.BasePage.clickOnElement(BasePage.java:135)
	at ui.pages.BasePage.clickOnElement(BasePage.java:135)
	at ui.pages.BasePage.clickOnElement(BasePage.java:135)
	at ui.pages.BasePage.clickOnElement(BasePage.java:135)
	at ui.pages.BasePage.clickOnElement(BasePage.java:135)
	at ui.pages.BasePage.clickOnElement(BasePage.java:135)
	at ui.pages.BasePage.clickOnElement(BasePage.java:135)
	at ui.pages.BasePage.clickOnElement(BasePage.java:135)
	at ui.pages.BasePage.clickOnElement(BasePage.java:135)
	at ui.pages.BasePage.clickOnElement(BasePage.java:135)
	at ui.pages.BasePage.clickOnElement(BasePage.java:135)
	at ui.pages.BasePage.clickOnElement(BasePage.java:135)
	at ui.pages.BasePage.clickOnElement(BasePage.java:135)
	at ui.pages.BasePage.clickOnElement(BasePage.java:135)
	at ui.pages.BasePage.clickOnElement(BasePage.java:135)
	at ui.pages.BasePage.clickOnElement(BasePage.java:135)
	at ui.pages.BasePage.clickOnElement(BasePage.java:135)
	at ui.pages.BasePage.clickOnElement(BasePage.java:135)
	at ui.pages.BasePage.clickOnElement(BasePage.java:135)
	at ui.pages.BasePage.clickOnElement(BasePage.java:135)
	at ui.pages.BasePage.clickOnElement(BasePage.java:135)
	at ui.pages.BasePage.clickOnElement(BasePage.java:135)
	at ui.pages.BasePage.clickOnElement(BasePage.java:135)
	at ui.pages.BasePage.clickOnElement(BasePage.java:135)
	at ui.pages.BasePage.clickOnElement(BasePage.java:135)
	at ui.pages.BasePage.clickOnElement(BasePage.java:135)
	at ui.pages.BasePage.clickOnElement(BasePage.java:135)
	at ui.pages.BasePage.clickOnElement(BasePage.java:135)
	at ui.pages.BasePage.clickOnElement(BasePage.java:135)
	at ui.pages.BasePage.clickOnElement(BasePage.java:135)
	at ui.pages.BasePage.clickOnElement(BasePage.java:135)
	at ui.pages.BasePage.clickOnElement(BasePage.java:135)
	at ui.pages.BasePage.clickOnElement(BasePage.java:135)
	at ui.pages.BasePage.clickOnElement(BasePage.java:135)
	at ui.pages.BasePage.clickOnElement(BasePage.java:135)
	at ui.pages.BasePage.clickOnElement(BasePage.java:135)
	at ui.pages.BasePage.clickOnElement(BasePage.java:135)
	at ui.pages.BasePage.clickOnElement(BasePage.java:135)
	at ui.pages.BasePage.clickOnElement(BasePage.java:135)
	at ui.pages.BasePage.clickOnElement(BasePage.java:135)
	at ui.pages.BasePage.clickOnElement(BasePage.java:135)
	at ui.pages.BasePage.clickOnElement(BasePage.java:135)
	at ui.pages.BasePage.clickOnElement(BasePage.java:135)
	at ui.pages.BasePage.clickOnElement(BasePage.java:135)
	at ui.pages.BasePage.clickOnElement(BasePage.java:135)
	at ui.pages.BasePage.clickOnElement(BasePage.java:135)
	at ui.pages.BasePage.clickOnElement(BasePage.java:135)
	at ui.pages.BasePage.clickOnElement(BasePage.java:135)
	at ui.pages.BasePage.clickOnElement(BasePage.java:135)
	at ui.pages.BasePage.clickOnElement(BasePage.java:135)
	at ui.pages.BasePage.clickOnElement(BasePage.java:135)
	at ui.pages.BasePage.clickOnElement(BasePage.java:135)
	at ui.pages.BasePage.clickOnElement(BasePage.java:135)
	at ui.pages.BasePage.clickOnElement(BasePage.java:135)
	at ui.pages.BasePage.clickOnElement(BasePage.java:135)
	at ui.pages.BasePage.clickOnElement(BasePage.java:135)
	at ui.pages.BasePage.clickOnElement(BasePage.java:135)
	at ui.pages.BasePage.clickOnElement(BasePage.java:135)
	at ui.pages.BasePage.clickOnElement(BasePage.java:135)
	at ui.pages.BasePage.clickOnElement(BasePage.java:135)
	at ui.pages.BasePage.clickOnElement(BasePage.java:135)
	at ui.pages.BasePage.clickOnElement(BasePage.java:135)
	at ui.pages.BasePage.clickOnElement(BasePage.java:135)
	at ui.pages.BasePage.clickOnElement(BasePage.java:135)
	at ui.pages.BasePage.clickOnElement(BasePage.java:135)
	at ui.pages.BasePage.clickOnElement(BasePage.java:135)
	at ui.pages.BasePage.clickOnElement(BasePage.java:135)
	at ui.pages.BasePage.clickOnElement(BasePage.java:135)
	at ui.pages.BasePage.clickOnElement(BasePage.java:135)
	at ui.pages.BasePage.clickOnElement(BasePage.java:135)
	at ui.pages.BasePage.clickOnElement(BasePage.java:135)
	at ui.pages.BasePage.clickOnElement(BasePage.java:135)
	at ui.pages.BasePage.clickOnElement(BasePage.java:135)
	at ui.pages.BasePage.clickOnElement(BasePage.java:135)
	at ui.pages.BasePage.clickOnElement(BasePage.java:135)
	at ui.pages.BasePage.clickOnElement(BasePage.java:135)
	at ui.pages.BasePage.clickOnElement(BasePage.java:135)
	at ui.pages.BasePage.clickOnElement(BasePage.java:135)
	at ui.pages.BasePage.clickOnElement(BasePage.java:135)
	at ui.pages.BasePage.clickOnElement(BasePage.java:135)
	at ui.pages.BasePage.clickOnElement(BasePage.java:135)
	at ui.pages.BasePage.clickOnElement(BasePage.java:135)
	at ui.pages.BasePage.clickOnElement(BasePage.java:135)
	at ui.pages.BasePage.clickOnElement(BasePage.java:135)
	at ui.pages.BasePage.clickOnElement(BasePage.java:135)
	at ui.pages.BasePage.clickOnElement(BasePage.java:135)
	at ui.pages.BasePage.clickOnElement(BasePage.java:135)
	at ui.pages.BasePage.clickOnElement(BasePage.java:135)
	at ui.pages.BasePage.clickOnElement(BasePage.java:135)
	at ui.pages.BasePage.clickOnElement(BasePage.java:135)
	at ui.pages.BasePage.clickOnElement(BasePage.java:135)
	at ui.pages.BasePage.clickOnElement(BasePage.java:135)
	at ui.pages.BasePage.clickOnElement(BasePage.java:135)
	at ui.pages.BasePage.clickOnElement(BasePage.java:135)
	at ui.pages.BasePage.clickOnElement(BasePage.java:135)
	at ui.pages.BasePage.clickOnElement(BasePage.java:135)
	at ui.pages.BasePage.clickOnElement(BasePage.java:135)
	at ui.pages.BasePage.clickOnElement(BasePage.java:135)
	at ui.pages.BasePage.clickOnElement(BasePage.java:135)
	at ui.pages.BasePage.clickOnElement(BasePage.java:135)
	at ui.pages.BasePage.clickOnElement(BasePage.java:135)
	at ui.pages.BasePage.clickOnElement(BasePage.java:135)
	at ui.pages.BasePage.clickOnElement(BasePage.java:135)
	at ui.pages.BasePage.clickOnElement(BasePage.java:135)
	at ui.pages.BasePage.clickOnElement(BasePage.java:135)
	at ui.pages.BasePage.clickOnElement(BasePage.java:135)
	at ui.pages.BasePage.clickOnElement(BasePage.java:135)
	at ui.pages.BasePage.clickOnElement(BasePage.java:135)
	at ui.pages.BasePage.clickOnElement(BasePage.java:135)
	at ui.pages.BasePage.clickOnElement(BasePage.java:135)
	at ui.pages.BasePage.clickOnElement(BasePage.java:135)
	at ui.pages.BasePage.clickOnElement(BasePage.java:135)
	at ui.pages.BasePage.clickOnElement(BasePage.java:135)
	at ui.pages.BasePage.clickOnElement(BasePage.java:135)
	at ui.pages.BasePage.clickOnElement(BasePage.java:135)
	at ui.pages.BasePage.clickOnElement(BasePage.java:135)
	at ui.pages.BasePage.clickOnElement(BasePage.java:135)
	at ui.pages.BasePage.clickOnElement(BasePage.java:135)
	at ui.pages.BasePage.clickOnElement(BasePage.java:135)
	at ui.pages.BasePage.clickOnElement(BasePage.java:135)
	at ui.pages.BasePage.clickOnElement(BasePage.java:135)
	at ui.pages.BasePage.clickOnElement(BasePage.java:135)
	at ui.pages.BasePage.clickOnElement(BasePage.java:135)
	at ui.pages.BasePage.clickOnElement(BasePage.java:135)
	at ui.pages.BasePage.clickOnElement(BasePage.java:135)
	at ui.pages.BasePage.clickOnElement(BasePage.java:135)
	at ui.pages.BasePage.clickOnElement(BasePage.java:135)
	at ui.pages.BasePage.clickOnElement(BasePage.java:135)
	at ui.pages.BasePage.clickOnElement(BasePage.java:135)
	at ui.pages.BasePage.clickOnElement(BasePage.java:135)
	at ui.pages.BasePage.clickOnElement(BasePage.java:135)
	at ui.pages.BasePage.clickOnElement(BasePage.java:135)
	at ui.pages.BasePage.clickOnElement(BasePage.java:135)
	at ui.pages.BasePage.clickOnElement(BasePage.java:135)
	at ui.pages.BasePage.clickOnElement(BasePage.java:135)
	at ui.pages.BasePage.clickOnElement(BasePage.java:135)
	at ui.pages.BasePage.clickOnElement(BasePage.java:135)
	at ui.pages.BasePage.clickOnElement(BasePage.java:135)
	at ui.pages.BasePage.clickOnElement(BasePage.java:135)
	at ui.pages.BasePage.clickOnElement(BasePage.java:135)
	at ui.pages.BasePage.clickOnElement(BasePage.java:135)
	at ui.pages.BasePage.clickOnElement(BasePage.java:135)
	at ui.pages.BasePage.clickOnElement(BasePage.java:135)
	at ui.pages.BasePage.clickOnElement(BasePage.java:135)
	at ui.pages.BasePage.clickOnElement(BasePage.java:135)
	at ui.pages.BasePage.clickOnElement(BasePage.java:135)
	at ui.pages.BasePage.clickOnElement(BasePage.java:135)
	at ui.pages.BasePage.clickOnElement(BasePage.java:135)
	at ui.pages.BasePage.clickOnElement(BasePage.java:135)
	at ui.pages.BasePage.clickOnElement(BasePage.java:135)
	at ui.pages.BasePage.clickOnElement(BasePage.java:135)
	at ui.pages.BasePage.clickOnElement(BasePage.java:135)
	at ui.pages.BasePage.clickOnElement(BasePage.java:135)
	at ui.pages.BasePage.clickOnElement(BasePage.java:135)
	at ui.pages.BasePage.clickOnElement(BasePage.java:135)
	at ui.pages.BasePage.clickOnElement(BasePage.java:135)
	at ui.pages.BasePage.clickOnElement(BasePage.java:135)
	at ui.pages.BasePage.clickOnElement(BasePage.java:135)
	at ui.pages.BasePage.clickOnElement(BasePage.java:135)
	at ui.pages.BasePage.clickOnElement(BasePage.java:135)
	at ui.pages.BasePage.clickOnElement(BasePage.java:135)
	at ui.pages.BasePage.clickOnElement(BasePage.java:135)
	at ui.pages.BasePage.clickOnElement(BasePage.java:135)
	at ui.pages.BasePage.clickOnElement(BasePage.java:135)
	at ui.pages.BasePage.clickOnElement(BasePage.java:135)
	at ui.pages.BasePage.clickOnElement(BasePage.java:135)
	at ui.pages.BasePage.clickOnElement(BasePage.java:135)
	at ui.pages.BasePage.clickOnElement(BasePage.java:135)
	at ui.pages.BasePage.clickOnElement(BasePage.java:135)
	at ui.pages.BasePage.clickOnElement(BasePage.java:135)
	at ui.pages.BasePage.clickOnElement(BasePage.java:135)
	at ui.pages.BasePage.clickOnElement(BasePage.java:135)
	at ui.pages.BasePage.clickOnElement(BasePage.java:135)
	at ui.pages.BasePage.clickOnElement(BasePage.java:135)
	at ui.pages.BasePage.clickOnElement(BasePage.java:135)
	at ui.pages.BasePage.clickOnElement(BasePage.java:135)
	at ui.pages.BasePage.clickOnElement(BasePage.java:135)
	at ui.pages.BasePage.clickOnElement(BasePage.java:135)
	at ui.pages.BasePage.clickOnElement(BasePage.java:135)
	at ui.pages.BasePage.clickOnElement(BasePage.java:135)
	at ui.pages.BasePage.clickOnElement(BasePage.java:135)
	at ui.pages.BasePage.clickOnElement(BasePage.java:135)
	at ui.pages.BasePage.clickOnElement(BasePage.java:135)
	at ui.pages.BasePage.clickOnElement(BasePage.java:135)
	at ui.pages.BasePage.clickOnElement(BasePage.java:135)
	at ui.pages.BasePage.clickOnElement(BasePage.java:135)
	at ui.pages.BasePage.clickOnElement(BasePage.java:135)
	at ui.pages.BasePage.clickOnElement(BasePage.java:135)
	at ui.pages.BasePage.clickOnElement(BasePage.java:135)
	at ui.pages.BasePage.clickOnElement(BasePage.java:135)
	at ui.pages.BasePage.clickOnElement(BasePage.java:135)
	at ui.pages.BasePage.clickOnElement(BasePage.java:135)
	at ui.pages.BasePage.clickOnElement(BasePage.java:135)
	at ui.pages.BasePage.clickOnElement(BasePage.java:135)
	at ui.pages.BasePage.clickOnElement(BasePage.java:135)
	at ui.pages.BasePage.clickOnElement(BasePage.java:135)
	at ui.pages.BasePage.clickOnElement(BasePage.java:135)
	at ui.pages.BasePage.clickOnElement(BasePage.java:135)
	at ui.pages.BasePage.clickOnElement(BasePage.java:135)
	at ui.pages.BasePage.clickOnElement(BasePage.java:135)
	at ui.pages.BasePage.clickOnElement(BasePage.java:135)
	at ui.pages.BasePage.clickOnElement(BasePage.java:135)
	at ui.pages.BasePage.clickOnElement(BasePage.java:135)
	at ui.pages.BasePage.clickOnElement(BasePage.java:135)
	at ui.pages.BasePage.clickOnElement(BasePage.java:135)
	at ui.pages.BasePage.clickOnElement(BasePage.java:135)
	at ui.pages.BasePage.clickOnElement(BasePage.java:135)
	at ui.pages.BasePage.clickOnElement(BasePage.java:135)
	at ui.pages.BasePage.clickOnElement(BasePage.java:135)
	at ui.pages.BasePage.clickOnElement(BasePage.java:135)
	at ui.pages.BasePage.clickOnElement(BasePage.java:135)
	at ui.pages.BasePage.clickOnElement(BasePage.java:135)
	at ui.pages.BasePage.clickOnElement(BasePage.java:135)
	at ui.pages.BasePage.clickOnElement(BasePage.java:135)
	at ui.pages.BasePage.clickOnElement(BasePage.java:135)
	at ui.pages.BasePage.clickOnElement(BasePage.java:135)
	at ui.pages.BasePage.clickOnElement(BasePage.java:135)
	at ui.pages.BasePage.clickOnElement(BasePage.java:135)
	at ui.pages.BasePage.clickOnElement(BasePage.java:135)
	at ui.pages.BasePage.clickOnElement(BasePage.java:135)
	at ui.pages.BasePage.clickOnElement(BasePage.java:135)
	at ui.pages.BasePage.clickOnElement(BasePage.java:135)
	at ui.pages.BasePage.clickOnElement(BasePage.java:135)
	at ui.pages.BasePage.clickOnElement(BasePage.java:135)
	at ui.pages.BasePage.clickOnElement(BasePage.java:135)
	at ui.pages.BasePage.clickOnElement(BasePage.java:135)
	at ui.pages.BasePage.clickOnElement(BasePage.java:135)
	at ui.pages.BasePage.clickOnElement(BasePage.java:135)
	at ui.pages.BasePage.clickOnElement(BasePage.java:135)
	at ui.pages.BasePage.clickOnElement(BasePage.java:135)
	at ui.pages.BasePage.clickOnElement(BasePage.java:135)
	at ui.pages.BasePage.clickOnElement(BasePage.java:135)
	at ui.pages.BasePage.clickOnElement(BasePage.java:135)
	at ui.pages.BasePage.clickOnElement(BasePage.java:135)
	at ui.pages.BasePage.clickOnElement(BasePage.java:135)
	at ui.pages.BasePage.clickOnElement(BasePage.java:135)
	at ui.pages.BasePage.clickOnElement(BasePage.java:135)
	at ui.pages.BasePage.clickOnElement(BasePage.java:135)
	at ui.pages.BasePage.clickOnElement(BasePage.java:135)
	at ui.pages.BasePage.clickOnElement(BasePage.java:135)
	at ui.pages.BasePage.clickOnElement(BasePage.java:135)
	at ui.pages.BasePage.clickOnElement(BasePage.java:135)
	at ui.pages.BasePage.clickOnElement(BasePage.java:135)
	at ui.pages.BasePage.clickOnElement(BasePage.java:135)
	at ui.pages.BasePage.clickOnElement(BasePage.java:135)
	at ui.pages.BasePage.clickOnElement(BasePage.java:135)
	at ui.pages.BasePage.clickOnElement(BasePage.java:135)
	at ui.pages.BasePage.clickOnElement(BasePage.java:135)
	at ui.pages.BasePage.clickOnElement(BasePage.java:135)
	at ui.pages.BasePage.clickOnElement(BasePage.java:135)
	at ui.pages.BasePage.clickOnElement(BasePage.java:135)
	at ui.pages.BasePage.clickOnElement(BasePage.java:135)
	at ui.pages.BasePage.clickOnElement(BasePage.java:135)
	at ui.pages.BasePage.clickOnElement(BasePage.java:135)
	at ui.pages.BasePage.clickOnElement(BasePage.java:135)
	at ui.pages.BasePage.clickOnElement(BasePage.java:135)
	at ui.pages.BasePage.clickOnElement(BasePage.java:135)
	at ui.pages.BasePage.clickOnElement(BasePage.java:135)
	at ui.pages.BasePage.clickOnElement(BasePage.java:135)
	at ui.pages.BasePage.clickOnElement(BasePage.java:135)
	at ui.pages.BasePage.clickOnElement(BasePage.java:135)
	at ui.pages.BasePage.clickOnElement(BasePage.java:135)
	at ui.pages.BasePage.clickOnElement(BasePage.java:135)
	at ui.pages.BasePage.clickOnElement(BasePage.java:135)
	at ui.pages.BasePage.clickOnElement(BasePage.java:135)
	at ui.pages.BasePage.clickOnElement(BasePage.java:135)
	at ui.pages.BasePage.clickOnElement(BasePage.java:135)
	at ui.pages.BasePage.clickOnElement(BasePage.java:135)
	at ui.pages.BasePage.clickOnElement(BasePage.java:135)
	at ui.pages.BasePage.clickOnElement(BasePage.java:135)
	at ui.pages.BasePage.clickOnElement(BasePage.java:135)
	at ui.pages.BasePage.clickOnElement(BasePage.java:135)
	at ui.pages.BasePage.clickOnElement(BasePage.java:135)
	at ui.pages.BasePage.clickOnElement(BasePage.java:135)
	at ui.pages.BasePage.clickOnElement(BasePage.java:135)
	at ui.pages.BasePage.clickOnElement(BasePage.java:135)
	at ui.pages.BasePage.clickOnElement(BasePage.java:135)
	at ui.pages.BasePage.clickOnElement(BasePage.java:135)
	at ui.pages.BasePage.clickOnElement(BasePage.java:135)
	at ui.pages.BasePage.clickOnElement(BasePage.java:135)
	at ui.pages.BasePage.clickOnElement(BasePage.java:135)
	at ui.pages.BasePage.clickOnElement(BasePage.java:135)
	at ui.pages.BasePage.clickOnElement(BasePage.java:135)
	at ui.pages.BasePage.clickOnElement(BasePage.java:135)
	at ui.pages.BasePage.clickOnElement(BasePage.java:135)
	at ui.pages.BasePage.clickOnElement(BasePage.java:135)
	at ui.pages.BasePage.clickOnElement(BasePage.java:135)
	at ui.pages.BasePage.clickOnElement(BasePage.java:135)
	at ui.pages.BasePage.clickOnElement(BasePage.java:135)
	at ui.pages.BasePage.clickOnElement(BasePage.java:135)
	at ui.pages.BasePage.clickOnElement(BasePage.java:135)
	at ui.pages.BasePage.clickOnElement(BasePage.java:135)
	at ui.pages.BasePage.clickOnElement(BasePage.java:135)
	at ui.pages.BasePage.clickOnElement(BasePage.java:135)
	at ui.pages.BasePage.clickOnElement(BasePage.java:135)
	at ui.pages.BasePage.clickOnElement(BasePage.java:135)
	at ui.pages.BasePage.clickOnElement(BasePage.java:135)
	at ui.pages.BasePage.clickOnElement(BasePage.java:135)
	at ui.pages.BasePage.clickOnElement(BasePage.java:135)
	at ui.pages.BasePage.clickOnElement(BasePage.java:135)
	at ui.pages.BasePage.clickOnElement(BasePage.java:135)
	at ui.pages.BasePage.clickOnElement(BasePage.java:135)
	at ui.pages.BasePage.clickOnElement(BasePage.java:135)
	at ui.pages.BasePage.clickOnElement(BasePage.java:135)
	at ui.pages.BasePage.clickOnElement(BasePage.java:135)
	at ui.pages.BasePage.clickOnElement(BasePage.java:135)
	at ui.pages.BasePage.clickOnElement(BasePage.java:135)
	at ui.pages.BasePage.clickOnElement(BasePage.java:135)
	at ui.pages.BasePage.clickOnElement(BasePage.java:135)
	at ui.pages.BasePage.clickOnElement(BasePage.java:135)
	at ui.pages.BasePage.clickOnElement(BasePage.java:135)
	at ui.pages.BasePage.clickOnElement(BasePage.java:135)
	at ui.pages.BasePage.clickOnElement(BasePage.java:135)
	at ui.pages.BasePage.clickOnElement(BasePage.java:135)
	at ui.pages.BasePage.clickOnElement(BasePage.java:135)
	at ui.pages.BasePage.clickOnElement(BasePage.java:135)
	at ui.pages.BasePage.clickOnElement(BasePage.java:135)
	at ui.pages.BasePage.clickOnElement(BasePage.java:135)
	at ui.pages.BasePage.clickOnElement(BasePage.java:135)
	at ui.pages.BasePage.clickOnElement(BasePage.java:135)
	at ui.pages.BasePage.clickOnElement(BasePage.java:135)
	at ui.pages.BasePage.clickOnElement(BasePage.java:135)
	at ui.pages.BasePage.clickOnElement(BasePage.java:135)
	at ui.pages.BasePage.clickOnElement(BasePage.java:135)
	at ui.pages.BasePage.clickOnElement(BasePage.java:135)
	at ui.pages.BasePage.clickOnElement(BasePage.java:135)
	at ui.pages.BasePage.clickOnElement(BasePage.java:135)
	at ui.pages.BasePage.clickOnElement(BasePage.java:135)
	at ui.pages.BasePage.clickOnElement(BasePage.java:135)
	at ui.pages.BasePage.clickOnElement(BasePage.java:135)
	at ui.pages.BasePage.clickOnElement(BasePage.java:135)
	at ui.pages.BasePage.clickOnElement(BasePage.java:135)
	at ui.pages.BasePage.clickOnElement(BasePage.java:135)
	at ui.pages.BasePage.clickOnElement(BasePage.java:135)
	at ui.pages.BasePage.clickOnElement(BasePage.java:135)
	at ui.pages.BasePage.clickOnElement(BasePage.java:135)
	at ui.pages.BasePage.clickOnElement(BasePage.java:135)
	at ui.pages.BasePage.clickOnElement(BasePage.java:135)
	at ui.pages.BasePage.clickOnElement(BasePage.java:135)
	at ui.pages.BasePage.clickOnElement(BasePage.java:135)
	at ui.pages.BasePage.clickOnElement(BasePage.java:135)
	at ui.pages.BasePage.clickOnElement(BasePage.java:135)
	at ui.pages.BasePage.clickOnElement(BasePage.java:135)
	at ui.pages.BasePage.clickOnElement(BasePage.java:135)
	at ui.pages.BasePage.clickOnElement(BasePage.java:135)
	at ui.pages.BasePage.clickOnElement(BasePage.java:135)
	at ui.pages.BasePage.clickOnElement(BasePage.java:135)
	at ui.pages.BasePage.clickOnElement(BasePage.java:135)
	at ui.pages.BasePage.clickOnElement(BasePage.java:135)
	at ui.pages.BasePage.clickOnElement(BasePage.java:135)
	at ui.pages.BasePage.clickOnElement(BasePage.java:135)
	at ui.pages.BasePage.clickOnElement(BasePage.java:135)
	at ui.pages.BasePage.clickOnElement(BasePage.java:135)
	at ui.pages.BasePage.clickOnElement(BasePage.java:135)
	at ui.pages.BasePage.clickOnElement(BasePage.java:135)
	at ui.pages.BasePage.clickOnElement(BasePage.java:135)
	at ui.pages.BasePage.clickOnElement(BasePage.java:135)
	at ui.pages.BasePage.clickOnElement(BasePage.java:135)
	at ui.pages.BasePage.clickOnElement(BasePage.java:135)
	at ui.pages.BasePage.clickOnElement(BasePage.java:135)
	at ui.pages.BasePage.clickOnElement(BasePage.java:135)
	at ui.pages.BasePage.clickOnElement(BasePage.java:135)
	at ui.pages.BasePage.clickOnElement(BasePage.java:135)
	at ui.pages.BasePage.clickOnElement(BasePage.java:135)
	at ui.pages.BasePage.clickOnElement(BasePage.java:135)
	at ui.pages.BasePage.clickOnElement(BasePage.java:135)
	at ui.pages.BasePage.clickOnElement(BasePage.java:135)
	at ui.pages.BasePage.clickOnElement(BasePage.java:135)
	at ui.pages.BasePage.clickOnElement(BasePage.java:135)
	at ui.pages.BasePage.clickOnElement(BasePage.java:135)
	at ui.pages.BasePage.clickOnElement(BasePage.java:135)
	at ui.pages.BasePage.clickOnElement(BasePage.java:135)
	at ui.pages.BasePage.clickOnElement(BasePage.java:135)
	at ui.pages.BasePage.clickOnElement(BasePage.java:135)
	at ui.pages.BasePage.clickOnElement(BasePage.java:135)
	at ui.pages.BasePage.clickOnElement(BasePage.java:135)
	at ui.pages.BasePage.clickOnElement(BasePage.java:135)
	at ui.pages.BasePage.clickOnElement(BasePage.java:135)
	at ui.pages.BasePage.clickOnElement(BasePage.java:135)
	at ui.pages.BasePage.clickOnElement(BasePage.java:135)
	at ui.pages.BasePage.clickOnElement(BasePage.java:135)
	at ui.pages.BasePage.clickOnElement(BasePage.java:135)
	at ui.pages.BasePage.clickOnElement(BasePage.java:135)
	at ui.pages.BasePage.clickOnElement(BasePage.java:135)
	at ui.pages.BasePage.clickOnElement(BasePage.java:135)
	at ui.pages.BasePage.clickOnElement(BasePage.java:135)
	at ui.pages.BasePage.clickOnElement(BasePage.java:135)
	at ui.pages.BasePage.clickOnElement(BasePage.java:135)
	at ui.pages.BasePage.clickOnElement(BasePage.java:135)
	at ui.pages.BasePage.clickOnElement(BasePage.java:135)
	at ui.pages.BasePage.clickOnElement(BasePage.java:135)
	at ui.pages.BasePage.clickOnElement(BasePage.java:135)
	at ui.pages.BasePage.clickOnElement(BasePage.java:135)
	at ui.pages.BasePage.clickOnElement(BasePage.java:135)
	at ui.pages.BasePage.clickOnElement(BasePage.java:135)
	at ui.pages.BasePage.clickOnElement(BasePage.java:135)
	at ui.pages.BasePage.clickOnElement(BasePage.java:135)
	at ui.pages.BasePage.clickOnElement(BasePage.java:135)
	at ui.pages.BasePage.clickOnElement(BasePage.java:135)
	at ui.pages.BasePage.clickOnElement(BasePage.java:135)
	at ui.pages.BasePage.clickOnElement(BasePage.java:135)
	at ui.pages.BasePage.clickOnElement(BasePage.java:135)
	at ui.pages.BasePage.clickOnElement(BasePage.java:135)
	at ui.pages.BasePage.clickOnElement(BasePage.java:135)
	at ui.pages.BasePage.clickOnElement(BasePage.java:135)
	at ui.pages.BasePage.clickOnElement(BasePage.java:135)
	at ui.pages.BasePage.clickOnElement(BasePage.java:135)
	at ui.pages.BasePage.clickOnElement(BasePage.java:135)
	at ui.pages.BasePage.clickOnElement(BasePage.java:135)
	at ui.pages.BasePage.clickOnElement(BasePage.java:135)
	at ui.pages.BasePage.clickOnElement(BasePage.java:135)
	at ui.pages.BasePage.clickOnElement(BasePage.java:135)
	at ui.pages.BasePage.clickOnElement(BasePage.java:135)
	at ui.pages.BasePage.clickOnElement(BasePage.java:135)
	at ui.pages.BasePage.clickOnElement(BasePage.java:135)
	at ui.pages.BasePage.clickOnElement(BasePage.java:135)
	at ui.pages.BasePage.clickOnElement(BasePage.java:135)
	at ui.pages.BasePage.clickOnElement(BasePage.java:135)
	at ui.pages.BasePage.clickOnElement(BasePage.java:135)
	at ui.pages.BasePage.clickOnElement(BasePage.java:135)
	at ui.pages.BasePage.clickOnElement(BasePage.java:135)
	at ui.pages.BasePage.clickOnElement(BasePage.java:135)
	at ui.pages.BasePage.clickOnElement(BasePage.java:135)
	at ui.pages.BasePage.clickOnElement(BasePage.java:135)
	at ui.pages.BasePage.clickOnElement(BasePage.java:135)
	at ui.pages.BasePage.clickOnElement(BasePage.java:135)
	at ui.pages.BasePage.clickOnElement(BasePage.java:135)
	at ui.pages.BasePage.clickOnElement(BasePage.java:135)
	at ui.pages.BasePage.clickOnElement(BasePage.java:135)
	at ui.pages.BasePage.clickOnElement(BasePage.java:135)
	at ui.pages.BasePage.clickOnElement(BasePage.java:135)
	at ui.pages.BasePage.clickOnElement(BasePage.java:135)
	at ui.pages.BasePage.clickOnElement(BasePage.java:135)
	at ui.pages.BasePage.clickOnElement(BasePage.java:135)
	at ui.pages.BasePage.clickOnElement(BasePage.java:135)
	at ui.pages.BasePage.clickOnElement(BasePage.java:135)
	at ui.pages.BasePage.clickOnElement(BasePage.java:135)
	at ui.pages.BasePage.clickOnElement(BasePage.java:135)
	at ui.pages.BasePage.clickOnElement(BasePage.java:135)
	at ui.pages.BasePage.clickOnElement(BasePage.java:135)
	at ui.pages.BasePage.clickOnElement(BasePage.java:135)
	at ui.pages.BasePage.clickOnElement(BasePage.java:135)
	at ui.pages.BasePage.clickOnElement(BasePage.java:135)
	at ui.pages.BasePage.clickOnElement(BasePage.java:135)
	at ui.pages.BasePage.clickOnElement(BasePage.java:135)
	at ui.pages.BasePage.clickOnElement(BasePage.java:135)
	at ui.pages.BasePage.clickOnElement(BasePage.java:135)
	at ui.pages.BasePage.clickOnElement(BasePage.java:135)
	at ui.pages.BasePage.clickOnElement(BasePage.java:135)
	at ui.pages.BasePage.clickOnElement(BasePage.java:135)
	at ui.pages.BasePage.clickOnElement(BasePage.java:135)
	at ui.pages.BasePage.clickOnElement(BasePage.java:135)
	at ui.pages.BasePage.clickOnElement(BasePage.java:135)
	at ui.pages.BasePage.clickOnElement(BasePage.java:135)
	at ui.pages.BasePage.clickOnElement(BasePage.java:135)
	at ui.pages.BasePage.clickOnElement(BasePage.java:135)
	at ui.pages.BasePage.clickOnElement(BasePage.java:135)
	at ui.pages.BasePage.clickOnElement(BasePage.java:135)
	at ui.pages.BasePage.clickOnElement(BasePage.java:135)
	at ui.pages.BasePage.clickOnElement(BasePage.java:135)
	at ui.pages.BasePage.clickOnElement(BasePage.java:135)
	at ui.pages.BasePage.clickOnElement(BasePage.java:135)
	at ui.pages.BasePage.clickOnElement(BasePage.java:135)
	at ui.pages.BasePage.clickOnElement(BasePage.java:135)
[...]
  And Validates empty date and time for Release Assignment on Work Queue Assignments page           # steps.validations.workqueue.filteroption.WorkQueueAssignmentsPageValidations.validateEmptyDateAndTime()
  And Clicks Cancel Button for Assignment on Work Queue Assignments page                            # steps.workqueue.filteroption.WorkQueueAssignmentsPageSteps.clickCancelButton()
  And Checks assignment with index 1 on Work Queue Assignments page                                 # steps.workqueue.filteroption.WorkQueueAssignmentsPageSteps.checkAssignmentByAssignmentIndex(int)
  And User clicks Release Assignment on Work Queue Assignments page                                 # steps.workqueue.filteroption.WorkQueueAssignmentsPageSteps.clickReleaseAssignment()
  And User selects User "Admin" for Assignment on Work Queue Assignments page                       # steps.workqueue.filteroption.WorkQueueAssignmentsPageSteps.selectAssignmentUser(java.lang.String)
  And Clicks Cancel Button for Assignment on Work Queue Assignments page                            # steps.workqueue.filteroption.WorkQueueAssignmentsPageSteps.clickCancelButton()
  And Checks assignment with index 0 on Work Queue Assignments page                                 # steps.workqueue.filteroption.WorkQueueAssignmentsPageSteps.checkAssignmentByAssignmentIndex(int)
  And Checks assignment with index 1 on Work Queue Assignments page                                 # steps.workqueue.filteroption.WorkQueueAssignmentsPageSteps.checkAssignmentByAssignmentIndex(int)
  And User clicks Release Assignment on Work Queue Assignments page                                 # steps.workqueue.filteroption.WorkQueueAssignmentsPageSteps.clickReleaseAssignment()
  And Validates current date and time for Release Assignment on Work Queue Assignments page         # steps.validations.workqueue.filteroption.WorkQueueAssignmentsPageValidations.validateReleaseDateAndTime()
  And Validates Assignment popup Cancel and Save buttons are present on Work Queue Assignments page # steps.validations.workqueue.filteroption.WorkQueueAssignmentsPageValidations.validateAssignmentPopupButtons()
  And User selects User "AFSWS User" for Assignment on Work Queue Assignments page                  # steps.workqueue.filteroption.WorkQueueAssignmentsPageSteps.selectAssignmentUser(java.lang.String)
  And Clicks Save Button for Assignment on Work Queue Assignments page                              # steps.workqueue.filteroption.WorkQueueAssignmentsPageSteps.clickSaveButton()
  And Validates Successful message "Success" on Work Queue Assignments page                         # steps.validations.workqueue.filteroption.WorkQueueAssignmentsPageValidations.validateSuccessfulNotification(java.lang.String)
  And Checks assignment with index 0 on Work Queue Assignments page                                 # steps.workqueue.filteroption.WorkQueueAssignmentsPageSteps.checkAssignmentByAssignmentIndex(int)
  And Checks assignment with index 1 on Work Queue Assignments page                                 # steps.workqueue.filteroption.WorkQueueAssignmentsPageSteps.checkAssignmentByAssignmentIndex(int)
  And User clicks Release Assignment on Work Queue Assignments page                                 # steps.workqueue.filteroption.WorkQueueAssignmentsPageSteps.clickReleaseAssignment()
  And Validates current date and time for Release Assignment on Work Queue Assignments page         # steps.validations.workqueue.filteroption.WorkQueueAssignmentsPageValidations.validateReleaseDateAndTime()
  And Validates Assignment popup Cancel and Save buttons are present on Work Queue Assignments page # steps.validations.workqueue.filteroption.WorkQueueAssignmentsPageValidations.validateAssignmentPopupButtons()
  And User selects User "RF User" for Assignment on Work Queue Assignments page                     # steps.workqueue.filteroption.WorkQueueAssignmentsPageSteps.selectAssignmentUser(java.lang.String)
  And Clicks Cancel Button for Assignment on Work Queue Assignments page                            # steps.workqueue.filteroption.WorkQueueAssignmentsPageSteps.clickCancelButton()
]]></system-out>
    <system-err><![CDATA[Jul 17, 2023 6:23:23 PM org.openqa.selenium.remote.RemoteWebDriver checkNonW3CCapabilities
WARNING: Support for Legacy Capabilities is deprecated; You are sending the following invalid capabilities: [download.directory_upgrade, download.prompt_for_download, safebrowsing.enabled]; Please update to W3C Syntax: https://www.selenium.dev/blog/2022/legacy-protocol-support/
Starting ChromeDriver 114.0.5735.90 (386bc09e8f4f2e025eddae123f36f6263096ae49-refs/branch-heads/5735@{#1052}) on port 25308
Only local connections are allowed.
Please see https://chromedriver.chromium.org/security-considerations for suggestions on keeping ChromeDriver safe.
ChromeDriver was started successfully.
Jul 17, 2023 6:23:24 PM org.openqa.selenium.remote.ProtocolHandshake createSession
WARNING: Support for Legacy Capabilities is deprecated; You are sending the following invalid capabilities: [download.directory_upgrade, download.prompt_for_download, safebrowsing.enabled]; Please update to W3C Syntax: https://www.selenium.dev/blog/2022/legacy-protocol-support/
Jul 17, 2023 6:23:24 PM org.openqa.selenium.devtools.CdpVersionFinder findNearestMatch
WARNING: Unable to find CDP implementation matching 114
Jul 17, 2023 6:23:24 PM org.openqa.selenium.chromium.ChromiumDriver lambda$new$3
WARNING: Unable to find version of CDP to use for . You may need to include a dependency on a specific version of the CDP using something similar to `org.seleniumhq.selenium:selenium-devtools-v86:4.8.0` where the version ("v86") matches the version of the chromium-based browser you're using and the version number of the artifact is the same as Selenium's.
]]></system-err>
  </testcase>
  <testcase name="runScenario" classname="runners.WorkQueueCucumberRunner" time="106.509"/>
  <testcase name="runScenario" classname="runners.WorkQueueCucumberRunner" time="89.277">
    <failure type="java.lang.NullPointerException">java.lang.NullPointerException
</failure>
    <system-out><![CDATA[ createdDriver ChromeDriver: chrome on WINDOWS (27cec22c9ee63bca7f4f494875a665fd)
 driverThreadLocal  java.lang.ThreadLocal@64dc86c6

@WorkQueue @Regression
Scenario: Checking Assignment Details of Work Queue Assignments screen functionality # src/test/resources/features/workqueue/assignmentlist/filteroption/WorkQueueFilterOptionScreen.feature:425
  Given User signs in the application                                                # steps.LoginPageSteps.loginToApplication()
  And Main page is loaded                                                            # steps.DockManagementSummaryPageSteps.goToDockManagementSummaryPage()
  And DockManagement Summary Page is validated                                       # steps.validations.DockManagementSummaryPageValidations.validateDockManagementSummaryPage()
  And Go to Work Queue Assignments page                                              # steps.DockManagementSummaryPageSteps.goToWorkQueueAssignmentsPage()
  And Waits for Work Queue Assignments page to load                                  # steps.workqueue.filteroption.WorkQueueAssignmentsPageSteps.waitForWorkQueueAssignmentsPageToLoad()
  When Clicks assignment with index 0 on Work Queue Assignments page                 # steps.workqueue.filteroption.WorkQueueAssignmentsPageSteps.clickAssignmentByAssignmentIndex(int)
  And Validates Assignment details on Work Queue Assignments page                    # steps.validations.workqueue.filteroption.WorkQueueAssignmentsPageValidations.validateAssignmentDetails()
      java.lang.NullPointerException
	at org.openqa.selenium.support.ui.ExpectedConditions.elementIfVisible(ExpectedConditions.java:307)
	at org.openqa.selenium.support.ui.ExpectedConditions.access$000(ExpectedConditions.java:40)
	at org.openqa.selenium.support.ui.ExpectedConditions$10.apply(ExpectedConditions.java:293)
	at org.openqa.selenium.support.ui.ExpectedConditions$10.apply(ExpectedConditions.java:290)
	at org.openqa.selenium.support.ui.FluentWait.until(FluentWait.java:208)
	at common.utils.Waiters.waitForElementToBeDisplay(Waiters.java:66)
	at ui.pages.workqueue.assignmentlist.filteroption.WorkQueueAssignmentsPage.isEditTaskButtonDisplayed(WorkQueueAssignmentsPage.java:820)
	at steps.validations.workqueue.filteroption.WorkQueueAssignmentsPageValidations.validateAssignmentDetails(WorkQueueAssignmentsPageValidations.java:121)
	at вњЅ.Validates Assignment details on Work Queue Assignments page(file:///C:/Users/Irina.Holovan/Documents/ignition-qa/AFS_Automation/WMS_Automation/src/test/resources/features/workqueue/assignmentlist/filteroption/WorkQueueFilterOptionScreen.feature:432)

  Then User clicks Close on Work Queue Assignments page                              # steps.workqueue.filteroption.WorkQueueAssignmentsPageSteps.clickCloseBtn()
  And Work Queue Assignments Page is validated                                       # steps.validations.workqueue.filteroption.WorkQueueAssignmentsPageValidations.validateWorkQueueAssignmentsPage()
]]></system-out>
    <system-err><![CDATA[Jul 17, 2023 6:27:41 PM org.openqa.selenium.remote.RemoteWebDriver checkNonW3CCapabilities
WARNING: Support for Legacy Capabilities is deprecated; You are sending the following invalid capabilities: [download.directory_upgrade, download.prompt_for_download, safebrowsing.enabled]; Please update to W3C Syntax: https://www.selenium.dev/blog/2022/legacy-protocol-support/
Starting ChromeDriver 114.0.5735.90 (386bc09e8f4f2e025eddae123f36f6263096ae49-refs/branch-heads/5735@{#1052}) on port 10458
Only local connections are allowed.
Please see https://chromedriver.chromium.org/security-considerations for suggestions on keeping ChromeDriver safe.
ChromeDriver was started successfully.
Jul 17, 2023 6:27:42 PM org.openqa.selenium.remote.ProtocolHandshake createSession
WARNING: Support for Legacy Capabilities is deprecated; You are sending the following invalid capabilities: [download.directory_upgrade, download.prompt_for_download, safebrowsing.enabled]; Please update to W3C Syntax: https://www.selenium.dev/blog/2022/legacy-protocol-support/
Jul 17, 2023 6:27:42 PM org.openqa.selenium.devtools.CdpVersionFinder findNearestMatch
WARNING: Unable to find CDP implementation matching 114
Jul 17, 2023 6:27:42 PM org.openqa.selenium.chromium.ChromiumDriver lambda$new$3
WARNING: Unable to find version of CDP to use for . You may need to include a dependency on a specific version of the CDP using something similar to `org.seleniumhq.selenium:selenium-devtools-v86:4.8.0` where the version ("v86") matches the version of the chromium-based browser you're using and the version number of the artifact is the same as Selenium's.
org.openqa.selenium.NoSuchElementException: no such element: Unable to locate element: {"method":"css selector","selector":"#editTaskButton"}
  (Session info: chrome=114.0.5735.199)
For documentation on this error, please visit: https://selenium.dev/exceptions/#no_such_element
Build info: version: '4.8.0', revision: '267030adea'
System info: os.name: 'Windows 10', os.arch: 'amd64', os.version: '10.0', java.version: '11.0.2'
Driver info: org.openqa.selenium.chrome.ChromeDriver
Command: [27cec22c9ee63bca7f4f494875a665fd, findElement {using=css selector, value=#editTaskButton}]
Capabilities {acceptInsecureCerts: false, browserName: chrome, browserVersion: 114.0.5735.199, chrome: {chromedriverVersion: 114.0.5735.90 (386bc09e8f4f..., userDataDir: C:\Users\IRINA~1.HOL\AppDat...}, goog:chromeOptions: {debuggerAddress: localhost:54236}, networkConnectionEnabled: false, pageLoadStrategy: normal, platformName: WINDOWS, proxy: Proxy(), se:cdp: ws://localhost:54236/devtoo..., se:cdpVersion: 114.0.5735.199, setWindowRect: true, strictFileInteractability: false, timeouts: {implicit: 0, pageLoad: 300000, script: 30000}, unhandledPromptBehavior: dismiss and notify, webauthn:extension:credBlob: true, webauthn:extension:largeBlob: true, webauthn:extension:minPinLength: true, webauthn:extension:prf: true, webauthn:virtualAuthenticators: true}
Session ID: 27cec22c9ee63bca7f4f494875a665fd
	at java.base/jdk.internal.reflect.NativeConstructorAccessorImpl.newInstance0(Native Method)
	at java.base/jdk.internal.reflect.NativeConstructorAccessorImpl.newInstance(NativeConstructorAccessorImpl.java:62)
	at java.base/jdk.internal.reflect.DelegatingConstructorAccessorImpl.newInstance(DelegatingConstructorAccessorImpl.java:45)
	at java.base/java.lang.reflect.Constructor.newInstance(Constructor.java:490)
	at org.openqa.selenium.remote.codec.w3c.W3CHttpResponseCodec.createException(W3CHttpResponseCodec.java:200)
	at org.openqa.selenium.remote.codec.w3c.W3CHttpResponseCodec.decode(W3CHttpResponseCodec.java:133)
	at org.openqa.selenium.remote.codec.w3c.W3CHttpResponseCodec.decode(W3CHttpResponseCodec.java:53)
	at org.openqa.selenium.remote.HttpCommandExecutor.execute(HttpCommandExecutor.java:184)
	at org.openqa.selenium.remote.service.DriverCommandExecutor.invokeExecute(DriverCommandExecutor.java:167)
	at org.openqa.selenium.remote.service.DriverCommandExecutor.execute(DriverCommandExecutor.java:142)
	at org.openqa.selenium.remote.RemoteWebDriver.execute(RemoteWebDriver.java:543)
	at org.openqa.selenium.remote.ElementLocation$ElementFinder$2.findElement(ElementLocation.java:162)
	at org.openqa.selenium.remote.ElementLocation.findElement(ElementLocation.java:60)
	at org.openqa.selenium.remote.RemoteWebDriver.findElement(RemoteWebDriver.java:352)
	at org.openqa.selenium.remote.RemoteWebDriver.findElement(RemoteWebDriver.java:344)
	at ui.pages.BasePage.findWebElement(BasePage.java:322)
	at ui.pages.workqueue.assignmentlist.filteroption.WorkQueueAssignmentsPage.getEditTaskButton(WorkQueueAssignmentsPage.java:1123)
	at ui.pages.workqueue.assignmentlist.filteroption.WorkQueueAssignmentsPage.isEditTaskButtonDisplayed(WorkQueueAssignmentsPage.java:820)
	at steps.validations.workqueue.filteroption.WorkQueueAssignmentsPageValidations.validateAssignmentDetails(WorkQueueAssignmentsPageValidations.java:121)
	at java.base/jdk.internal.reflect.NativeMethodAccessorImpl.invoke0(Native Method)
	at java.base/jdk.internal.reflect.NativeMethodAccessorImpl.invoke(NativeMethodAccessorImpl.java:62)
	at java.base/jdk.internal.reflect.DelegatingMethodAccessorImpl.invoke(DelegatingMethodAccessorImpl.java:43)
	at java.base/java.lang.reflect.Method.invoke(Method.java:566)
	at io.cucumber.java.Invoker.doInvoke(Invoker.java:66)
	at io.cucumber.java.Invoker.invoke(Invoker.java:24)
	at io.cucumber.java.AbstractGlueDefinition.invokeMethod(AbstractGlueDefinition.java:47)
	at io.cucumber.java.JavaStepDefinition.execute(JavaStepDefinition.java:29)
	at io.cucumber.core.runner.CoreStepDefinition.execute(CoreStepDefinition.java:66)
	at io.cucumber.core.runner.PickleStepDefinitionMatch.runStep(PickleStepDefinitionMatch.java:63)
	at io.cucumber.core.runner.ExecutionMode$1.execute(ExecutionMode.java:10)
	at io.cucumber.core.runner.TestStep.executeStep(TestStep.java:85)
	at io.cucumber.core.runner.TestStep.run(TestStep.java:57)
	at io.cucumber.core.runner.PickleStepTestStep.run(PickleStepTestStep.java:51)
	at io.cucumber.core.runner.TestCase.run(TestCase.java:84)
	at io.cucumber.core.runner.Runner.runPickle(Runner.java:75)
	at io.cucumber.testng.TestNGCucumberRunner.lambda$runScenario$1(TestNGCucumberRunner.java:132)
	at io.cucumber.core.runtime.CucumberExecutionContext.lambda$runTestCase$5(CucumberExecutionContext.java:129)
	at io.cucumber.core.runtime.RethrowingThrowableCollector.executeAndThrow(RethrowingThrowableCollector.java:23)
	at io.cucumber.core.runtime.CucumberExecutionContext.runTestCase(CucumberExecutionContext.java:129)
	at io.cucumber.testng.TestNGCucumberRunner.runScenario(TestNGCucumberRunner.java:129)
	at io.cucumber.testng.AbstractTestNGCucumberTests.runScenario(AbstractTestNGCucumberTests.java:35)
	at jdk.internal.reflect.GeneratedMethodAccessor119.invoke(Unknown Source)
	at java.base/jdk.internal.reflect.DelegatingMethodAccessorImpl.invoke(DelegatingMethodAccessorImpl.java:43)
	at java.base/java.lang.reflect.Method.invoke(Method.java:566)
	at org.testng.internal.invokers.MethodInvocationHelper.invokeMethod(MethodInvocationHelper.java:139)
	at org.testng.internal.invokers.TestInvoker.invokeMethod(TestInvoker.java:677)
	at org.testng.internal.invokers.TestInvoker.invokeTestMethod(TestInvoker.java:221)
	at org.testng.internal.invokers.MethodRunner.runInSequence(MethodRunner.java:50)
	at org.testng.internal.invokers.TestInvoker$MethodInvocationAgent.invoke(TestInvoker.java:969)
	at org.testng.internal.invokers.TestInvoker.invokeTestMethods(TestInvoker.java:194)
	at org.testng.internal.invokers.TestMethodWorker.invokeTestMethods(TestMethodWorker.java:148)
	at org.testng.internal.invokers.TestMethodWorker.run(TestMethodWorker.java:128)
	at java.base/java.util.ArrayList.forEach(ArrayList.java:1540)
	at org.testng.TestRunner.privateRun(TestRunner.java:829)
	at org.testng.TestRunner.run(TestRunner.java:602)
	at org.testng.SuiteRunner.runTest(SuiteRunner.java:437)
	at org.testng.SuiteRunner.runSequentially(SuiteRunner.java:431)
	at org.testng.SuiteRunner.privateRun(SuiteRunner.java:391)
	at org.testng.SuiteRunner.run(SuiteRunner.java:330)
	at org.testng.SuiteRunnerWorker.runSuite(SuiteRunnerWorker.java:52)
	at org.testng.SuiteRunnerWorker.run(SuiteRunnerWorker.java:95)
	at org.testng.TestNG.runSuitesSequentially(TestNG.java:1256)
	at org.testng.TestNG.runSuitesLocally(TestNG.java:1176)
	at org.testng.TestNG.runSuites(TestNG.java:1099)
	at org.testng.TestNG.run(TestNG.java:1067)
	at org.apache.maven.surefire.testng.TestNGExecutor.run(TestNGExecutor.java:283)
	at org.apache.maven.surefire.testng.TestNGXmlTestSuite.execute(TestNGXmlTestSuite.java:75)
	at org.apache.maven.surefire.testng.TestNGProvider.invoke(TestNGProvider.java:120)
	at org.apache.maven.surefire.booter.ForkedBooter.invokeProviderInSameClassLoader(ForkedBooter.java:384)
	at org.apache.maven.surefire.booter.ForkedBooter.runSuitesInProcess(ForkedBooter.java:345)
	at org.apache.maven.surefire.booter.ForkedBooter.execute(ForkedBooter.java:126)
	at org.apache.maven.surefire.booter.ForkedBooter.main(ForkedBooter.java:418)
]]></system-err>
  </testcase>
  <testcase name="runScenario" classname="runners.WorkQueueCucumberRunner" time="80.83"/>
  <testcase name="runScenario" classname="runners.WorkQueueCucumberRunner" time="76.656"/>
  <testcase name="runScenario" classname="runners.WorkQueueCucumberRunner" time="82.119"/>
  <testcase name="runScenario" classname="runners.WorkQueueCucumberRunner" time="84.349"/>
  <testcase name="runScenario" classname="runners.WorkQueueCucumberRunner" time="75.896"/>
  <testcase name="runScenario" classname="runners.WorkQueueCucumberRunner" time="81.795"/>
  <testcase name="runScenario" classname="runners.WorkQueueCucumberRunner" time="83.492"/>
  <testcase name="runScenario" classname="runners.WorkQueueCucumberRunner" time="78.762"/>
  <testcase name="runScenario" classname="runners.WorkQueueCucumberRunner" time="79.357"/>
  <testcase name="runScenario" classname="runners.WorkQueueCucumberRunner" time="78.456"/>
  <testcase name="runScenario" classname="runners.WorkQueueCucumberRunner" time="76.333"/>
  <testcase name="runScenario" classname="runners.WorkQueueCucumberRunner" time="87.29"/>
  <testcase name="runScenario" classname="runners.WorkQueueCucumberRunner" time="92.076"/>
  <testcase name="runScenario" classname="runners.WorkQueueCucumberRunner" time="74.32"/>
  <testcase name="runScenario" classname="runners.WorkQueueCucumberRunner" time="99.433"/>
  <testcase name="runScenario" classname="runners.WorkQueueCucumberRunner" time="70.568"/>
  <testcase name="runScenario" classname="runners.WorkQueueCucumberRunner" time="91.158"/>
</testsuite>