<?xml version="1.0" encoding="UTF-8"?>
<testng-results ignored="0" total="1" passed="1" failed="0" skipped="0">
  <reporter-output>
  </reporter-output>
  <suite started-at="2023-07-05T01:51:39 IST" name="Work Queue tests verification" finished-at="2023-07-05T01:52:27 IST" duration-ms="47521">
    <groups>
      <group name="cucumber">
        <method signature="AbstractTestNGCucumberTests.runScenario(io.cucumber.testng.PickleWrapper,io.cucumber.testng.FeatureWrapper)[pri:0, instance:runners.msg_delay_wms@508dec2b]" name="runScenario" class="io.cucumber.testng.AbstractTestNGCucumberTests"/>
      </group> <!-- cucumber -->
    </groups>
    <test started-at="2023-07-05T01:51:39 IST" name="Work Queue verification" finished-at="2023-07-05T01:52:27 IST" duration-ms="47521">
      <class name="runners.msg_delay_wms">
        <test-method is-config="true" signature="setUpClass(org.testng.ITestContext)[pri:0, instance:runners.msg_delay_wms@508dec2b]" started-at="2023-07-05T01:51:39 IST" name="setUpClass" finished-at="2023-07-05T01:51:40 IST" duration-ms="523" status="PASS">
          <params>
            <param index="0">
              <value>
                <![CDATA[org.testng.TestRunner@30bd39d5]]>
              </value>
            </param>
          </params>
          <reporter-output>
          </reporter-output>
        </test-method> <!-- setUpClass -->
        <test-method is-config="true" signature="beforeClass(java.lang.String)[pri:0, instance:runners.msg_delay_wms@508dec2b]" started-at="2023-07-05T01:51:40 IST" name="beforeClass" finished-at="2023-07-05T01:51:40 IST" duration-ms="32" status="PASS">
          <params>
            <param index="0">
              <value>
                <![CDATA[properties/config_test.properties]]>
              </value>
            </param>
          </params>
          <reporter-output>
          </reporter-output>
        </test-method> <!-- beforeClass -->
        <test-method is-config="true" signature="startBrowserInstance(java.lang.String,java.lang.String)[pri:0, instance:runners.msg_delay_wms@508dec2b]" started-at="2023-07-05T01:51:40 IST" name="startBrowserInstance" finished-at="2023-07-05T01:51:54 IST" duration-ms="14138" status="PASS">
          <params>
            <param index="0">
              <value>
                <![CDATA[properties/config_test.properties]]>
              </value>
            </param>
            <param index="1">
              <value>
                <![CDATA[properties/config_test.properties]]>
              </value>
            </param>
          </params>
          <reporter-output>
          </reporter-output>
        </test-method> <!-- startBrowserInstance -->
        <test-method signature="runScenario(io.cucumber.testng.PickleWrapper,io.cucumber.testng.FeatureWrapper)[pri:0, instance:runners.msg_delay_wms@508dec2b]" started-at="2023-07-05T01:51:54 IST" name="runScenario" description="Runs Cucumber Scenarios" data-provider="scenarios" finished-at="2023-07-05T01:52:05 IST" duration-ms="11298" status="PASS">
          <params>
            <param index="0">
              <value>
                <![CDATA["Checking Navigate to Work Queue Assign Work screen functionality"]]>
              </value>
            </param>
            <param index="1">
              <value>
                <![CDATA["Testing of Work Queue Assign Work functionality"]]>
              </value>
            </param>
          </params>
          <reporter-output>
          </reporter-output>
        </test-method> <!-- runScenario -->
        <test-method is-config="true" signature="closeBrowserInstance(org.testng.ITestResult)[pri:0, instance:runners.msg_delay_wms@508dec2b]" started-at="2023-07-05T01:52:05 IST" name="closeBrowserInstance" finished-at="2023-07-05T01:52:06 IST" duration-ms="215" status="PASS">
          <params>
            <param index="0">
              <value>
                <![CDATA[[TestResult name=runScenario status=SUCCESS method=AbstractTestNGCucumberTests.runScenario(io.cucumber.testng.PickleWrapper,io.cucumber.testng.FeatureWrapper)[pri:0, instance:runners.msg_delay_wms@508dec2b] output={null}]]]>
              </value>
            </param>
          </params>
          <reporter-output>
          </reporter-output>
        </test-method> <!-- closeBrowserInstance -->
        <test-method is-config="true" signature="afterClass()[pri:0, instance:runners.msg_delay_wms@508dec2b]" started-at="2023-07-05T01:52:06 IST" name="afterClass" finished-at="2023-07-05T01:52:23 IST" duration-ms="16975" status="PASS">
          <reporter-output>
          </reporter-output>
        </test-method> <!-- afterClass -->
        <test-method is-config="true" signature="tearDownClass()[pri:0, instance:runners.msg_delay_wms@508dec2b]" started-at="2023-07-05T01:52:23 IST" name="tearDownClass" finished-at="2023-07-05T01:52:27 IST" duration-ms="4140" status="PASS">
          <reporter-output>
          </reporter-output>
        </test-method> <!-- tearDownClass -->
      </class> <!-- runners.msg_delay_wms -->
    </test> <!-- Work Queue verification -->
  </suite> <!-- Work Queue tests verification -->
</testng-results>
