-------------------------------------------------------------------------------
Test set: TestSuite
-------------------------------------------------------------------------------
Tests run: 2, Failures: 1, Errors: 0, Skipped: 1, Time elapsed: 1.781 s <<< FAILURE! - in TestSuite
setUpClass(runners.RegressionRunner)  Time elapsed: 1.547 s  <<< FAILURE!
java.lang.IllegalArgumentException: path must exist: E:\GithubBuilds\IgnitionQA\_work\ignition-qa\ignition-qa\AFS_Automation\WMS_Automation\WMSAutomation\src\test\resources\features

