-------------------------------------------------------------------------------
Test set: TestSuite
-------------------------------------------------------------------------------
Tests run: 2, Failures: 1, Errors: 0, Skipped: 0, Time elapsed: 21.01 s <<< FAILURE! - in TestSuite
afterClass(runners.msg_delay_wms)  Time elapsed: 12.085 s  <<< FAILURE!
java.nio.file.NoSuchFileException: E:\GithubBuilds\IgnitionQA\_work\ignition-qa\ignition-qa\AFS_Automation\WMS_Automation\target\cucumber-reports\cucumber.html -> E:\GithubBuilds\IgnitionQA\_work\ignition-qa\ignition-qa\AFS_Automation\WMS_Automation\Reports\Cucumber-Reports\cucumber_2023-07-04T15-59-46.html
	at runners.msg_delay_wms.afterClass(msg_delay_wms.java:85)

