-------------------------------------------------------------------------------
Test set: TestSuite
-------------------------------------------------------------------------------
Tests run: 3, Failures: 1, Errors: 0, Skipped: 1, Time elapsed: 20.342 s <<< FAILURE! - in TestSuite
closeBrowserInstance(runners.msg_delay_wms)  Time elapsed: 11.403 s  <<< FAILURE!
java.nio.file.NoSuchFileException: E:\GithubBuilds\IgnitionQA\_work\ignition-qa\ignition-qa\AFS_Automation\WMS_Automation\target\cucumber-reports\cucumber.html -> E:\GithubBuilds\IgnitionQA\_work\ignition-qa\ignition-qa\AFS_Automation\WMS_Automation\Reports\Cucumber-Reports\cucumber_2023-07-04T15-07-00.html
	at runners.msg_delay_wms.closeBrowserInstance(msg_delay_wms.java:62)

