-------------------------------------------------------------------------------
Test set: TestSuite
-------------------------------------------------------------------------------
Tests run: 3, Failures: 1, Errors: 0, Skipped: 1, Time elapsed: 59.662 s <<< FAILURE! - in TestSuite
closeBrowserInstance(runners.msg_delay_wms)  Time elapsed: 11.433 s  <<< FAILURE!
java.nio.file.NoSuchFileException: E:\GithubBuilds\IgnitionQA\_work\ignition-qa\ignition-qa\AFS_Automation\WMS_Automation\target\surefire-reports\emailable-report.html
	at runners.msg_delay_wms.closeBrowserInstance(msg_delay_wms.java:62)

