<?xml version="1.0" encoding="UTF-8"?>
<!-- Generated by org.testng.reporters.JUnitXMLReporter -->
<testsuite ignored="0" hostname="UA21005" failures="5" tests="43" name="Work Queue verification" time="4153.686" errors="0" timestamp="2023-07-17T18:55:40 EEST">
  <testcase classname="io.cucumber.testng.AbstractTestNGCucumberTests" name="runScenario" time="91.098"/>
  <testcase classname="io.cucumber.testng.AbstractTestNGCucumberTests" name="runScenario" time="84.919"/>
  <testcase classname="io.cucumber.testng.AbstractTestNGCucumberTests" name="runScenario" time="78.028"/>
  <testcase classname="io.cucumber.testng.AbstractTestNGCucumberTests" name="runScenario" time="74.577"/>
  <testcase classname="io.cucumber.testng.AbstractTestNGCucumberTests" name="runScenario" time="71.532"/>
  <testcase classname="io.cucumber.testng.AbstractTestNGCucumberTests" name="runScenario" time="78.904"/>
  <testcase classname="io.cucumber.testng.AbstractTestNGCucumberTests" name="runScenario" time="81.434"/>
  <testcase classname="io.cucumber.testng.AbstractTestNGCucumberTests" name="runScenario" time="85.077"/>
  <testcase classname="io.cucumber.testng.AbstractTestNGCucumberTests" name="runScenario" time="83.147"/>
  <testcase classname="io.cucumber.testng.AbstractTestNGCucumberTests" name="runScenario" time="77.323">
    <failure type="java.lang.AssertionError" message="The following asserts failed:
	Items Found is 0 expected [true] but found [false]">
      <![CDATA[java.lang.AssertionError: The following asserts failed:
Items Found is 0 expected [true] but found [false]
at steps.validations.workqueue.filteroption.WorkQueueAssignmentsPageValidations.validateGridItemsPresent(WorkQueueAssignmentsPageValidations.java:30)
at ✽.Validates Grid items are present on Work Queue Assignments page(file:///C:/Users/Irina.Holovan/Documents/ignition-qa/AFS_Automation/WMS_Automation/src/test/resources/features/workqueue/assignmentlist/filteroption/WorkQueueFilterOptionScreen.feature:151)
... Removed 2 stack frames]]>
    </failure>
  </testcase> <!-- runScenario -->
  <testcase classname="io.cucumber.testng.AbstractTestNGCucumberTests" name="runScenario" time="74.548"/>
  <testcase classname="io.cucumber.testng.AbstractTestNGCucumberTests" name="runScenario" time="83.689"/>
  <testcase classname="io.cucumber.testng.AbstractTestNGCucumberTests" name="runScenario" time="76.857"/>
  <testcase classname="io.cucumber.testng.AbstractTestNGCucumberTests" name="runScenario" time="72.454"/>
  <testcase classname="io.cucumber.testng.AbstractTestNGCucumberTests" name="runScenario" time="82.523"/>
  <testcase classname="io.cucumber.testng.AbstractTestNGCucumberTests" name="runScenario" time="186.135">
    <failure type="org.openqa.selenium.TimeoutException" message="Expected condition failed: waiting for visibility of element located by By.xpath: //input[contains(@id, &amp;apos;Pick Dry&amp;apos;)] (tried for 100 second(s) with 1000 milliseconds interval)
Build info: version: &amp;apos;4.8.0&amp;apos;, revision: &amp;apos;267030adea&amp;apos;
System info: os.name: &amp;apos;Windows 10&amp;apos;, os.arch: &amp;apos;amd64&amp;apos;, os.version: &amp;apos;10.0&amp;apos;, java.version: &amp;apos;11.0.2&amp;apos;
Driver info: driver.version: unknown">
      <![CDATA[org.openqa.selenium.TimeoutException: Expected condition failed: waiting for visibility of element located by By.xpath: //input[contains(@id, 'Pick Dry')] (tried for 100 second(s) with 1000 milliseconds interval)
Build info: version: '4.8.0', revision: '267030adea'
System info: os.name: 'Windows 10', os.arch: 'amd64', os.version: '10.0', java.version: '11.0.2'
Driver info: driver.version: unknown
at org.openqa.selenium.support.ui.FluentWait.timeoutException(FluentWait.java:263)
at org.openqa.selenium.support.ui.FluentWait.until(FluentWait.java:231)
at common.utils.Waiters.waitForElementToBeDisplay(Waiters.java:70)
at ui.pages.workqueue.assignmentlist.filteroption.WorkQueueAssignmentsPage.clickAssignmentTypePickDry(WorkQueueAssignmentsPage.java:247)
at steps.workqueue.filteroption.WorkQueueAssignmentsPageSteps.clickAssignmentTypePickDry(WorkQueueAssignmentsPageSteps.java:366)
at ✽.Checks Assignment type Pick Dry on Work Queue Assignments page(file:///C:/Users/Irina.Holovan/Documents/ignition-qa/AFS_Automation/WMS_Automation/src/test/resources/features/workqueue/assignmentlist/filteroption/WorkQueueFilterOptionScreen.feature:238)
]]>
    </failure>
  </testcase> <!-- runScenario -->
  <testcase classname="io.cucumber.testng.AbstractTestNGCucumberTests" name="runScenario" time="73.186"/>
  <testcase classname="io.cucumber.testng.AbstractTestNGCucumberTests" name="runScenario" time="79.494"/>
  <testcase classname="io.cucumber.testng.AbstractTestNGCucumberTests" name="runScenario" time="73.694"/>
  <testcase classname="io.cucumber.testng.AbstractTestNGCucumberTests" name="runScenario" time="76.513"/>
  <testcase classname="io.cucumber.testng.AbstractTestNGCucumberTests" name="runScenario" time="75.77"/>
  <testcase classname="io.cucumber.testng.AbstractTestNGCucumberTests" name="runScenario" time="123.677"/>
  <testcase classname="io.cucumber.testng.AbstractTestNGCucumberTests" name="runScenario" time="65.813">
    <failure type="java.lang.AssertionError" message="The following asserts failed:
	Warning Message is not correct expected [Delete selected assignment?] but found [Delete]">
      <![CDATA[java.lang.AssertionError: The following asserts failed:
Warning Message is not correct expected [Delete selected assignment?] but found [Delete]
at steps.validations.workqueue.filteroption.WorkQueueAssignmentsPageValidations.validateWarningMessage(WorkQueueAssignmentsPageValidations.java:99)
at ✽.Validates "Delete selected assignment?" message content on dialog popup on Work Queue Assignments page(file:///C:/Users/Irina.Holovan/Documents/ignition-qa/AFS_Automation/WMS_Automation/src/test/resources/features/workqueue/assignmentlist/filteroption/WorkQueueFilterOptionScreen.feature:350)
... Removed 2 stack frames]]>
    </failure>
  </testcase> <!-- runScenario -->
  <testcase classname="io.cucumber.testng.AbstractTestNGCucumberTests" name="runScenario" time="127.849">
    <failure type="java.lang.StackOverflowError">
      <![CDATA[java.lang.StackOverflowError
at ui.pages.BasePage.clickOnElement(BasePage.java:137)
at ui.pages.BasePage.clickOnElement(BasePage.java:135)
at ui.pages.BasePage.clickOnElement(BasePage.java:135)
at ui.pages.BasePage.clickOnElement(BasePage.java:135)
at ui.pages.BasePage.clickOnElement(BasePage.java:135)
at ui.pages.BasePage.clickOnElement(BasePage.java:135)
at ui.pages.BasePage.clickOnElement(BasePage.java:135)
at ui.pages.BasePage.clickOnElement(BasePage.java:135)
at ui.pages.BasePage.clickOnElement(BasePage.java:135)
at ui.pages.BasePage.clickOnElement(BasePage.java:135)
at ui.pages.BasePage.clickOnElement(BasePage.java:135)
at ui.pages.BasePage.clickOnElement(BasePage.java:135)
at ui.pages.BasePage.clickOnElement(BasePage.java:135)
at ui.pages.BasePage.clickOnElement(BasePage.java:135)
at ui.pages.BasePage.clickOnElement(BasePage.java:135)
at ui.pages.BasePage.clickOnElement(BasePage.java:135)
at ui.pages.BasePage.clickOnElement(BasePage.java:135)
at ui.pages.BasePage.clickOnElement(BasePage.java:135)
at ui.pages.BasePage.clickOnElement(BasePage.java:135)
at ui.pages.BasePage.clickOnElement(BasePage.java:135)
at ui.pages.BasePage.clickOnElement(BasePage.java:135)
at ui.pages.BasePage.clickOnElement(BasePage.java:135)
at ui.pages.BasePage.clickOnElement(BasePage.java:135)
at ui.pages.BasePage.clickOnElement(BasePage.java:135)
at ui.pages.BasePage.clickOnElement(BasePage.java:135)
at ui.pages.BasePage.clickOnElement(BasePage.java:135)
at ui.pages.BasePage.clickOnElement(BasePage.java:135)
at ui.pages.BasePage.clickOnElement(BasePage.java:135)
at ui.pages.BasePage.clickOnElement(BasePage.java:135)
at ui.pages.BasePage.clickOnElement(BasePage.java:135)
at ui.pages.BasePage.clickOnElement(BasePage.java:135)
at ui.pages.BasePage.clickOnElement(BasePage.java:135)
at ui.pages.BasePage.clickOnElement(BasePage.java:135)
at ui.pages.BasePage.clickOnElement(BasePage.java:135)
at ui.pages.BasePage.clickOnElement(BasePage.java:135)
at ui.pages.BasePage.clickOnElement(BasePage.java:135)
at ui.pages.BasePage.clickOnElement(BasePage.java:135)
at ui.pages.BasePage.clickOnElement(BasePage.java:135)
at ui.pages.BasePage.clickOnElement(BasePage.java:135)
at ui.pages.BasePage.clickOnElement(BasePage.java:135)
at ui.pages.BasePage.clickOnElement(BasePage.java:135)
at ui.pages.BasePage.clickOnElement(BasePage.java:135)
at ui.pages.BasePage.clickOnElement(BasePage.java:135)
at ui.pages.BasePage.clickOnElement(BasePage.java:135)
at ui.pages.BasePage.clickOnElement(BasePage.java:135)
at ui.pages.BasePage.clickOnElement(BasePage.java:135)
at ui.pages.BasePage.clickOnElement(BasePage.java:135)
at ui.pages.BasePage.clickOnElement(BasePage.java:135)
at ui.pages.BasePage.clickOnElement(BasePage.java:135)
at ui.pages.BasePage.clickOnElement(BasePage.java:135)
at ui.pages.BasePage.clickOnElement(BasePage.java:135)
at ui.pages.BasePage.clickOnElement(BasePage.java:135)
at ui.pages.BasePage.clickOnElement(BasePage.java:135)
at ui.pages.BasePage.clickOnElement(BasePage.java:135)
at ui.pages.BasePage.clickOnElement(BasePage.java:135)
at ui.pages.BasePage.clickOnElement(BasePage.java:135)
at ui.pages.BasePage.clickOnElement(BasePage.java:135)
at ui.pages.BasePage.clickOnElement(BasePage.java:135)
at ui.pages.BasePage.clickOnElement(BasePage.java:135)
at ui.pages.BasePage.clickOnElement(BasePage.java:135)
at ui.pages.BasePage.clickOnElement(BasePage.java:135)
at ui.pages.BasePage.clickOnElement(BasePage.java:135)
at ui.pages.BasePage.clickOnElement(BasePage.java:135)
at ui.pages.BasePage.clickOnElement(BasePage.java:135)
at ui.pages.BasePage.clickOnElement(BasePage.java:135)
at ui.pages.BasePage.clickOnElement(BasePage.java:135)
at ui.pages.BasePage.clickOnElement(BasePage.java:135)
at ui.pages.BasePage.clickOnElement(BasePage.java:135)
at ui.pages.BasePage.clickOnElement(BasePage.java:135)
at ui.pages.BasePage.clickOnElement(BasePage.java:135)
at ui.pages.BasePage.clickOnElement(BasePage.java:135)
at ui.pages.BasePage.clickOnElement(BasePage.java:135)
at ui.pages.BasePage.clickOnElement(BasePage.java:135)
at ui.pages.BasePage.clickOnElement(BasePage.java:135)
at ui.pages.BasePage.clickOnElement(BasePage.java:135)
at ui.pages.BasePage.clickOnElement(BasePage.java:135)
at ui.pages.BasePage.clickOnElement(BasePage.java:135)
at ui.pages.BasePage.clickOnElement(BasePage.java:135)
at ui.pages.BasePage.clickOnElement(BasePage.java:135)
at ui.pages.BasePage.clickOnElement(BasePage.java:135)
at ui.pages.BasePage.clickOnElement(BasePage.java:135)
at ui.pages.BasePage.clickOnElement(BasePage.java:135)
at ui.pages.BasePage.clickOnElement(BasePage.java:135)
at ui.pages.BasePage.clickOnElement(BasePage.java:135)
at ui.pages.BasePage.clickOnElement(BasePage.java:135)
at ui.pages.BasePage.clickOnElement(BasePage.java:135)
at ui.pages.BasePage.clickOnElement(BasePage.java:135)
at ui.pages.BasePage.clickOnElement(BasePage.java:135)
at ui.pages.BasePage.clickOnElement(BasePage.java:135)
at ui.pages.BasePage.clickOnElement(BasePage.java:135)
at ui.pages.BasePage.clickOnElement(BasePage.java:135)
at ui.pages.BasePage.clickOnElement(BasePage.java:135)
at ui.pages.BasePage.clickOnElement(BasePage.java:135)
at ui.pages.BasePage.clickOnElement(BasePage.java:135)
at ui.pages.BasePage.clickOnElement(BasePage.java:135)
at ui.pages.BasePage.clickOnElement(BasePage.java:135)
at ui.pages.BasePage.clickOnElement(BasePage.java:135)
at ui.pages.BasePage.clickOnElement(BasePage.java:135)
at ui.pages.BasePage.clickOnElement(BasePage.java:135)
at ui.pages.BasePage.clickOnElement(BasePage.java:135)
at ui.pages.BasePage.clickOnElement(BasePage.java:135)
at ui.pages.BasePage.clickOnElement(BasePage.java:135)
at ui.pages.BasePage.clickOnElement(BasePage.java:135)
at ui.pages.BasePage.clickOnElement(BasePage.java:135)
at ui.pages.BasePage.clickOnElement(BasePage.java:135)
at ui.pages.BasePage.clickOnElement(BasePage.java:135)
at ui.pages.BasePage.clickOnElement(BasePage.java:135)
at ui.pages.BasePage.clickOnElement(BasePage.java:135)
at ui.pages.BasePage.clickOnElement(BasePage.java:135)
at ui.pages.BasePage.clickOnElement(BasePage.java:135)
at ui.pages.BasePage.clickOnElement(BasePage.java:135)
at ui.pages.BasePage.clickOnElement(BasePage.java:135)
at ui.pages.BasePage.clickOnElement(BasePage.java:135)
at ui.pages.BasePage.clickOnElement(BasePage.java:135)
at ui.pages.BasePage.clickOnElement(BasePage.java:135)
at ui.pages.BasePage.clickOnElement(BasePage.java:135)
at ui.pages.BasePage.clickOnElement(BasePage.java:135)
at ui.pages.BasePage.clickOnElement(BasePage.java:135)
at ui.pages.BasePage.clickOnElement(BasePage.java:135)
at ui.pages.BasePage.clickOnElement(BasePage.java:135)
at ui.pages.BasePage.clickOnElement(BasePage.java:135)
at ui.pages.BasePage.clickOnElement(BasePage.java:135)
at ui.pages.BasePage.clickOnElement(BasePage.java:135)
at ui.pages.BasePage.clickOnElement(BasePage.java:135)
at ui.pages.BasePage.clickOnElement(BasePage.java:135)
at ui.pages.BasePage.clickOnElement(BasePage.java:135)
at ui.pages.BasePage.clickOnElement(BasePage.java:135)
at ui.pages.BasePage.clickOnElement(BasePage.java:135)
at ui.pages.BasePage.clickOnElement(BasePage.java:135)
at ui.pages.BasePage.clickOnElement(BasePage.java:135)
at ui.pages.BasePage.clickOnElement(BasePage.java:135)
at ui.pages.BasePage.clickOnElement(BasePage.java:135)
at ui.pages.BasePage.clickOnElement(BasePage.java:135)
at ui.pages.BasePage.clickOnElement(BasePage.java:135)
at ui.pages.BasePage.clickOnElement(BasePage.java:135)
at ui.pages.BasePage.clickOnElement(BasePage.java:135)
at ui.pages.BasePage.clickOnElement(BasePage.java:135)
at ui.pages.BasePage.clickOnElement(BasePage.java:135)
at ui.pages.BasePage.clickOnElement(BasePage.java:135)
at ui.pages.BasePage.clickOnElement(BasePage.java:135)
at ui.pages.BasePage.clickOnElement(BasePage.java:135)
at ui.pages.BasePage.clickOnElement(BasePage.java:135)
at ui.pages.BasePage.clickOnElement(BasePage.java:135)
at ui.pages.BasePage.clickOnElement(BasePage.java:135)
at ui.pages.BasePage.clickOnElement(BasePage.java:135)
at ui.pages.BasePage.clickOnElement(BasePage.java:135)
at ui.pages.BasePage.clickOnElement(BasePage.java:135)
at ui.pages.BasePage.clickOnElement(BasePage.java:135)
at ui.pages.BasePage.clickOnElement(BasePage.java:135)
at ui.pages.BasePage.clickOnElement(BasePage.java:135)
at ui.pages.BasePage.clickOnElement(BasePage.java:135)
at ui.pages.BasePage.clickOnElement(BasePage.java:135)
at ui.pages.BasePage.clickOnElement(BasePage.java:135)
at ui.pages.BasePage.clickOnElement(BasePage.java:135)
at ui.pages.BasePage.clickOnElement(BasePage.java:135)
at ui.pages.BasePage.clickOnElement(BasePage.java:135)
at ui.pages.BasePage.clickOnElement(BasePage.java:135)
at ui.pages.BasePage.clickOnElement(BasePage.java:135)
at ui.pages.BasePage.clickOnElement(BasePage.java:135)
at ui.pages.BasePage.clickOnElement(BasePage.java:135)
at ui.pages.BasePage.clickOnElement(BasePage.java:135)
at ui.pages.BasePage.clickOnElement(BasePage.java:135)
at ui.pages.BasePage.clickOnElement(BasePage.java:135)
at ui.pages.BasePage.clickOnElement(BasePage.java:135)
at ui.pages.BasePage.clickOnElement(BasePage.java:135)
at ui.pages.BasePage.clickOnElement(BasePage.java:135)
at ui.pages.BasePage.clickOnElement(BasePage.java:135)
at ui.pages.BasePage.clickOnElement(BasePage.java:135)
at ui.pages.BasePage.clickOnElement(BasePage.java:135)
at ui.pages.BasePage.clickOnElement(BasePage.java:135)
at ui.pages.BasePage.clickOnElement(BasePage.java:135)
at ui.pages.BasePage.clickOnElement(BasePage.java:135)
at ui.pages.BasePage.clickOnElement(BasePage.java:135)
at ui.pages.BasePage.clickOnElement(BasePage.java:135)
at ui.pages.BasePage.clickOnElement(BasePage.java:135)
at ui.pages.BasePage.clickOnElement(BasePage.java:135)
at ui.pages.BasePage.clickOnElement(BasePage.java:135)
at ui.pages.BasePage.clickOnElement(BasePage.java:135)
at ui.pages.BasePage.clickOnElement(BasePage.java:135)
at ui.pages.BasePage.clickOnElement(BasePage.java:135)
at ui.pages.BasePage.clickOnElement(BasePage.java:135)
at ui.pages.BasePage.clickOnElement(BasePage.java:135)
at ui.pages.BasePage.clickOnElement(BasePage.java:135)
at ui.pages.BasePage.clickOnElement(BasePage.java:135)
at ui.pages.BasePage.clickOnElement(BasePage.java:135)
at ui.pages.BasePage.clickOnElement(BasePage.java:135)
at ui.pages.BasePage.clickOnElement(BasePage.java:135)
at ui.pages.BasePage.clickOnElement(BasePage.java:135)
at ui.pages.BasePage.clickOnElement(BasePage.java:135)
at ui.pages.BasePage.clickOnElement(BasePage.java:135)
at ui.pages.BasePage.clickOnElement(BasePage.java:135)
at ui.pages.BasePage.clickOnElement(BasePage.java:135)
at ui.pages.BasePage.clickOnElement(BasePage.java:135)
at ui.pages.BasePage.clickOnElement(BasePage.java:135)
at ui.pages.BasePage.clickOnElement(BasePage.java:135)
at ui.pages.BasePage.clickOnElement(BasePage.java:135)
at ui.pages.BasePage.clickOnElement(BasePage.java:135)
at ui.pages.BasePage.clickOnElement(BasePage.java:135)
at ui.pages.BasePage.clickOnElement(BasePage.java:135)
at ui.pages.BasePage.clickOnElement(BasePage.java:135)
at ui.pages.BasePage.clickOnElement(BasePage.java:135)
at ui.pages.BasePage.clickOnElement(BasePage.java:135)
at ui.pages.BasePage.clickOnElement(BasePage.java:135)
at ui.pages.BasePage.clickOnElement(BasePage.java:135)
at ui.pages.BasePage.clickOnElement(BasePage.java:135)
at ui.pages.BasePage.clickOnElement(BasePage.java:135)
at ui.pages.BasePage.clickOnElement(BasePage.java:135)
at ui.pages.BasePage.clickOnElement(BasePage.java:135)
at ui.pages.BasePage.clickOnElement(BasePage.java:135)
at ui.pages.BasePage.clickOnElement(BasePage.java:135)
at ui.pages.BasePage.clickOnElement(BasePage.java:135)
at ui.pages.BasePage.clickOnElement(BasePage.java:135)
at ui.pages.BasePage.clickOnElement(BasePage.java:135)
at ui.pages.BasePage.clickOnElement(BasePage.java:135)
at ui.pages.BasePage.clickOnElement(BasePage.java:135)
at ui.pages.BasePage.clickOnElement(BasePage.java:135)
at ui.pages.BasePage.clickOnElement(BasePage.java:135)
at ui.pages.BasePage.clickOnElement(BasePage.java:135)
at ui.pages.BasePage.clickOnElement(BasePage.java:135)
at ui.pages.BasePage.clickOnElement(BasePage.java:135)
at ui.pages.BasePage.clickOnElement(BasePage.java:135)
at ui.pages.BasePage.clickOnElement(BasePage.java:135)
at ui.pages.BasePage.clickOnElement(BasePage.java:135)
at ui.pages.BasePage.clickOnElement(BasePage.java:135)
at ui.pages.BasePage.clickOnElement(BasePage.java:135)
at ui.pages.BasePage.clickOnElement(BasePage.java:135)
at ui.pages.BasePage.clickOnElement(BasePage.java:135)
at ui.pages.BasePage.clickOnElement(BasePage.java:135)
at ui.pages.BasePage.clickOnElement(BasePage.java:135)
at ui.pages.BasePage.clickOnElement(BasePage.java:135)
at ui.pages.BasePage.clickOnElement(BasePage.java:135)
at ui.pages.BasePage.clickOnElement(BasePage.java:135)
at ui.pages.BasePage.clickOnElement(BasePage.java:135)
at ui.pages.BasePage.clickOnElement(BasePage.java:135)
at ui.pages.BasePage.clickOnElement(BasePage.java:135)
at ui.pages.BasePage.clickOnElement(BasePage.java:135)
at ui.pages.BasePage.clickOnElement(BasePage.java:135)
at ui.pages.BasePage.clickOnElement(BasePage.java:135)
at ui.pages.BasePage.clickOnElement(BasePage.java:135)
at ui.pages.BasePage.clickOnElement(BasePage.java:135)
at ui.pages.BasePage.clickOnElement(BasePage.java:135)
at ui.pages.BasePage.clickOnElement(BasePage.java:135)
at ui.pages.BasePage.clickOnElement(BasePage.java:135)
at ui.pages.BasePage.clickOnElement(BasePage.java:135)
at ui.pages.BasePage.clickOnElement(BasePage.java:135)
at ui.pages.BasePage.clickOnElement(BasePage.java:135)
at ui.pages.BasePage.clickOnElement(BasePage.java:135)
at ui.pages.BasePage.clickOnElement(BasePage.java:135)
at ui.pages.BasePage.clickOnElement(BasePage.java:135)
at ui.pages.BasePage.clickOnElement(BasePage.java:135)
at ui.pages.BasePage.clickOnElement(BasePage.java:135)
at ui.pages.BasePage.clickOnElement(BasePage.java:135)
at ui.pages.BasePage.clickOnElement(BasePage.java:135)
at ui.pages.BasePage.clickOnElement(BasePage.java:135)
at ui.pages.BasePage.clickOnElement(BasePage.java:135)
at ui.pages.BasePage.clickOnElement(BasePage.java:135)
at ui.pages.BasePage.clickOnElement(BasePage.java:135)
at ui.pages.BasePage.clickOnElement(BasePage.java:135)
at ui.pages.BasePage.clickOnElement(BasePage.java:135)
at ui.pages.BasePage.clickOnElement(BasePage.java:135)
at ui.pages.BasePage.clickOnElement(BasePage.java:135)
at ui.pages.BasePage.clickOnElement(BasePage.java:135)
at ui.pages.BasePage.clickOnElement(BasePage.java:135)
at ui.pages.BasePage.clickOnElement(BasePage.java:135)
at ui.pages.BasePage.clickOnElement(BasePage.java:135)
at ui.pages.BasePage.clickOnElement(BasePage.java:135)
at ui.pages.BasePage.clickOnElement(BasePage.java:135)
at ui.pages.BasePage.clickOnElement(BasePage.java:135)
at ui.pages.BasePage.clickOnElement(BasePage.java:135)
at ui.pages.BasePage.clickOnElement(BasePage.java:135)
at ui.pages.BasePage.clickOnElement(BasePage.java:135)
at ui.pages.BasePage.clickOnElement(BasePage.java:135)
at ui.pages.BasePage.clickOnElement(BasePage.java:135)
at ui.pages.BasePage.clickOnElement(BasePage.java:135)
at ui.pages.BasePage.clickOnElement(BasePage.java:135)
at ui.pages.BasePage.clickOnElement(BasePage.java:135)
at ui.pages.BasePage.clickOnElement(BasePage.java:135)
at ui.pages.BasePage.clickOnElement(BasePage.java:135)
at ui.pages.BasePage.clickOnElement(BasePage.java:135)
at ui.pages.BasePage.clickOnElement(BasePage.java:135)
at ui.pages.BasePage.clickOnElement(BasePage.java:135)
at ui.pages.BasePage.clickOnElement(BasePage.java:135)
at ui.pages.BasePage.clickOnElement(BasePage.java:135)
at ui.pages.BasePage.clickOnElement(BasePage.java:135)
at ui.pages.BasePage.clickOnElement(BasePage.java:135)
at ui.pages.BasePage.clickOnElement(BasePage.java:135)
at ui.pages.BasePage.clickOnElement(BasePage.java:135)
at ui.pages.BasePage.clickOnElement(BasePage.java:135)
at ui.pages.BasePage.clickOnElement(BasePage.java:135)
at ui.pages.BasePage.clickOnElement(BasePage.java:135)
at ui.pages.BasePage.clickOnElement(BasePage.java:135)
at ui.pages.BasePage.clickOnElement(BasePage.java:135)
at ui.pages.BasePage.clickOnElement(BasePage.java:135)
at ui.pages.BasePage.clickOnElement(BasePage.java:135)
at ui.pages.BasePage.clickOnElement(BasePage.java:135)
at ui.pages.BasePage.clickOnElement(BasePage.java:135)
at ui.pages.BasePage.clickOnElement(BasePage.java:135)
at ui.pages.BasePage.clickOnElement(BasePage.java:135)
at ui.pages.BasePage.clickOnElement(BasePage.java:135)
at ui.pages.BasePage.clickOnElement(BasePage.java:135)
at ui.pages.BasePage.clickOnElement(BasePage.java:135)
at ui.pages.BasePage.clickOnElement(BasePage.java:135)
at ui.pages.BasePage.clickOnElement(BasePage.java:135)
at ui.pages.BasePage.clickOnElement(BasePage.java:135)
at ui.pages.BasePage.clickOnElement(BasePage.java:135)
at ui.pages.BasePage.clickOnElement(BasePage.java:135)
at ui.pages.BasePage.clickOnElement(BasePage.java:135)
at ui.pages.BasePage.clickOnElement(BasePage.java:135)
at ui.pages.BasePage.clickOnElement(BasePage.java:135)
at ui.pages.BasePage.clickOnElement(BasePage.java:135)
at ui.pages.BasePage.clickOnElement(BasePage.java:135)
at ui.pages.BasePage.clickOnElement(BasePage.java:135)
at ui.pages.BasePage.clickOnElement(BasePage.java:135)
at ui.pages.BasePage.clickOnElement(BasePage.java:135)
at ui.pages.BasePage.clickOnElement(BasePage.java:135)
at ui.pages.BasePage.clickOnElement(BasePage.java:135)
at ui.pages.BasePage.clickOnElement(BasePage.java:135)
at ui.pages.BasePage.clickOnElement(BasePage.java:135)
at ui.pages.BasePage.clickOnElement(BasePage.java:135)
at ui.pages.BasePage.clickOnElement(BasePage.java:135)
at ui.pages.BasePage.clickOnElement(BasePage.java:135)
at ui.pages.BasePage.clickOnElement(BasePage.java:135)
at ui.pages.BasePage.clickOnElement(BasePage.java:135)
at ui.pages.BasePage.clickOnElement(BasePage.java:135)
at ui.pages.BasePage.clickOnElement(BasePage.java:135)
at ui.pages.BasePage.clickOnElement(BasePage.java:135)
at ui.pages.BasePage.clickOnElement(BasePage.java:135)
at ui.pages.BasePage.clickOnElement(BasePage.java:135)
at ui.pages.BasePage.clickOnElement(BasePage.java:135)
at ui.pages.BasePage.clickOnElement(BasePage.java:135)
at ui.pages.BasePage.clickOnElement(BasePage.java:135)
at ui.pages.BasePage.clickOnElement(BasePage.java:135)
at ui.pages.BasePage.clickOnElement(BasePage.java:135)
at ui.pages.BasePage.clickOnElement(BasePage.java:135)
at ui.pages.BasePage.clickOnElement(BasePage.java:135)
at ui.pages.BasePage.clickOnElement(BasePage.java:135)
at ui.pages.BasePage.clickOnElement(BasePage.java:135)
at ui.pages.BasePage.clickOnElement(BasePage.java:135)
at ui.pages.BasePage.clickOnElement(BasePage.java:135)
at ui.pages.BasePage.clickOnElement(BasePage.java:135)
at ui.pages.BasePage.clickOnElement(BasePage.java:135)
at ui.pages.BasePage.clickOnElement(BasePage.java:135)
at ui.pages.BasePage.clickOnElement(BasePage.java:135)
at ui.pages.BasePage.clickOnElement(BasePage.java:135)
at ui.pages.BasePage.clickOnElement(BasePage.java:135)
at ui.pages.BasePage.clickOnElement(BasePage.java:135)
at ui.pages.BasePage.clickOnElement(BasePage.java:135)
at ui.pages.BasePage.clickOnElement(BasePage.java:135)
at ui.pages.BasePage.clickOnElement(BasePage.java:135)
at ui.pages.BasePage.clickOnElement(BasePage.java:135)
at ui.pages.BasePage.clickOnElement(BasePage.java:135)
at ui.pages.BasePage.clickOnElement(BasePage.java:135)
at ui.pages.BasePage.clickOnElement(BasePage.java:135)
at ui.pages.BasePage.clickOnElement(BasePage.java:135)
at ui.pages.BasePage.clickOnElement(BasePage.java:135)
at ui.pages.BasePage.clickOnElement(BasePage.java:135)
at ui.pages.BasePage.clickOnElement(BasePage.java:135)
at ui.pages.BasePage.clickOnElement(BasePage.java:135)
at ui.pages.BasePage.clickOnElement(BasePage.java:135)
at ui.pages.BasePage.clickOnElement(BasePage.java:135)
at ui.pages.BasePage.clickOnElement(BasePage.java:135)
at ui.pages.BasePage.clickOnElement(BasePage.java:135)
at ui.pages.BasePage.clickOnElement(BasePage.java:135)
at ui.pages.BasePage.clickOnElement(BasePage.java:135)
at ui.pages.BasePage.clickOnElement(BasePage.java:135)
at ui.pages.BasePage.clickOnElement(BasePage.java:135)
at ui.pages.BasePage.clickOnElement(BasePage.java:135)
at ui.pages.BasePage.clickOnElement(BasePage.java:135)
at ui.pages.BasePage.clickOnElement(BasePage.java:135)
at ui.pages.BasePage.clickOnElement(BasePage.java:135)
at ui.pages.BasePage.clickOnElement(BasePage.java:135)
at ui.pages.BasePage.clickOnElement(BasePage.java:135)
at ui.pages.BasePage.clickOnElement(BasePage.java:135)
at ui.pages.BasePage.clickOnElement(BasePage.java:135)
at ui.pages.BasePage.clickOnElement(BasePage.java:135)
at ui.pages.BasePage.clickOnElement(BasePage.java:135)
at ui.pages.BasePage.clickOnElement(BasePage.java:135)
at ui.pages.BasePage.clickOnElement(BasePage.java:135)
at ui.pages.BasePage.clickOnElement(BasePage.java:135)
at ui.pages.BasePage.clickOnElement(BasePage.java:135)
at ui.pages.BasePage.clickOnElement(BasePage.java:135)
at ui.pages.BasePage.clickOnElement(BasePage.java:135)
at ui.pages.BasePage.clickOnElement(BasePage.java:135)
at ui.pages.BasePage.clickOnElement(BasePage.java:135)
at ui.pages.BasePage.clickOnElement(BasePage.java:135)
at ui.pages.BasePage.clickOnElement(BasePage.java:135)
at ui.pages.BasePage.clickOnElement(BasePage.java:135)
at ui.pages.BasePage.clickOnElement(BasePage.java:135)
at ui.pages.BasePage.clickOnElement(BasePage.java:135)
at ui.pages.BasePage.clickOnElement(BasePage.java:135)
at ui.pages.BasePage.clickOnElement(BasePage.java:135)
at ui.pages.BasePage.clickOnElement(BasePage.java:135)
at ui.pages.BasePage.clickOnElement(BasePage.java:135)
at ui.pages.BasePage.clickOnElement(BasePage.java:135)
at ui.pages.BasePage.clickOnElement(BasePage.java:135)
at ui.pages.BasePage.clickOnElement(BasePage.java:135)
at ui.pages.BasePage.clickOnElement(BasePage.java:135)
at ui.pages.BasePage.clickOnElement(BasePage.java:135)
at ui.pages.BasePage.clickOnElement(BasePage.java:135)
at ui.pages.BasePage.clickOnElement(BasePage.java:135)
at ui.pages.BasePage.clickOnElement(BasePage.java:135)
at ui.pages.BasePage.clickOnElement(BasePage.java:135)
at ui.pages.BasePage.clickOnElement(BasePage.java:135)
at ui.pages.BasePage.clickOnElement(BasePage.java:135)
at ui.pages.BasePage.clickOnElement(BasePage.java:135)
at ui.pages.BasePage.clickOnElement(BasePage.java:135)
at ui.pages.BasePage.clickOnElement(BasePage.java:135)
at ui.pages.BasePage.clickOnElement(BasePage.java:135)
at ui.pages.BasePage.clickOnElement(BasePage.java:135)
at ui.pages.BasePage.clickOnElement(BasePage.java:135)
at ui.pages.BasePage.clickOnElement(BasePage.java:135)
at ui.pages.BasePage.clickOnElement(BasePage.java:135)
at ui.pages.BasePage.clickOnElement(BasePage.java:135)
at ui.pages.BasePage.clickOnElement(BasePage.java:135)
at ui.pages.BasePage.clickOnElement(BasePage.java:135)
at ui.pages.BasePage.clickOnElement(BasePage.java:135)
at ui.pages.BasePage.clickOnElement(BasePage.java:135)
at ui.pages.BasePage.clickOnElement(BasePage.java:135)
at ui.pages.BasePage.clickOnElement(BasePage.java:135)
at ui.pages.BasePage.clickOnElement(BasePage.java:135)
at ui.pages.BasePage.clickOnElement(BasePage.java:135)
at ui.pages.BasePage.clickOnElement(BasePage.java:135)
at ui.pages.BasePage.clickOnElement(BasePage.java:135)
at ui.pages.BasePage.clickOnElement(BasePage.java:135)
at ui.pages.BasePage.clickOnElement(BasePage.java:135)
at ui.pages.BasePage.clickOnElement(BasePage.java:135)
at ui.pages.BasePage.clickOnElement(BasePage.java:135)
at ui.pages.BasePage.clickOnElement(BasePage.java:135)
at ui.pages.BasePage.clickOnElement(BasePage.java:135)
at ui.pages.BasePage.clickOnElement(BasePage.java:135)
at ui.pages.BasePage.clickOnElement(BasePage.java:135)
at ui.pages.BasePage.clickOnElement(BasePage.java:135)
at ui.pages.BasePage.clickOnElement(BasePage.java:135)
at ui.pages.BasePage.clickOnElement(BasePage.java:135)
at ui.pages.BasePage.clickOnElement(BasePage.java:135)
at ui.pages.BasePage.clickOnElement(BasePage.java:135)
at ui.pages.BasePage.clickOnElement(BasePage.java:135)
at ui.pages.BasePage.clickOnElement(BasePage.java:135)
at ui.pages.BasePage.clickOnElement(BasePage.java:135)
at ui.pages.BasePage.clickOnElement(BasePage.java:135)
at ui.pages.BasePage.clickOnElement(BasePage.java:135)
at ui.pages.BasePage.clickOnElement(BasePage.java:135)
at ui.pages.BasePage.clickOnElement(BasePage.java:135)
at ui.pages.BasePage.clickOnElement(BasePage.java:135)
at ui.pages.BasePage.clickOnElement(BasePage.java:135)
at ui.pages.BasePage.clickOnElement(BasePage.java:135)
at ui.pages.BasePage.clickOnElement(BasePage.java:135)
at ui.pages.BasePage.clickOnElement(BasePage.java:135)
at ui.pages.BasePage.clickOnElement(BasePage.java:135)
at ui.pages.BasePage.clickOnElement(BasePage.java:135)
at ui.pages.BasePage.clickOnElement(BasePage.java:135)
at ui.pages.BasePage.clickOnElement(BasePage.java:135)
at ui.pages.BasePage.clickOnElement(BasePage.java:135)
at ui.pages.BasePage.clickOnElement(BasePage.java:135)
at ui.pages.BasePage.clickOnElement(BasePage.java:135)
at ui.pages.BasePage.clickOnElement(BasePage.java:135)
at ui.pages.BasePage.clickOnElement(BasePage.java:135)
at ui.pages.BasePage.clickOnElement(BasePage.java:135)
at ui.pages.BasePage.clickOnElement(BasePage.java:135)
at ui.pages.BasePage.clickOnElement(BasePage.java:135)
at ui.pages.BasePage.clickOnElement(BasePage.java:135)
at ui.pages.BasePage.clickOnElement(BasePage.java:135)
at ui.pages.BasePage.clickOnElement(BasePage.java:135)
at ui.pages.BasePage.clickOnElement(BasePage.java:135)
at ui.pages.BasePage.clickOnElement(BasePage.java:135)
at ui.pages.BasePage.clickOnElement(BasePage.java:135)
at ui.pages.BasePage.clickOnElement(BasePage.java:135)
at ui.pages.BasePage.clickOnElement(BasePage.java:135)
at ui.pages.BasePage.clickOnElement(BasePage.java:135)
at ui.pages.BasePage.clickOnElement(BasePage.java:135)
at ui.pages.BasePage.clickOnElement(BasePage.java:135)
at ui.pages.BasePage.clickOnElement(BasePage.java:135)
at ui.pages.BasePage.clickOnElement(BasePage.java:135)
at ui.pages.BasePage.clickOnElement(BasePage.java:135)
at ui.pages.BasePage.clickOnElement(BasePage.java:135)
at ui.pages.BasePage.clickOnElement(BasePage.java:135)
at ui.pages.BasePage.clickOnElement(BasePage.java:135)
at ui.pages.BasePage.clickOnElement(BasePage.java:135)
at ui.pages.BasePage.clickOnElement(BasePage.java:135)
at ui.pages.BasePage.clickOnElement(BasePage.java:135)
at ui.pages.BasePage.clickOnElement(BasePage.java:135)
at ui.pages.BasePage.clickOnElement(BasePage.java:135)
at ui.pages.BasePage.clickOnElement(BasePage.java:135)
at ui.pages.BasePage.clickOnElement(BasePage.java:135)
at ui.pages.BasePage.clickOnElement(BasePage.java:135)
at ui.pages.BasePage.clickOnElement(BasePage.java:135)
at ui.pages.BasePage.clickOnElement(BasePage.java:135)
at ui.pages.BasePage.clickOnElement(BasePage.java:135)
at ui.pages.BasePage.clickOnElement(BasePage.java:135)
at ui.pages.BasePage.clickOnElement(BasePage.java:135)
at ui.pages.BasePage.clickOnElement(BasePage.java:135)
at ui.pages.BasePage.clickOnElement(BasePage.java:135)
at ui.pages.BasePage.clickOnElement(BasePage.java:135)
at ui.pages.BasePage.clickOnElement(BasePage.java:135)
at ui.pages.BasePage.clickOnElement(BasePage.java:135)
at ui.pages.BasePage.clickOnElement(BasePage.java:135)
at ui.pages.BasePage.clickOnElement(BasePage.java:135)
at ui.pages.BasePage.clickOnElement(BasePage.java:135)
at ui.pages.BasePage.clickOnElement(BasePage.java:135)
at ui.pages.BasePage.clickOnElement(BasePage.java:135)
at ui.pages.BasePage.clickOnElement(BasePage.java:135)
at ui.pages.BasePage.clickOnElement(BasePage.java:135)
at ui.pages.BasePage.clickOnElement(BasePage.java:135)
at ui.pages.BasePage.clickOnElement(BasePage.java:135)
at ui.pages.BasePage.clickOnElement(BasePage.java:135)
at ui.pages.BasePage.clickOnElement(BasePage.java:135)
at ui.pages.BasePage.clickOnElement(BasePage.java:135)
at ui.pages.BasePage.clickOnElement(BasePage.java:135)
at ui.pages.BasePage.clickOnElement(BasePage.java:135)
at ui.pages.BasePage.clickOnElement(BasePage.java:135)
at ui.pages.BasePage.clickOnElement(BasePage.java:135)
at ui.pages.BasePage.clickOnElement(BasePage.java:135)
at ui.pages.BasePage.clickOnElement(BasePage.java:135)
at ui.pages.BasePage.clickOnElement(BasePage.java:135)
at ui.pages.BasePage.clickOnElement(BasePage.java:135)
at ui.pages.BasePage.clickOnElement(BasePage.java:135)
at ui.pages.BasePage.clickOnElement(BasePage.java:135)
at ui.pages.BasePage.clickOnElement(BasePage.java:135)
at ui.pages.BasePage.clickOnElement(BasePage.java:135)
at ui.pages.BasePage.clickOnElement(BasePage.java:135)
at ui.pages.BasePage.clickOnElement(BasePage.java:135)
at ui.pages.BasePage.clickOnElement(BasePage.java:135)
at ui.pages.BasePage.clickOnElement(BasePage.java:135)
at ui.pages.BasePage.clickOnElement(BasePage.java:135)
at ui.pages.BasePage.clickOnElement(BasePage.java:135)
at ui.pages.BasePage.clickOnElement(BasePage.java:135)
at ui.pages.BasePage.clickOnElement(BasePage.java:135)
at ui.pages.BasePage.clickOnElement(BasePage.java:135)
at ui.pages.BasePage.clickOnElement(BasePage.java:135)
at ui.pages.BasePage.clickOnElement(BasePage.java:135)
at ui.pages.BasePage.clickOnElement(BasePage.java:135)
at ui.pages.BasePage.clickOnElement(BasePage.java:135)
at ui.pages.BasePage.clickOnElement(BasePage.java:135)
at ui.pages.BasePage.clickOnElement(BasePage.java:135)
at ui.pages.BasePage.clickOnElement(BasePage.java:135)
at ui.pages.BasePage.clickOnElement(BasePage.java:135)
at ui.pages.BasePage.clickOnElement(BasePage.java:135)
at ui.pages.BasePage.clickOnElement(BasePage.java:135)
at ui.pages.BasePage.clickOnElement(BasePage.java:135)
at ui.pages.BasePage.clickOnElement(BasePage.java:135)
at ui.pages.BasePage.clickOnElement(BasePage.java:135)
at ui.pages.BasePage.clickOnElement(BasePage.java:135)
at ui.pages.BasePage.clickOnElement(BasePage.java:135)
at ui.pages.BasePage.clickOnElement(BasePage.java:135)
at ui.pages.BasePage.clickOnElement(BasePage.java:135)
at ui.pages.BasePage.clickOnElement(BasePage.java:135)
at ui.pages.BasePage.clickOnElement(BasePage.java:135)
at ui.pages.BasePage.clickOnElement(BasePage.java:135)
at ui.pages.BasePage.clickOnElement(BasePage.java:135)
at ui.pages.BasePage.clickOnElement(BasePage.java:135)
at ui.pages.BasePage.clickOnElement(BasePage.java:135)
at ui.pages.BasePage.clickOnElement(BasePage.java:135)
at ui.pages.BasePage.clickOnElement(BasePage.java:135)
at ui.pages.BasePage.clickOnElement(BasePage.java:135)
at ui.pages.BasePage.clickOnElement(BasePage.java:135)
at ui.pages.BasePage.clickOnElement(BasePage.java:135)
at ui.pages.BasePage.clickOnElement(BasePage.java:135)
at ui.pages.BasePage.clickOnElement(BasePage.java:135)
at ui.pages.BasePage.clickOnElement(BasePage.java:135)
at ui.pages.BasePage.clickOnElement(BasePage.java:135)
at ui.pages.BasePage.clickOnElement(BasePage.java:135)
at ui.pages.BasePage.clickOnElement(BasePage.java:135)
at ui.pages.BasePage.clickOnElement(BasePage.java:135)
at ui.pages.BasePage.clickOnElement(BasePage.java:135)
at ui.pages.BasePage.clickOnElement(BasePage.java:135)
at ui.pages.BasePage.clickOnElement(BasePage.java:135)
at ui.pages.BasePage.clickOnElement(BasePage.java:135)
at ui.pages.BasePage.clickOnElement(BasePage.java:135)
at ui.pages.BasePage.clickOnElement(BasePage.java:135)
at ui.pages.BasePage.clickOnElement(BasePage.java:135)
at ui.pages.BasePage.clickOnElement(BasePage.java:135)
at ui.pages.BasePage.clickOnElement(BasePage.java:135)
at ui.pages.BasePage.clickOnElement(BasePage.java:135)
at ui.pages.BasePage.clickOnElement(BasePage.java:135)
at ui.pages.BasePage.clickOnElement(BasePage.java:135)
at ui.pages.BasePage.clickOnElement(BasePage.java:135)
at ui.pages.BasePage.clickOnElement(BasePage.java:135)
at ui.pages.BasePage.clickOnElement(BasePage.java:135)
at ui.pages.BasePage.clickOnElement(BasePage.java:135)
at ui.pages.BasePage.clickOnElement(BasePage.java:135)
at ui.pages.BasePage.clickOnElement(BasePage.java:135)
at ui.pages.BasePage.clickOnElement(BasePage.java:135)
at ui.pages.BasePage.clickOnElement(BasePage.java:135)
at ui.pages.BasePage.clickOnElement(BasePage.java:135)
at ui.pages.BasePage.clickOnElement(BasePage.java:135)
at ui.pages.BasePage.clickOnElement(BasePage.java:135)
at ui.pages.BasePage.clickOnElement(BasePage.java:135)
at ui.pages.BasePage.clickOnElement(BasePage.java:135)
at ui.pages.BasePage.clickOnElement(BasePage.java:135)
at ui.pages.BasePage.clickOnElement(BasePage.java:135)
at ui.pages.BasePage.clickOnElement(BasePage.java:135)
at ui.pages.BasePage.clickOnElement(BasePage.java:135)
at ui.pages.BasePage.clickOnElement(BasePage.java:135)
at ui.pages.BasePage.clickOnElement(BasePage.java:135)
at ui.pages.BasePage.clickOnElement(BasePage.java:135)
at ui.pages.BasePage.clickOnElement(BasePage.java:135)
at ui.pages.BasePage.clickOnElement(BasePage.java:135)
at ui.pages.BasePage.clickOnElement(BasePage.java:135)
at ui.pages.BasePage.clickOnElement(BasePage.java:135)
at ui.pages.BasePage.clickOnElement(BasePage.java:135)
at ui.pages.BasePage.clickOnElement(BasePage.java:135)
at ui.pages.BasePage.clickOnElement(BasePage.java:135)
at ui.pages.BasePage.clickOnElement(BasePage.java:135)
at ui.pages.BasePage.clickOnElement(BasePage.java:135)
at ui.pages.BasePage.clickOnElement(BasePage.java:135)
at ui.pages.BasePage.clickOnElement(BasePage.java:135)
at ui.pages.BasePage.clickOnElement(BasePage.java:135)
at ui.pages.BasePage.clickOnElement(BasePage.java:135)
at ui.pages.BasePage.clickOnElement(BasePage.java:135)
at ui.pages.BasePage.clickOnElement(BasePage.java:135)
at ui.pages.BasePage.clickOnElement(BasePage.java:135)
at ui.pages.BasePage.clickOnElement(BasePage.java:135)
at ui.pages.BasePage.clickOnElement(BasePage.java:135)
at ui.pages.BasePage.clickOnElement(BasePage.java:135)
at ui.pages.BasePage.clickOnElement(BasePage.java:135)
at ui.pages.BasePage.clickOnElement(BasePage.java:135)
at ui.pages.BasePage.clickOnElement(BasePage.java:135)
at ui.pages.BasePage.clickOnElement(BasePage.java:135)
at ui.pages.BasePage.clickOnElement(BasePage.java:135)
at ui.pages.BasePage.clickOnElement(BasePage.java:135)
at ui.pages.BasePage.clickOnElement(BasePage.java:135)
at ui.pages.BasePage.clickOnElement(BasePage.java:135)
at ui.pages.BasePage.clickOnElement(BasePage.java:135)
at ui.pages.BasePage.clickOnElement(BasePage.java:135)
at ui.pages.BasePage.clickOnElement(BasePage.java:135)
at ui.pages.BasePage.clickOnElement(BasePage.java:135)
at ui.pages.BasePage.clickOnElement(BasePage.java:135)
at ui.pages.BasePage.clickOnElement(BasePage.java:135)
at ui.pages.BasePage.clickOnElement(BasePage.java:135)
at ui.pages.BasePage.clickOnElement(BasePage.java:135)
at ui.pages.BasePage.clickOnElement(BasePage.java:135)
at ui.pages.BasePage.clickOnElement(BasePage.java:135)
at ui.pages.BasePage.clickOnElement(BasePage.java:135)
at ui.pages.BasePage.clickOnElement(BasePage.java:135)
at ui.pages.BasePage.clickOnElement(BasePage.java:135)
at ui.pages.BasePage.clickOnElement(BasePage.java:135)
at ui.pages.BasePage.clickOnElement(BasePage.java:135)
at ui.pages.BasePage.clickOnElement(BasePage.java:135)
at ui.pages.BasePage.clickOnElement(BasePage.java:135)
at ui.pages.BasePage.clickOnElement(BasePage.java:135)
at ui.pages.BasePage.clickOnElement(BasePage.java:135)
at ui.pages.BasePage.clickOnElement(BasePage.java:135)
at ui.pages.BasePage.clickOnElement(BasePage.java:135)
at ui.pages.BasePage.clickOnElement(BasePage.java:135)
at ui.pages.BasePage.clickOnElement(BasePage.java:135)
at ui.pages.BasePage.clickOnElement(BasePage.java:135)
at ui.pages.BasePage.clickOnElement(BasePage.java:135)
at ui.pages.BasePage.clickOnElement(BasePage.java:135)
at ui.pages.BasePage.clickOnElement(BasePage.java:135)
at ui.pages.BasePage.clickOnElement(BasePage.java:135)
at ui.pages.BasePage.clickOnElement(BasePage.java:135)
at ui.pages.BasePage.clickOnElement(BasePage.java:135)
at ui.pages.BasePage.clickOnElement(BasePage.java:135)
at ui.pages.BasePage.clickOnElement(BasePage.java:135)
at ui.pages.BasePage.clickOnElement(BasePage.java:135)
at ui.pages.BasePage.clickOnElement(BasePage.java:135)
at ui.pages.BasePage.clickOnElement(BasePage.java:135)
at ui.pages.BasePage.clickOnElement(BasePage.java:135)
at ui.pages.BasePage.clickOnElement(BasePage.java:135)
at ui.pages.BasePage.clickOnElement(BasePage.java:135)
at ui.pages.BasePage.clickOnElement(BasePage.java:135)
at ui.pages.BasePage.clickOnElement(BasePage.java:135)
at ui.pages.BasePage.clickOnElement(BasePage.java:135)
at ui.pages.BasePage.clickOnElement(BasePage.java:135)
at ui.pages.BasePage.clickOnElement(BasePage.java:135)
at ui.pages.BasePage.clickOnElement(BasePage.java:135)
at ui.pages.BasePage.clickOnElement(BasePage.java:135)
at ui.pages.BasePage.clickOnElement(BasePage.java:135)
at ui.pages.BasePage.clickOnElement(BasePage.java:135)
at ui.pages.BasePage.clickOnElement(BasePage.java:135)
at ui.pages.BasePage.clickOnElement(BasePage.java:135)
at ui.pages.BasePage.clickOnElement(BasePage.java:135)
at ui.pages.BasePage.clickOnElement(BasePage.java:135)
at ui.pages.BasePage.clickOnElement(BasePage.java:135)
at ui.pages.BasePage.clickOnElement(BasePage.java:135)
at ui.pages.BasePage.clickOnElement(BasePage.java:135)
at ui.pages.BasePage.clickOnElement(BasePage.java:135)
at ui.pages.BasePage.clickOnElement(BasePage.java:135)
at ui.pages.BasePage.clickOnElement(BasePage.java:135)
at ui.pages.BasePage.clickOnElement(BasePage.java:135)
at ui.pages.BasePage.clickOnElement(BasePage.java:135)
at ui.pages.BasePage.clickOnElement(BasePage.java:135)
at ui.pages.BasePage.clickOnElement(BasePage.java:135)
at ui.pages.BasePage.clickOnElement(BasePage.java:135)
at ui.pages.BasePage.clickOnElement(BasePage.java:135)
at ui.pages.BasePage.clickOnElement(BasePage.java:135)
at ui.pages.BasePage.clickOnElement(BasePage.java:135)
at ui.pages.BasePage.clickOnElement(BasePage.java:135)
at ui.pages.BasePage.clickOnElement(BasePage.java:135)
at ui.pages.BasePage.clickOnElement(BasePage.java:135)
at ui.pages.BasePage.clickOnElement(BasePage.java:135)
at ui.pages.BasePage.clickOnElement(BasePage.java:135)
at ui.pages.BasePage.clickOnElement(BasePage.java:135)
at ui.pages.BasePage.clickOnElement(BasePage.java:135)
at ui.pages.BasePage.clickOnElement(BasePage.java:135)
at ui.pages.BasePage.clickOnElement(BasePage.java:135)
at ui.pages.BasePage.clickOnElement(BasePage.java:135)
at ui.pages.BasePage.clickOnElement(BasePage.java:135)
at ui.pages.BasePage.clickOnElement(BasePage.java:135)
at ui.pages.BasePage.clickOnElement(BasePage.java:135)
at ui.pages.BasePage.clickOnElement(BasePage.java:135)
at ui.pages.BasePage.clickOnElement(BasePage.java:135)
at ui.pages.BasePage.clickOnElement(BasePage.java:135)
at ui.pages.BasePage.clickOnElement(BasePage.java:135)
at ui.pages.BasePage.clickOnElement(BasePage.java:135)
at ui.pages.BasePage.clickOnElement(BasePage.java:135)
at ui.pages.BasePage.clickOnElement(BasePage.java:135)
at ui.pages.BasePage.clickOnElement(BasePage.java:135)
at ui.pages.BasePage.clickOnElement(BasePage.java:135)
at ui.pages.BasePage.clickOnElement(BasePage.java:135)
at ui.pages.BasePage.clickOnElement(BasePage.java:135)
at ui.pages.BasePage.clickOnElement(BasePage.java:135)
at ui.pages.BasePage.clickOnElement(BasePage.java:135)
at ui.pages.BasePage.clickOnElement(BasePage.java:135)
at ui.pages.BasePage.clickOnElement(BasePage.java:135)
at ui.pages.BasePage.clickOnElement(BasePage.java:135)
at ui.pages.BasePage.clickOnElement(BasePage.java:135)
at ui.pages.BasePage.clickOnElement(BasePage.java:135)
at ui.pages.BasePage.clickOnElement(BasePage.java:135)
at ui.pages.BasePage.clickOnElement(BasePage.java:135)
at ui.pages.BasePage.clickOnElement(BasePage.java:135)
at ui.pages.BasePage.clickOnElement(BasePage.java:135)
at ui.pages.BasePage.clickOnElement(BasePage.java:135)
at ui.pages.BasePage.clickOnElement(BasePage.java:135)
at ui.pages.BasePage.clickOnElement(BasePage.java:135)
at ui.pages.BasePage.clickOnElement(BasePage.java:135)
at ui.pages.BasePage.clickOnElement(BasePage.java:135)
at ui.pages.BasePage.clickOnElement(BasePage.java:135)
at ui.pages.BasePage.clickOnElement(BasePage.java:135)
at ui.pages.BasePage.clickOnElement(BasePage.java:135)
at ui.pages.BasePage.clickOnElement(BasePage.java:135)
at ui.pages.BasePage.clickOnElement(BasePage.java:135)
at ui.pages.BasePage.clickOnElement(BasePage.java:135)
at ui.pages.BasePage.clickOnElement(BasePage.java:135)
at ui.pages.BasePage.clickOnElement(BasePage.java:135)
at ui.pages.BasePage.clickOnElement(BasePage.java:135)
at ui.pages.BasePage.clickOnElement(BasePage.java:135)
at ui.pages.BasePage.clickOnElement(BasePage.java:135)
at ui.pages.BasePage.clickOnElement(BasePage.java:135)
at ui.pages.BasePage.clickOnElement(BasePage.java:135)
at ui.pages.BasePage.clickOnElement(BasePage.java:135)
at ui.pages.BasePage.clickOnElement(BasePage.java:135)
at ui.pages.BasePage.clickOnElement(BasePage.java:135)
at ui.pages.BasePage.clickOnElement(BasePage.java:135)
at ui.pages.BasePage.clickOnElement(BasePage.java:135)
at ui.pages.BasePage.clickOnElement(BasePage.java:135)
at ui.pages.BasePage.clickOnElement(BasePage.java:135)
at ui.pages.BasePage.clickOnElement(BasePage.java:135)
at ui.pages.BasePage.clickOnElement(BasePage.java:135)
at ui.pages.BasePage.clickOnElement(BasePage.java:135)
at ui.pages.BasePage.clickOnElement(BasePage.java:135)
at ui.pages.BasePage.clickOnElement(BasePage.java:135)
at ui.pages.BasePage.clickOnElement(BasePage.java:135)
at ui.pages.BasePage.clickOnElement(BasePage.java:135)
at ui.pages.BasePage.clickOnElement(BasePage.java:135)
at ui.pages.BasePage.clickOnElement(BasePage.java:135)
at ui.pages.BasePage.clickOnElement(BasePage.java:135)
at ui.pages.BasePage.clickOnElement(BasePage.java:135)
at ui.pages.BasePage.clickOnElement(BasePage.java:135)
at ui.pages.BasePage.clickOnElement(BasePage.java:135)
at ui.pages.BasePage.clickOnElement(BasePage.java:135)
at ui.pages.BasePage.clickOnElement(BasePage.java:135)
at ui.pages.BasePage.clickOnElement(BasePage.java:135)
at ui.pages.BasePage.clickOnElement(BasePage.java:135)
at ui.pages.BasePage.clickOnElement(BasePage.java:135)
at ui.pages.BasePage.clickOnElement(BasePage.java:135)
at ui.pages.BasePage.clickOnElement(BasePage.java:135)
at ui.pages.BasePage.clickOnElement(BasePage.java:135)
at ui.pages.BasePage.clickOnElement(BasePage.java:135)
at ui.pages.BasePage.clickOnElement(BasePage.java:135)
at ui.pages.BasePage.clickOnElement(BasePage.java:135)
at ui.pages.BasePage.clickOnElement(BasePage.java:135)
at ui.pages.BasePage.clickOnElement(BasePage.java:135)
at ui.pages.BasePage.clickOnElement(BasePage.java:135)
at ui.pages.BasePage.clickOnElement(BasePage.java:135)
at ui.pages.BasePage.clickOnElement(BasePage.java:135)
at ui.pages.BasePage.clickOnElement(BasePage.java:135)
at ui.pages.BasePage.clickOnElement(BasePage.java:135)
at ui.pages.BasePage.clickOnElement(BasePage.java:135)
at ui.pages.BasePage.clickOnElement(BasePage.java:135)
at ui.pages.BasePage.clickOnElement(BasePage.java:135)
at ui.pages.BasePage.clickOnElement(BasePage.java:135)
at ui.pages.BasePage.clickOnElement(BasePage.java:135)
at ui.pages.BasePage.clickOnElement(BasePage.java:135)
at ui.pages.BasePage.clickOnElement(BasePage.java:135)
at ui.pages.BasePage.clickOnElement(BasePage.java:135)
at ui.pages.BasePage.clickOnElement(BasePage.java:135)
at ui.pages.BasePage.clickOnElement(BasePage.java:135)
at ui.pages.BasePage.clickOnElement(BasePage.java:135)
at ui.pages.BasePage.clickOnElement(BasePage.java:135)
at ui.pages.BasePage.clickOnElement(BasePage.java:135)
at ui.pages.BasePage.clickOnElement(BasePage.java:135)
at ui.pages.BasePage.clickOnElement(BasePage.java:135)
at ui.pages.BasePage.clickOnElement(BasePage.java:135)
at ui.pages.BasePage.clickOnElement(BasePage.java:135)
at ui.pages.BasePage.clickOnElement(BasePage.java:135)
at ui.pages.BasePage.clickOnElement(BasePage.java:135)
at ui.pages.BasePage.clickOnElement(BasePage.java:135)
at ui.pages.BasePage.clickOnElement(BasePage.java:135)
at ui.pages.BasePage.clickOnElement(BasePage.java:135)
at ui.pages.BasePage.clickOnElement(BasePage.java:135)
at ui.pages.BasePage.clickOnElement(BasePage.java:135)
at ui.pages.BasePage.clickOnElement(BasePage.java:135)
at ui.pages.BasePage.clickOnElement(BasePage.java:135)
at ui.pages.BasePage.clickOnElement(BasePage.java:135)
at ui.pages.BasePage.clickOnElement(BasePage.java:135)
at ui.pages.BasePage.clickOnElement(BasePage.java:135)
at ui.pages.BasePage.clickOnElement(BasePage.java:135)
at ui.pages.BasePage.clickOnElement(BasePage.java:135)
at ui.pages.BasePage.clickOnElement(BasePage.java:135)
at ui.pages.BasePage.clickOnElement(BasePage.java:135)
at ui.pages.BasePage.clickOnElement(BasePage.java:135)
at ui.pages.BasePage.clickOnElement(BasePage.java:135)
at ui.pages.BasePage.clickOnElement(BasePage.java:135)
at ui.pages.BasePage.clickOnElement(BasePage.java:135)
at ui.pages.BasePage.clickOnElement(BasePage.java:135)
at ui.pages.BasePage.clickOnElement(BasePage.java:135)
at ui.pages.BasePage.clickOnElement(BasePage.java:135)
at ui.pages.BasePage.clickOnElement(BasePage.java:135)
at ui.pages.BasePage.clickOnElement(BasePage.java:135)
at ui.pages.BasePage.clickOnElement(BasePage.java:135)
at ui.pages.BasePage.clickOnElement(BasePage.java:135)
at ui.pages.BasePage.clickOnElement(BasePage.java:135)
at ui.pages.BasePage.clickOnElement(BasePage.java:135)
at ui.pages.BasePage.clickOnElement(BasePage.java:135)
at ui.pages.BasePage.clickOnElement(BasePage.java:135)
at ui.pages.BasePage.clickOnElement(BasePage.java:135)
at ui.pages.BasePage.clickOnElement(BasePage.java:135)
at ui.pages.BasePage.clickOnElement(BasePage.java:135)
at ui.pages.BasePage.clickOnElement(BasePage.java:135)
at ui.pages.BasePage.clickOnElement(BasePage.java:135)
at ui.pages.BasePage.clickOnElement(BasePage.java:135)
at ui.pages.BasePage.clickOnElement(BasePage.java:135)
at ui.pages.BasePage.clickOnElement(BasePage.java:135)
at ui.pages.BasePage.clickOnElement(BasePage.java:135)
at ui.pages.BasePage.clickOnElement(BasePage.java:135)
at ui.pages.BasePage.clickOnElement(BasePage.java:135)
at ui.pages.BasePage.clickOnElement(BasePage.java:135)
at ui.pages.BasePage.clickOnElement(BasePage.java:135)
at ui.pages.BasePage.clickOnElement(BasePage.java:135)
at ui.pages.BasePage.clickOnElement(BasePage.java:135)
at ui.pages.BasePage.clickOnElement(BasePage.java:135)
at ui.pages.BasePage.clickOnElement(BasePage.java:135)
at ui.pages.BasePage.clickOnElement(BasePage.java:135)
at ui.pages.BasePage.clickOnElement(BasePage.java:135)
at ui.pages.BasePage.clickOnElement(BasePage.java:135)
at ui.pages.BasePage.clickOnElement(BasePage.java:135)
at ui.pages.BasePage.clickOnElement(BasePage.java:135)
at ui.pages.BasePage.clickOnElement(BasePage.java:135)
at ui.pages.BasePage.clickOnElement(BasePage.java:135)
at ui.pages.BasePage.clickOnElement(BasePage.java:135)
at ui.pages.BasePage.clickOnElement(BasePage.java:135)
at ui.pages.BasePage.clickOnElement(BasePage.java:135)
at ui.pages.BasePage.clickOnElement(BasePage.java:135)
at ui.pages.BasePage.clickOnElement(BasePage.java:135)
at ui.pages.BasePage.clickOnElement(BasePage.java:135)
at ui.pages.BasePage.clickOnElement(BasePage.java:135)
at ui.pages.BasePage.clickOnElement(BasePage.java:135)
at ui.pages.BasePage.clickOnElement(BasePage.java:135)
at ui.pages.BasePage.clickOnElement(BasePage.java:135)
at ui.pages.BasePage.clickOnElement(BasePage.java:135)
at ui.pages.BasePage.clickOnElement(BasePage.java:135)
at ui.pages.BasePage.clickOnElement(BasePage.java:135)
at ui.pages.BasePage.clickOnElement(BasePage.java:135)
at ui.pages.BasePage.clickOnElement(BasePage.java:135)
at ui.pages.BasePage.clickOnElement(BasePage.java:135)
at ui.pages.BasePage.clickOnElement(BasePage.java:135)
at ui.pages.BasePage.clickOnElement(BasePage.java:135)
at ui.pages.BasePage.clickOnElement(BasePage.java:135)
at ui.pages.BasePage.clickOnElement(BasePage.java:135)
at ui.pages.BasePage.clickOnElement(BasePage.java:135)
at ui.pages.BasePage.clickOnElement(BasePage.java:135)
at ui.pages.BasePage.clickOnElement(BasePage.java:135)
at ui.pages.BasePage.clickOnElement(BasePage.java:135)
at ui.pages.BasePage.clickOnElement(BasePage.java:135)
at ui.pages.BasePage.clickOnElement(BasePage.java:135)
at ui.pages.BasePage.clickOnElement(BasePage.java:135)
at ui.pages.BasePage.clickOnElement(BasePage.java:135)
at ui.pages.BasePage.clickOnElement(BasePage.java:135)
at ui.pages.BasePage.clickOnElement(BasePage.java:135)
at ui.pages.BasePage.clickOnElement(BasePage.java:135)
at ui.pages.BasePage.clickOnElement(BasePage.java:135)
at ui.pages.BasePage.clickOnElement(BasePage.java:135)
at ui.pages.BasePage.clickOnElement(BasePage.java:135)
at ui.pages.BasePage.clickOnElement(BasePage.java:135)
at ui.pages.BasePage.clickOnElement(BasePage.java:135)
at ui.pages.BasePage.clickOnElement(BasePage.java:135)
at ui.pages.BasePage.clickOnElement(BasePage.java:135)
at ui.pages.BasePage.clickOnElement(BasePage.java:135)
at ui.pages.BasePage.clickOnElement(BasePage.java:135)
at ui.pages.BasePage.clickOnElement(BasePage.java:135)
at ui.pages.BasePage.clickOnElement(BasePage.java:135)
at ui.pages.BasePage.clickOnElement(BasePage.java:135)
at ui.pages.BasePage.clickOnElement(BasePage.java:135)
at ui.pages.BasePage.clickOnElement(BasePage.java:135)
at ui.pages.BasePage.clickOnElement(BasePage.java:135)
at ui.pages.BasePage.clickOnElement(BasePage.java:135)
at ui.pages.BasePage.clickOnElement(BasePage.java:135)
at ui.pages.BasePage.clickOnElement(BasePage.java:135)
at ui.pages.BasePage.clickOnElement(BasePage.java:135)
at ui.pages.BasePage.clickOnElement(BasePage.java:135)
at ui.pages.BasePage.clickOnElement(BasePage.java:135)
at ui.pages.BasePage.clickOnElement(BasePage.java:135)
at ui.pages.BasePage.clickOnElement(BasePage.java:135)
at ui.pages.BasePage.clickOnElement(BasePage.java:135)
at ui.pages.BasePage.clickOnElement(BasePage.java:135)
at ui.pages.BasePage.clickOnElement(BasePage.java:135)
at ui.pages.BasePage.clickOnElement(BasePage.java:135)
at ui.pages.BasePage.clickOnElement(BasePage.java:135)
at ui.pages.BasePage.clickOnElement(BasePage.java:135)
at ui.pages.BasePage.clickOnElement(BasePage.java:135)
at ui.pages.BasePage.clickOnElement(BasePage.java:135)
at ui.pages.BasePage.clickOnElement(BasePage.java:135)
at ui.pages.BasePage.clickOnElement(BasePage.java:135)
at ui.pages.BasePage.clickOnElement(BasePage.java:135)
at ui.pages.BasePage.clickOnElement(BasePage.java:135)
at ui.pages.BasePage.clickOnElement(BasePage.java:135)
at ui.pages.BasePage.clickOnElement(BasePage.java:135)
at ui.pages.BasePage.clickOnElement(BasePage.java:135)
at ui.pages.BasePage.clickOnElement(BasePage.java:135)
at ui.pages.BasePage.clickOnElement(BasePage.java:135)
at ui.pages.BasePage.clickOnElement(BasePage.java:135)
at ui.pages.BasePage.clickOnElement(BasePage.java:135)
at ui.pages.BasePage.clickOnElement(BasePage.java:135)
at ui.pages.BasePage.clickOnElement(BasePage.java:135)
at ui.pages.BasePage.clickOnElement(BasePage.java:135)
at ui.pages.BasePage.clickOnElement(BasePage.java:135)
at ui.pages.BasePage.clickOnElement(BasePage.java:135)
at ui.pages.BasePage.clickOnElement(BasePage.java:135)
at ui.pages.BasePage.clickOnElement(BasePage.java:135)
at ui.pages.BasePage.clickOnElement(BasePage.java:135)
at ui.pages.BasePage.clickOnElement(BasePage.java:135)
at ui.pages.BasePage.clickOnElement(BasePage.java:135)
at ui.pages.BasePage.clickOnElement(BasePage.java:135)
at ui.pages.BasePage.clickOnElement(BasePage.java:135)
at ui.pages.BasePage.clickOnElement(BasePage.java:135)
at ui.pages.BasePage.clickOnElement(BasePage.java:135)
at ui.pages.BasePage.clickOnElement(BasePage.java:135)
at ui.pages.BasePage.clickOnElement(BasePage.java:135)
at ui.pages.BasePage.clickOnElement(BasePage.java:135)
at ui.pages.BasePage.clickOnElement(BasePage.java:135)
at ui.pages.BasePage.clickOnElement(BasePage.java:135)
at ui.pages.BasePage.clickOnElement(BasePage.java:135)
at ui.pages.BasePage.clickOnElement(BasePage.java:135)
at ui.pages.BasePage.clickOnElement(BasePage.java:135)
at ui.pages.BasePage.clickOnElement(BasePage.java:135)
at ui.pages.BasePage.clickOnElement(BasePage.java:135)
at ui.pages.BasePage.clickOnElement(BasePage.java:135)
at ui.pages.BasePage.clickOnElement(BasePage.java:135)
at ui.pages.BasePage.clickOnElement(BasePage.java:135)
at ui.pages.BasePage.clickOnElement(BasePage.java:135)
at ui.pages.BasePage.clickOnElement(BasePage.java:135)
at ui.pages.BasePage.clickOnElement(BasePage.java:135)
at ui.pages.BasePage.clickOnElement(BasePage.java:135)
at ui.pages.BasePage.clickOnElement(BasePage.java:135)
at ui.pages.BasePage.clickOnElement(BasePage.java:135)
at ui.pages.BasePage.clickOnElement(BasePage.java:135)
at ui.pages.BasePage.clickOnElement(BasePage.java:135)
at ui.pages.BasePage.clickOnElement(BasePage.java:135)
at ui.pages.BasePage.clickOnElement(BasePage.java:135)
at ui.pages.BasePage.clickOnElement(BasePage.java:135)
at ui.pages.BasePage.clickOnElement(BasePage.java:135)
at ui.pages.BasePage.clickOnElement(BasePage.java:135)
at ui.pages.BasePage.clickOnElement(BasePage.java:135)
at ui.pages.BasePage.clickOnElement(BasePage.java:135)
at ui.pages.BasePage.clickOnElement(BasePage.java:135)
at ui.pages.BasePage.clickOnElement(BasePage.java:135)
at ui.pages.BasePage.clickOnElement(BasePage.java:135)
at ui.pages.BasePage.clickOnElement(BasePage.java:135)
at ui.pages.BasePage.clickOnElement(BasePage.java:135)
at ui.pages.BasePage.clickOnElement(BasePage.java:135)
at ui.pages.BasePage.clickOnElement(BasePage.java:135)
at ui.pages.BasePage.clickOnElement(BasePage.java:135)
at ui.pages.BasePage.clickOnElement(BasePage.java:135)
at ui.pages.BasePage.clickOnElement(BasePage.java:135)
at ui.pages.BasePage.clickOnElement(BasePage.java:135)
at ui.pages.BasePage.clickOnElement(BasePage.java:135)
at ui.pages.BasePage.clickOnElement(BasePage.java:135)
at ui.pages.BasePage.clickOnElement(BasePage.java:135)
at ui.pages.BasePage.clickOnElement(BasePage.java:135)
at ui.pages.BasePage.clickOnElement(BasePage.java:135)
at ui.pages.BasePage.clickOnElement(BasePage.java:135)
at ui.pages.BasePage.clickOnElement(BasePage.java:135)
at ui.pages.BasePage.clickOnElement(BasePage.java:135)
at ui.pages.BasePage.clickOnElement(BasePage.java:135)
at ui.pages.BasePage.clickOnElement(BasePage.java:135)
at ui.pages.BasePage.clickOnElement(BasePage.java:135)
at ui.pages.BasePage.clickOnElement(BasePage.java:135)
at ui.pages.BasePage.clickOnElement(BasePage.java:135)
at ui.pages.BasePage.clickOnElement(BasePage.java:135)
at ui.pages.BasePage.clickOnElement(BasePage.java:135)
at ui.pages.BasePage.clickOnElement(BasePage.java:135)
at ui.pages.BasePage.clickOnElement(BasePage.java:135)
at ui.pages.BasePage.clickOnElement(BasePage.java:135)
at ui.pages.BasePage.clickOnElement(BasePage.java:135)
at ui.pages.BasePage.clickOnElement(BasePage.java:135)
at ui.pages.BasePage.clickOnElement(BasePage.java:135)
at ui.pages.BasePage.clickOnElement(BasePage.java:135)
at ui.pages.BasePage.clickOnElement(BasePage.java:135)
at ui.pages.BasePage.clickOnElement(BasePage.java:135)
at ui.pages.BasePage.clickOnElement(BasePage.java:135)
at ui.pages.BasePage.clickOnElement(BasePage.java:135)
at ui.pages.BasePage.clickOnElement(BasePage.java:135)
at ui.pages.BasePage.clickOnElement(BasePage.java:135)
at ui.pages.BasePage.clickOnElement(BasePage.java:135)
at ui.pages.BasePage.clickOnElement(BasePage.java:135)
at ui.pages.BasePage.clickOnElement(BasePage.java:135)
at ui.pages.BasePage.clickOnElement(BasePage.java:135)
at ui.pages.BasePage.clickOnElement(BasePage.java:135)
at ui.pages.BasePage.clickOnElement(BasePage.java:135)
at ui.pages.BasePage.clickOnElement(BasePage.java:135)
at ui.pages.BasePage.clickOnElement(BasePage.java:135)
at ui.pages.BasePage.clickOnElement(BasePage.java:135)
at ui.pages.BasePage.clickOnElement(BasePage.java:135)
at ui.pages.BasePage.clickOnElement(BasePage.java:135)
at ui.pages.BasePage.clickOnElement(BasePage.java:135)
at ui.pages.BasePage.clickOnElement(BasePage.java:135)
at ui.pages.BasePage.clickOnElement(BasePage.java:135)
at ui.pages.BasePage.clickOnElement(BasePage.java:135)
at ui.pages.BasePage.clickOnElement(BasePage.java:135)
at ui.pages.BasePage.clickOnElement(BasePage.java:135)
at ui.pages.BasePage.clickOnElement(BasePage.java:135)
at ui.pages.BasePage.clickOnElement(BasePage.java:135)
at ui.pages.BasePage.clickOnElement(BasePage.java:135)
at ✽.User clicks Release Assignment on Work Queue Assignments page(file:///C:/Users/Irina.Holovan/Documents/ignition-qa/AFS_Automation/WMS_Automation/src/test/resources/features/workqueue/assignmentlist/filteroption/WorkQueueFilterOptionScreen.feature:377)
]]>
    </failure>
  </testcase> <!-- runScenario -->
  <testcase classname="io.cucumber.testng.AbstractTestNGCucumberTests" name="runScenario" time="106.508"/>
  <testcase classname="io.cucumber.testng.AbstractTestNGCucumberTests" name="runScenario" time="89.259">
    <failure type="java.lang.NullPointerException">
      <![CDATA[java.lang.NullPointerException
at org.openqa.selenium.support.ui.ExpectedConditions.elementIfVisible(ExpectedConditions.java:307)
at org.openqa.selenium.support.ui.ExpectedConditions.access$000(ExpectedConditions.java:40)
at org.openqa.selenium.support.ui.ExpectedConditions$10.apply(ExpectedConditions.java:293)
at org.openqa.selenium.support.ui.ExpectedConditions$10.apply(ExpectedConditions.java:290)
at org.openqa.selenium.support.ui.FluentWait.until(FluentWait.java:208)
at common.utils.Waiters.waitForElementToBeDisplay(Waiters.java:66)
at ui.pages.workqueue.assignmentlist.filteroption.WorkQueueAssignmentsPage.isEditTaskButtonDisplayed(WorkQueueAssignmentsPage.java:820)
at steps.validations.workqueue.filteroption.WorkQueueAssignmentsPageValidations.validateAssignmentDetails(WorkQueueAssignmentsPageValidations.java:121)
at ✽.Validates Assignment details on Work Queue Assignments page(file:///C:/Users/Irina.Holovan/Documents/ignition-qa/AFS_Automation/WMS_Automation/src/test/resources/features/workqueue/assignmentlist/filteroption/WorkQueueFilterOptionScreen.feature:432)
]]>
    </failure>
  </testcase> <!-- runScenario -->
  <testcase classname="io.cucumber.testng.AbstractTestNGCucumberTests" name="runScenario" time="80.826"/>
  <testcase classname="io.cucumber.testng.AbstractTestNGCucumberTests" name="runScenario" time="76.656"/>
  <testcase classname="io.cucumber.testng.AbstractTestNGCucumberTests" name="runScenario" time="82.117"/>
  <testcase classname="io.cucumber.testng.AbstractTestNGCucumberTests" name="runScenario" time="84.348"/>
  <testcase classname="io.cucumber.testng.AbstractTestNGCucumberTests" name="runScenario" time="75.894"/>
  <testcase classname="io.cucumber.testng.AbstractTestNGCucumberTests" name="runScenario" time="81.794"/>
  <testcase classname="io.cucumber.testng.AbstractTestNGCucumberTests" name="runScenario" time="83.491"/>
  <testcase classname="io.cucumber.testng.AbstractTestNGCucumberTests" name="runScenario" time="78.76"/>
  <testcase classname="io.cucumber.testng.AbstractTestNGCucumberTests" name="runScenario" time="79.355"/>
  <testcase classname="io.cucumber.testng.AbstractTestNGCucumberTests" name="runScenario" time="78.454"/>
  <testcase classname="io.cucumber.testng.AbstractTestNGCucumberTests" name="runScenario" time="76.331"/>
  <testcase classname="io.cucumber.testng.AbstractTestNGCucumberTests" name="runScenario" time="87.287"/>
  <testcase classname="io.cucumber.testng.AbstractTestNGCucumberTests" name="runScenario" time="92.074"/>
  <testcase classname="io.cucumber.testng.AbstractTestNGCucumberTests" name="runScenario" time="74.318"/>
  <testcase classname="io.cucumber.testng.AbstractTestNGCucumberTests" name="runScenario" time="99.433"/>
  <testcase classname="io.cucumber.testng.AbstractTestNGCucumberTests" name="runScenario" time="70.566"/>
  <testcase classname="io.cucumber.testng.AbstractTestNGCucumberTests" name="runScenario" time="91.156"/>
</testsuite> <!-- Work Queue verification -->
