<?xml version="1.0" encoding="UTF-8"?>
<!-- Generated by org.testng.reporters.JUnitXMLReporter -->
<testsuite ignored="0" hostname="AFSWMSBA02" failures="2" tests="3" name="Work Queue verification" time="140.207" errors="0" timestamp="2023-06-29T14:42:52 EDT">
  <testcase classname="io.cucumber.testng.AbstractTestNGCucumberTests" name="runScenario" time="56.393">
    <failure type="java.lang.NullPointerException" message="Cannot invoke &amp;quot;org.openqa.selenium.WebElement.isDisplayed()&amp;quot; because &amp;quot;element&amp;quot; is null">
      <![CDATA[java.lang.NullPointerException: Cannot invoke "org.openqa.selenium.WebElement.isDisplayed()" because "element" is null
at org.openqa.selenium.support.ui.ExpectedConditions.elementIfVisible(ExpectedConditions.java:307)
at org.openqa.selenium.support.ui.ExpectedConditions.access$000(ExpectedConditions.java:40)
at org.openqa.selenium.support.ui.ExpectedConditions$10.apply(ExpectedConditions.java:293)
at org.openqa.selenium.support.ui.ExpectedConditions$10.apply(ExpectedConditions.java:290)
at org.openqa.selenium.support.ui.FluentWait.until(FluentWait.java:208)
at common.utils.Waiters.waitForElementToBeDisplay(Waiters.java:66)
at ui.pages.workqueue.workassign.WorkQueueWorkAssignPage.waitWorkQueueWorkAssignPageToLoad(WorkQueueWorkAssignPage.java:45)
at steps.workqueue.workassign.WorkQueueWorkAssignSteps.waitForWorkQueueTaskPageToLoad(WorkQueueWorkAssignSteps.java:16)
at ✽.Waits for Work Queue Work Assign page to load(file:///E:/GithubBuilds/IgnitionQA/_work/ignition-qa/ignition-qa/AFS_Automation/WMS_Automation/src/test/resources/features/workqueue/assignwork/WorkQueueAssignWorkScreen.feature:9)
]]>
    </failure>
  </testcase> <!-- runScenario -->
  <testcase classname="io.cucumber.testng.AbstractTestNGCucumberTests" name="runScenario" time="55.574">
    <failure type="java.lang.NullPointerException" message="Cannot invoke &amp;quot;org.openqa.selenium.WebElement.isDisplayed()&amp;quot; because &amp;quot;element&amp;quot; is null">
      <![CDATA[java.lang.NullPointerException: Cannot invoke "org.openqa.selenium.WebElement.isDisplayed()" because "element" is null
at org.openqa.selenium.support.ui.ExpectedConditions.elementIfVisible(ExpectedConditions.java:307)
at org.openqa.selenium.support.ui.ExpectedConditions.access$000(ExpectedConditions.java:40)
at org.openqa.selenium.support.ui.ExpectedConditions$10.apply(ExpectedConditions.java:293)
at org.openqa.selenium.support.ui.ExpectedConditions$10.apply(ExpectedConditions.java:290)
at org.openqa.selenium.support.ui.FluentWait.until(FluentWait.java:208)
at common.utils.Waiters.waitForElementToBeDisplay(Waiters.java:66)
at ui.pages.workqueue.workassign.WorkQueueWorkAssignPage.waitWorkQueueWorkAssignPageToLoad(WorkQueueWorkAssignPage.java:45)
at steps.workqueue.workassign.WorkQueueWorkAssignSteps.waitForWorkQueueTaskPageToLoad(WorkQueueWorkAssignSteps.java:16)
at ✽.Waits for Work Queue Work Assign page to load(file:///E:/GithubBuilds/IgnitionQA/_work/ignition-qa/ignition-qa/AFS_Automation/WMS_Automation/src/test/resources/features/workqueue/assignwork/WorkQueueAssignWorkScreen.feature:25)
]]>
    </failure>
  </testcase> <!-- runScenario -->
  <testcase classname="io.cucumber.testng.AbstractTestNGCucumberTests" name="runScenario" time="10.539"/>
</testsuite> <!-- Work Queue verification -->
